#
# There is insufficient memory for the Java Runtime Environment to continue.
# Native memory allocation (mmap) failed to map 434110464 bytes. Error detail: G1 virtual space
# Possible reasons:
#   The system is out of physical RAM or swap space
#   This process is running with CompressedOops enabled, and the Java Heap may be blocking the growth of the native heap
# Possible solutions:
#   Reduce memory load on the system
#   Increase physical memory or swap space
#   Check if swap backing store is full
#   Decrease Java heap size (-Xmx/-Xms)
#   Decrease number of Java threads
#   Decrease Java thread stack sizes (-Xss)
#   Set larger code cache with -XX:ReservedCodeCacheSize=
#   JVM is running with Unscaled Compressed Oops mode in which the Java heap is
#     placed in the first 4GB address space. The Java Heap base address is the
#     maximum limit for the native heap growth. Please use -XX:HeapBaseMinAddress
#     to set the Java Heap base and to place the Java Heap above 4GB virtual address.
# This output file may be truncated or incomplete.
#
#  Out of Memory Error (os_windows.cpp:3925), pid=18136, tid=14928
#
# JRE version: OpenJDK Runtime Environment (21.0.9) (build 21.0.9+-14787801-b1163.94)
# Java VM: OpenJDK 64-Bit Server VM (21.0.9+-14787801-b1163.94, mixed mode, tiered, compressed oops, compressed class ptrs, g1 gc, windows-amd64)
# No core dump will be written. Minidumps are not enabled by default on client versions of Windows
#

---------------  S U M M A R Y ------------

Command Line: -XX:MaxMetaspaceSize=512m -XX:ReservedCodeCacheSize=256m --add-opens=java.base/java.util=ALL-UNNAMED --add-opens=java.base/java.lang=ALL-UNNAMED --add-opens=java.base/java.lang.invoke=ALL-UNNAMED --add-opens=java.prefs/java.util.prefs=ALL-UNNAMED --add-opens=java.base/java.nio.charset=ALL-UNNAMED --add-opens=java.base/java.net=ALL-UNNAMED --add-opens=java.base/java.util.concurrent.atomic=ALL-UNNAMED -Xmx1536m -Dfile.encoding=UTF-8 -Duser.country=IN -Duser.language=en -Duser.variant -javaagent:C:\Users\OWNER\.gradle\wrapper\dists\gradle-8.5-bin\5t9huq95ubn472n8rpzujfbqh\gradle-8.5\lib\agents\gradle-instrumentation-agent-8.5.jar org.gradle.launcher.daemon.bootstrap.GradleDaemon 8.5

Host: Intel(R) Core(TM) i3-1005G1 CPU @ 1.20GHz, 4 cores, 3G,  Windows 11 , 64 bit Build 26100 (10.0.26100.7920)
Time: Wed Apr  1 01:53:41 2026 India Standard Time elapsed time: 215.547104 seconds (0d 0h 3m 35s)

---------------  T H R E A D  ---------------

Current thread (0x000002807ca9fae0):  VMThread "VM Thread"          [id=14928, stack(0x000000960d100000,0x000000960d200000) (1024K)]

Stack: [0x000000960d100000,0x000000960d200000]
Native frames: (J=compiled Java code, j=interpreted, Vv=VM code, C=native code)
V  [jvm.dll+0x6d6c99]
V  [jvm.dll+0x866b83]
V  [jvm.dll+0x8691ae]
V  [jvm.dll+0x869893]
V  [jvm.dll+0x280776]
V  [jvm.dll+0x6d3555]
V  [jvm.dll+0x6c6bea]
V  [jvm.dll+0x3587fb]
V  [jvm.dll+0x360476]
V  [jvm.dll+0x3b2646]
V  [jvm.dll+0x3b2918]
V  [jvm.dll+0x32af0c]
V  [jvm.dll+0x32af97]
V  [jvm.dll+0x370e7c]
V  [jvm.dll+0x36f62e]
V  [jvm.dll+0x32a661]
V  [jvm.dll+0x36ed30]
V  [jvm.dll+0x86f618]
V  [jvm.dll+0x870994]
V  [jvm.dll+0x870ed0]
V  [jvm.dll+0x871163]
V  [jvm.dll+0x80f118]
V  [jvm.dll+0x6d54ed]
C  [ucrtbase.dll+0x37b0]
C  [KERNEL32.DLL+0x2e8d7]
C  [ntdll.dll+0x8c48c]

VM_Operation (0x000000960e5f2720): G1CollectForAllocation, mode: safepoint, requested by thread 0x000002807e44cee0


---------------  P R O C E S S  ---------------

Threads class SMR info:
_java_thread_list=0x0000028008616650, length=37, elements={
0x0000028063597700, 0x000002807cc47a50, 0x000002807cc4c600, 0x000002807cc4d190,
0x000002807cc63d30, 0x000002807cc657a0, 0x000002807cc66200, 0x000002807cc66c60,
0x000002807cc68b30, 0x000002807cc88fd0, 0x000002807cf87ca0, 0x000002807f0f02c0,
0x000002807d2f34a0, 0x000002807d084670, 0x000002807e4a7830, 0x000002807e70de90,
0x000002807f114e30, 0x000002807e44cee0, 0x000002807dafb990, 0x000002807daf98c0,
0x000002807dafb300, 0x000002807dafc020, 0x000002807daf9f50, 0x000002807daf9230,
0x000002807dafa5e0, 0x000002807dafac70, 0x000002807e1d6bf0, 0x000002807e1d7fa0,
0x000002807e1d8cc0, 0x000002807e1d5ed0, 0x000002807e1d8630, 0x000002807e1d7910,
0x000002807e1d9350, 0x000002807e1d99e0, 0x000002807e1da070, 0x000002807e1da700,
0x000002800476b410
}

Java Threads: ( => current thread )
  0x0000028063597700 JavaThread "main"                              [_thread_blocked, id=13572, stack(0x000000960ca00000,0x000000960cb00000) (1024K)]
  0x000002807cc47a50 JavaThread "Common-Cleaner"             daemon [_thread_blocked, id=11216, stack(0x000000960d200000,0x000000960d300000) (1024K)]
  0x000002807cc4c600 JavaThread "Reference Handler"          daemon [_thread_blocked, id=13264, stack(0x000000960d300000,0x000000960d400000) (1024K)]
  0x000002807cc4d190 JavaThread "Finalizer"                  daemon [_thread_blocked, id=3568, stack(0x000000960d400000,0x000000960d500000) (1024K)]
  0x000002807cc63d30 JavaThread "Signal Dispatcher"          daemon [_thread_blocked, id=12656, stack(0x000000960d500000,0x000000960d600000) (1024K)]
  0x000002807cc657a0 JavaThread "Attach Listener"            daemon [_thread_blocked, id=11524, stack(0x000000960d600000,0x000000960d700000) (1024K)]
  0x000002807cc66200 JavaThread "Service Thread"             daemon [_thread_blocked, id=7648, stack(0x000000960d700000,0x000000960d800000) (1024K)]
  0x000002807cc66c60 JavaThread "Monitor Deflation Thread"   daemon [_thread_blocked, id=1604, stack(0x000000960d800000,0x000000960d900000) (1024K)]
  0x000002807cc68b30 JavaThread "C2 CompilerThread0"         daemon [_thread_blocked, id=8344, stack(0x000000960d900000,0x000000960da00000) (1024K)]
  0x000002807cc88fd0 JavaThread "C1 CompilerThread0"         daemon [_thread_blocked, id=10988, stack(0x000000960da00000,0x000000960db00000) (1024K)]
  0x000002807cf87ca0 JavaThread "Notification Thread"        daemon [_thread_blocked, id=12272, stack(0x000000960db00000,0x000000960dc00000) (1024K)]
  0x000002807f0f02c0 JavaThread "Daemon health stats"               [_thread_blocked, id=6396, stack(0x000000960df00000,0x000000960e000000) (1024K)]
  0x000002807d2f34a0 JavaThread "Incoming local TCP Connector on port 61802"        [_thread_in_native, id=18192, stack(0x000000960e000000,0x000000960e100000) (1024K)]
  0x000002807d084670 JavaThread "Daemon periodic checks"            [_thread_blocked, id=5536, stack(0x000000960e100000,0x000000960e200000) (1024K)]
  0x000002807e4a7830 JavaThread "Daemon"                            [_thread_blocked, id=11564, stack(0x000000960e200000,0x000000960e300000) (1024K)]
  0x000002807e70de90 JavaThread "Handler for socket connection from /127.0.0.1:61802 to /127.0.0.1:61803"        [_thread_in_native, id=1628, stack(0x000000960e300000,0x000000960e400000) (1024K)]
  0x000002807f114e30 JavaThread "Cancel handler"                    [_thread_blocked, id=18304, stack(0x000000960e400000,0x000000960e500000) (1024K)]
  0x000002807e44cee0 JavaThread "Daemon worker"                     [_thread_blocked, id=4016, stack(0x000000960e500000,0x000000960e600000) (1024K)]
  0x000002807dafb990 JavaThread "Asynchronous log dispatcher for DefaultDaemonConnection: socket connection from /127.0.0.1:61802 to /127.0.0.1:61803"        [_thread_blocked, id=8632, stack(0x000000960e600000,0x000000960e700000) (1024K)]
  0x000002807daf98c0 JavaThread "Stdin handler"                     [_thread_blocked, id=13976, stack(0x000000960e700000,0x000000960e800000) (1024K)]
  0x000002807dafb300 JavaThread "Daemon client event forwarder"        [_thread_blocked, id=8464, stack(0x000000960e800000,0x000000960e900000) (1024K)]
  0x000002807dafc020 JavaThread "Cache worker for journal cache (C:\Users\OWNER\.gradle\caches\journal-1)"        [_thread_blocked, id=3864, stack(0x000000960e900000,0x000000960ea00000) (1024K)]
  0x000002807daf9f50 JavaThread "File lock request listener"        [_thread_in_native, id=15344, stack(0x000000960ea00000,0x000000960eb00000) (1024K)]
  0x000002807daf9230 JavaThread "Cache worker for file hash cache (C:\Users\OWNER\.gradle\caches\8.5\fileHashes)"        [_thread_blocked, id=796, stack(0x000000960eb00000,0x000000960ec00000) (1024K)]
  0x000002807dafa5e0 JavaThread "File watcher server"        daemon [_thread_in_native, id=8424, stack(0x000000960ec00000,0x000000960ed00000) (1024K)]
  0x000002807dafac70 JavaThread "File watcher consumer"      daemon [_thread_blocked, id=1180, stack(0x000000960ed00000,0x000000960ee00000) (1024K)]
  0x000002807e1d6bf0 JavaThread "jar transforms"                    [_thread_blocked, id=16476, stack(0x000000960ee00000,0x000000960ef00000) (1024K)]
  0x000002807e1d7fa0 JavaThread "jar transforms Thread 2"           [_thread_blocked, id=5436, stack(0x000000960ef00000,0x000000960f000000) (1024K)]
  0x000002807e1d8cc0 JavaThread "jar transforms Thread 3"           [_thread_blocked, id=1440, stack(0x000000960f000000,0x000000960f100000) (1024K)]
  0x000002807e1d5ed0 JavaThread "jar transforms Thread 4"           [_thread_blocked, id=8472, stack(0x000000960f100000,0x000000960f200000) (1024K)]
  0x000002807e1d8630 JavaThread "Cache worker for checksums cache (C:\Users\OWNER\AndroidStudioProjects\notesapp\.gradle\8.5\checksums)"        [_thread_blocked, id=14768, stack(0x000000960f200000,0x000000960f300000) (1024K)]
  0x000002807e1d7910 JavaThread "Cache worker for file hash cache (C:\Users\OWNER\AndroidStudioProjects\notesapp\.gradle\8.5\fileHashes)"        [_thread_blocked, id=10404, stack(0x000000960f400000,0x000000960f500000) (1024K)]
  0x000002807e1d9350 JavaThread "Cache worker for cache directory md-supplier (C:\Users\OWNER\.gradle\caches\8.5\md-supplier)"        [_thread_blocked, id=15676, stack(0x000000960f500000,0x000000960f600000) (1024K)]
  0x000002807e1d99e0 JavaThread "Cache worker for cache directory md-rule (C:\Users\OWNER\.gradle\caches\8.5\md-rule)"        [_thread_blocked, id=13616, stack(0x000000960f600000,0x000000960f700000) (1024K)]
  0x000002807e1da070 JavaThread "Cache worker for file content cache (C:\Users\OWNER\.gradle\caches\8.5\fileContent)"        [_thread_blocked, id=17356, stack(0x000000960f700000,0x000000960f800000) (1024K)]
  0x000002807e1da700 JavaThread "Cache worker for execution history cache (C:\Users\OWNER\.gradle\caches\8.5\executionHistory)"        [_thread_blocked, id=4884, stack(0x000000960f800000,0x000000960f900000) (1024K)]
  0x000002800476b410 JavaThread "Cache worker for kotlin-dsl (C:\Users\OWNER\.gradle\caches\8.5\kotlin-dsl)"        [_thread_blocked, id=15656, stack(0x000000960c700000,0x000000960c800000) (1024K)]
Total: 37

Other Threads:
=>0x000002807ca9fae0 VMThread "VM Thread"                           [id=14928, stack(0x000000960d100000,0x000000960d200000) (1024K)]
  0x000002807ca00d40 WatcherThread "VM Periodic Task Thread"        [id=13772, stack(0x000000960d000000,0x000000960d100000) (1024K)]
  0x00000280635e14f0 WorkerThread "GC Thread#0"                     [id=13156, stack(0x000000960cb00000,0x000000960cc00000) (1024K)]
  0x000002807cfc23d0 WorkerThread "GC Thread#1"                     [id=9112, stack(0x000000960dc00000,0x000000960dd00000) (1024K)]
  0x000002807d0e3350 WorkerThread "GC Thread#2"                     [id=12888, stack(0x000000960dd00000,0x000000960de00000) (1024K)]
  0x000002807cd6a720 WorkerThread "GC Thread#3"                     [id=14452, stack(0x000000960de00000,0x000000960df00000) (1024K)]
  0x00000280635ef220 ConcurrentGCThread "G1 Main Marker"            [id=9000, stack(0x000000960cc00000,0x000000960cd00000) (1024K)]
  0x00000280635f0ae0 WorkerThread "G1 Conc#0"                       [id=12500, stack(0x000000960cd00000,0x000000960ce00000) (1024K)]
  0x000002806364c860 ConcurrentGCThread "G1 Refine#0"               [id=6720, stack(0x000000960ce00000,0x000000960cf00000) (1024K)]
  0x000002806364d180 ConcurrentGCThread "G1 Service"                [id=6096, stack(0x000000960cf00000,0x000000960d000000) (1024K)]
Total: 10

Threads with active compile tasks:
Total: 0

VM state: at safepoint (normal execution)

VM Mutex/Monitor currently owned by a thread:  ([mutex/lock_event])
[0x00007ffb4f458690] Threads_lock - owner thread: 0x000002807ca9fae0
[0x00007ffb4f458790] Heap_lock - owner thread: 0x000002807e44cee0

Heap address: 0x00000000a0000000, size: 1536 MB, Compressed Oops mode: 32-bit

CDS archive(s) not mapped
Compressed class space mapped at: 0x0000000100000000-0x000000011a000000, reserved size: 436207616
Narrow klass base: 0x0000000000000000, Narrow klass shift: 3, Narrow klass range: 0x11a000000

GC Precious Log:
 CardTable entry size: 512
 Card Set container configuration: InlinePtr #cards 5 size 8 Array Of Cards #cards 12 size 40 Howl #buckets 4 coarsen threshold 1843 Howl Bitmap #cards 512 size 80 coarsen threshold 460 Card regions per heap region 1 cards per card region 2048
 CPUs: 4 total, 4 available
 Memory: 3877M
 Large Page Support: Disabled
 NUMA Support: Disabled
 Compressed Oops: Enabled (32-bit)
 Heap Region Size: 1M
 Heap Min Capacity: 8M
 Heap Initial Capacity: 62M
 Heap Max Capacity: 1536M
 Pre-touch: Disabled
 Parallel Workers: 4
 Concurrent Workers: 1
 Concurrent Refinement Workers: 4
 Periodic GC: Disabled

Heap:
 garbage-first heap   total 211968K, used 70617K [0x00000000a0000000, 0x0000000100000000)
  region size 1024K, 3 young (3072K), 3 survivors (3072K)
 Metaspace       used 82002K, committed 83456K, reserved 557056K
  class space    used 11389K, committed 12096K, reserved 425984K

Heap Regions: E=young(eden), S=young(survivor), O=old, HS=humongous(starts), HC=humongous(continues), CS=collection set, F=free, TAMS=top-at-mark-start, PB=parsable bottom
|   0|0x00000000a0000000, 0x00000000a0100000, 0x00000000a0100000|100%|HS|  |TAMS 0x00000000a0100000| PB 0x00000000a0000000| Complete 
|   1|0x00000000a0100000, 0x00000000a0200000, 0x00000000a0200000|100%|HC|  |TAMS 0x00000000a0200000| PB 0x00000000a0100000| Complete 
|   2|0x00000000a0200000, 0x00000000a0300000, 0x00000000a0300000|100%|HC|  |TAMS 0x00000000a0300000| PB 0x00000000a0200000| Complete 
|   3|0x00000000a0300000, 0x00000000a0400000, 0x00000000a0400000|100%|HC|  |TAMS 0x00000000a0400000| PB 0x00000000a0300000| Complete 
|   4|0x00000000a0400000, 0x00000000a0500000, 0x00000000a0500000|100%|HS|  |TAMS 0x00000000a0500000| PB 0x00000000a0400000| Complete 
|   5|0x00000000a0500000, 0x00000000a0600000, 0x00000000a0600000|100%| O|  |TAMS 0x00000000a0600000| PB 0x00000000a0500000| Untracked 
|   6|0x00000000a0600000, 0x00000000a0700000, 0x00000000a0700000|100%| O|  |TAMS 0x00000000a0700000| PB 0x00000000a0600000| Untracked 
|   7|0x00000000a0700000, 0x00000000a0800000, 0x00000000a0800000|100%| O|  |TAMS 0x00000000a0800000| PB 0x00000000a0700000| Untracked 
|   8|0x00000000a0800000, 0x00000000a0900000, 0x00000000a0900000|100%| O|  |TAMS 0x00000000a0900000| PB 0x00000000a0800000| Untracked 
|   9|0x00000000a0900000, 0x00000000a0a00000, 0x00000000a0a00000|100%| O|  |TAMS 0x00000000a0a00000| PB 0x00000000a0900000| Untracked 
|  10|0x00000000a0a00000, 0x00000000a0b00000, 0x00000000a0b00000|100%| O|  |TAMS 0x00000000a0b00000| PB 0x00000000a0a00000| Untracked 
|  11|0x00000000a0b00000, 0x00000000a0c00000, 0x00000000a0c00000|100%| O|  |TAMS 0x00000000a0c00000| PB 0x00000000a0b00000| Untracked 
|  12|0x00000000a0c00000, 0x00000000a0d00000, 0x00000000a0d00000|100%| O|  |TAMS 0x00000000a0d00000| PB 0x00000000a0c00000| Untracked 
|  13|0x00000000a0d00000, 0x00000000a0e00000, 0x00000000a0e00000|100%| O|  |TAMS 0x00000000a0e00000| PB 0x00000000a0d00000| Untracked 
|  14|0x00000000a0e00000, 0x00000000a0f00000, 0x00000000a0f00000|100%| O|  |TAMS 0x00000000a0f00000| PB 0x00000000a0e00000| Untracked 
|  15|0x00000000a0f00000, 0x00000000a1000000, 0x00000000a1000000|100%| O|  |TAMS 0x00000000a1000000| PB 0x00000000a0f00000| Untracked 
|  16|0x00000000a1000000, 0x00000000a1100000, 0x00000000a1100000|100%| O|  |TAMS 0x00000000a1100000| PB 0x00000000a1000000| Untracked 
|  17|0x00000000a1100000, 0x00000000a1200000, 0x00000000a1200000|100%| O|  |TAMS 0x00000000a1200000| PB 0x00000000a1100000| Untracked 
|  18|0x00000000a1200000, 0x00000000a1300000, 0x00000000a1300000|100%| O|  |TAMS 0x00000000a1300000| PB 0x00000000a1200000| Untracked 
|  19|0x00000000a1300000, 0x00000000a1400000, 0x00000000a1400000|100%| O|  |TAMS 0x00000000a1400000| PB 0x00000000a1300000| Untracked 
|  20|0x00000000a1400000, 0x00000000a1500000, 0x00000000a1500000|100%|HS|  |TAMS 0x00000000a1500000| PB 0x00000000a1400000| Complete 
|  21|0x00000000a1500000, 0x00000000a1600000, 0x00000000a1600000|100%|HC|  |TAMS 0x00000000a1600000| PB 0x00000000a1500000| Complete 
|  22|0x00000000a1600000, 0x00000000a1700000, 0x00000000a1700000|100%|HC|  |TAMS 0x00000000a1700000| PB 0x00000000a1600000| Complete 
|  23|0x00000000a1700000, 0x00000000a1800000, 0x00000000a1800000|100%|HC|  |TAMS 0x00000000a1800000| PB 0x00000000a1700000| Complete 
|  24|0x00000000a1800000, 0x00000000a1900000, 0x00000000a1900000|100%|HC|  |TAMS 0x00000000a1900000| PB 0x00000000a1800000| Complete 
|  25|0x00000000a1900000, 0x00000000a1a00000, 0x00000000a1a00000|100%|HC|  |TAMS 0x00000000a1a00000| PB 0x00000000a1900000| Complete 
|  26|0x00000000a1a00000, 0x00000000a1b00000, 0x00000000a1b00000|100%|HS|  |TAMS 0x00000000a1b00000| PB 0x00000000a1a00000| Complete 
|  27|0x00000000a1b00000, 0x00000000a1c00000, 0x00000000a1c00000|100%|HC|  |TAMS 0x00000000a1c00000| PB 0x00000000a1b00000| Complete 
|  28|0x00000000a1c00000, 0x00000000a1d00000, 0x00000000a1d00000|100%|HS|  |TAMS 0x00000000a1d00000| PB 0x00000000a1c00000| Complete 
|  29|0x00000000a1d00000, 0x00000000a1e00000, 0x00000000a1e00000|100%|HC|  |TAMS 0x00000000a1e00000| PB 0x00000000a1d00000| Complete 
|  30|0x00000000a1e00000, 0x00000000a1f00000, 0x00000000a1f00000|100%|HS|  |TAMS 0x00000000a1f00000| PB 0x00000000a1e00000| Complete 
|  31|0x00000000a1f00000, 0x00000000a2000000, 0x00000000a2000000|100%| O|  |TAMS 0x00000000a2000000| PB 0x00000000a1f00000| Untracked 
|  32|0x00000000a2000000, 0x00000000a2100000, 0x00000000a2100000|100%| O|  |TAMS 0x00000000a2100000| PB 0x00000000a2000000| Untracked 
|  33|0x00000000a2100000, 0x00000000a2200000, 0x00000000a2200000|100%| O|  |TAMS 0x00000000a2200000| PB 0x00000000a2100000| Untracked 
|  34|0x00000000a2200000, 0x00000000a2300000, 0x00000000a2300000|100%|HS|  |TAMS 0x00000000a2300000| PB 0x00000000a2200000| Complete 
|  35|0x00000000a2300000, 0x00000000a2400000, 0x00000000a2400000|100%|HC|  |TAMS 0x00000000a2400000| PB 0x00000000a2300000| Complete 
|  36|0x00000000a2400000, 0x00000000a2500000, 0x00000000a2500000|100%|HC|  |TAMS 0x00000000a2500000| PB 0x00000000a2400000| Complete 
|  37|0x00000000a2500000, 0x00000000a2600000, 0x00000000a2600000|100%|HC|  |TAMS 0x00000000a2600000| PB 0x00000000a2500000| Complete 
|  38|0x00000000a2600000, 0x00000000a2700000, 0x00000000a2700000|100%|HC|  |TAMS 0x00000000a2700000| PB 0x00000000a2600000| Complete 
|  39|0x00000000a2700000, 0x00000000a2800000, 0x00000000a2800000|100%|HC|  |TAMS 0x00000000a2800000| PB 0x00000000a2700000| Complete 
|  40|0x00000000a2800000, 0x00000000a2900000, 0x00000000a2900000|100%| O|  |TAMS 0x00000000a28ef5c0| PB 0x00000000a2800000| Untracked 
|  41|0x00000000a2900000, 0x00000000a2a00000, 0x00000000a2a00000|100%| O|  |TAMS 0x00000000a2a00000| PB 0x00000000a2900000| Untracked 
|  42|0x00000000a2a00000, 0x00000000a2b00000, 0x00000000a2b00000|100%| O|  |TAMS 0x00000000a2b00000| PB 0x00000000a2a00000| Untracked 
|  43|0x00000000a2b00000, 0x00000000a2c00000, 0x00000000a2c00000|100%| O|  |TAMS 0x00000000a2c00000| PB 0x00000000a2b00000| Untracked 
|  44|0x00000000a2c00000, 0x00000000a2d00000, 0x00000000a2d00000|100%| O|  |TAMS 0x00000000a2d00000| PB 0x00000000a2c00000| Untracked 
|  45|0x00000000a2d00000, 0x00000000a2e00000, 0x00000000a2e00000|100%| O|  |TAMS 0x00000000a2e00000| PB 0x00000000a2d00000| Untracked 
|  46|0x00000000a2e00000, 0x00000000a2f00000, 0x00000000a2f00000|100%| O|  |TAMS 0x00000000a2f00000| PB 0x00000000a2e00000| Untracked 
|  47|0x00000000a2f00000, 0x00000000a3000000, 0x00000000a3000000|100%| O|  |TAMS 0x00000000a3000000| PB 0x00000000a2f00000| Untracked 
|  48|0x00000000a3000000, 0x00000000a3100000, 0x00000000a3100000|100%| O|  |TAMS 0x00000000a3100000| PB 0x00000000a3000000| Untracked 
|  49|0x00000000a3100000, 0x00000000a3200000, 0x00000000a3200000|100%| O|  |TAMS 0x00000000a3200000| PB 0x00000000a3100000| Untracked 
|  50|0x00000000a3200000, 0x00000000a3300000, 0x00000000a3300000|100%| O|  |TAMS 0x00000000a3300000| PB 0x00000000a3200000| Untracked 
|  51|0x00000000a3300000, 0x00000000a3400000, 0x00000000a3400000|100%| O|  |TAMS 0x00000000a3400000| PB 0x00000000a3300000| Untracked 
|  52|0x00000000a3400000, 0x00000000a3500000, 0x00000000a3500000|100%| O|  |TAMS 0x00000000a3500000| PB 0x00000000a3400000| Untracked 
|  53|0x00000000a3500000, 0x00000000a3600000, 0x00000000a3600000|100%| O|  |TAMS 0x00000000a3600000| PB 0x00000000a3500000| Untracked 
|  54|0x00000000a3600000, 0x00000000a3606eb8, 0x00000000a3700000|  2%| O|  |TAMS 0x00000000a3600000| PB 0x00000000a3600000| Untracked 
|  55|0x00000000a3700000, 0x00000000a3800000, 0x00000000a3800000|100%| O|  |TAMS 0x00000000a3800000| PB 0x00000000a3700000| Untracked 
|  56|0x00000000a3800000, 0x00000000a3800000, 0x00000000a3900000|  0%| F|  |TAMS 0x00000000a3800000| PB 0x00000000a3800000| Untracked 
|  57|0x00000000a3900000, 0x00000000a3a00000, 0x00000000a3a00000|100%| O|  |TAMS 0x00000000a3a00000| PB 0x00000000a3900000| Untracked 
|  58|0x00000000a3a00000, 0x00000000a3b00000, 0x00000000a3b00000|100%| O|  |TAMS 0x00000000a3b00000| PB 0x00000000a3a00000| Untracked 
|  59|0x00000000a3b00000, 0x00000000a3c00000, 0x00000000a3c00000|100%| O|  |TAMS 0x00000000a3c00000| PB 0x00000000a3b00000| Untracked 
|  60|0x00000000a3c00000, 0x00000000a3d00000, 0x00000000a3d00000|100%| O|  |TAMS 0x00000000a3d00000| PB 0x00000000a3c00000| Untracked 
|  61|0x00000000a3d00000, 0x00000000a3e00000, 0x00000000a3e00000|100%| O|  |TAMS 0x00000000a3e00000| PB 0x00000000a3d00000| Untracked 
|  62|0x00000000a3e00000, 0x00000000a3f00000, 0x00000000a3f00000|100%| O|  |TAMS 0x00000000a3f00000| PB 0x00000000a3e00000| Untracked 
|  63|0x00000000a3f00000, 0x00000000a3f00000, 0x00000000a4000000|  0%| F|  |TAMS 0x00000000a3f00000| PB 0x00000000a3f00000| Untracked 
|  64|0x00000000a4000000, 0x00000000a4000000, 0x00000000a4100000|  0%| F|  |TAMS 0x00000000a4000000| PB 0x00000000a4000000| Untracked 
|  65|0x00000000a4100000, 0x00000000a4100000, 0x00000000a4200000|  0%| F|  |TAMS 0x00000000a4100000| PB 0x00000000a4100000| Untracked 
|  66|0x00000000a4200000, 0x00000000a4200000, 0x00000000a4300000|  0%| F|  |TAMS 0x00000000a4200000| PB 0x00000000a4200000| Untracked 
|  67|0x00000000a4300000, 0x00000000a4300000, 0x00000000a4400000|  0%| F|  |TAMS 0x00000000a4300000| PB 0x00000000a4300000| Untracked 
|  68|0x00000000a4400000, 0x00000000a4400000, 0x00000000a4500000|  0%| F|  |TAMS 0x00000000a4400000| PB 0x00000000a4400000| Untracked 
|  69|0x00000000a4500000, 0x00000000a4600000, 0x00000000a4600000|100%| O|  |TAMS 0x00000000a4600000| PB 0x00000000a4500000| Untracked 
|  70|0x00000000a4600000, 0x00000000a4600000, 0x00000000a4700000|  0%| F|  |TAMS 0x00000000a4600000| PB 0x00000000a4600000| Untracked 
|  71|0x00000000a4700000, 0x00000000a4700000, 0x00000000a4800000|  0%| F|  |TAMS 0x00000000a4700000| PB 0x00000000a4700000| Untracked 
|  72|0x00000000a4800000, 0x00000000a4800000, 0x00000000a4900000|  0%| F|  |TAMS 0x00000000a4800000| PB 0x00000000a4800000| Untracked 
|  73|0x00000000a4900000, 0x00000000a4900000, 0x00000000a4a00000|  0%| F|  |TAMS 0x00000000a4900000| PB 0x00000000a4900000| Untracked 
|  74|0x00000000a4a00000, 0x00000000a4a00000, 0x00000000a4b00000|  0%| F|  |TAMS 0x00000000a4a00000| PB 0x00000000a4a00000| Untracked 
|  75|0x00000000a4b00000, 0x00000000a4b00000, 0x00000000a4c00000|  0%| F|  |TAMS 0x00000000a4b00000| PB 0x00000000a4b00000| Untracked 
|  76|0x00000000a4c00000, 0x00000000a4cef5c0, 0x00000000a4d00000| 93%| S|CS|TAMS 0x00000000a4c00000| PB 0x00000000a4c00000| Complete 
|  77|0x00000000a4d00000, 0x00000000a4e00000, 0x00000000a4e00000|100%| S|CS|TAMS 0x00000000a4d00000| PB 0x00000000a4d00000| Complete 
|  78|0x00000000a4e00000, 0x00000000a4f00000, 0x00000000a4f00000|100%| S|CS|TAMS 0x00000000a4e00000| PB 0x00000000a4e00000| Complete 
|  79|0x00000000a4f00000, 0x00000000a4f00000, 0x00000000a5000000|  0%| F|  |TAMS 0x00000000a4f00000| PB 0x00000000a4f00000| Untracked 
|  80|0x00000000a5000000, 0x00000000a5000000, 0x00000000a5100000|  0%| F|  |TAMS 0x00000000a5000000| PB 0x00000000a5000000| Untracked 
|  81|0x00000000a5100000, 0x00000000a5100000, 0x00000000a5200000|  0%| F|  |TAMS 0x00000000a5100000| PB 0x00000000a5100000| Untracked 
|  82|0x00000000a5200000, 0x00000000a5200000, 0x00000000a5300000|  0%| F|  |TAMS 0x00000000a5200000| PB 0x00000000a5200000| Untracked 
|  83|0x00000000a5300000, 0x00000000a5300000, 0x00000000a5400000|  0%| F|  |TAMS 0x00000000a5300000| PB 0x00000000a5300000| Untracked 
|  84|0x00000000a5400000, 0x00000000a5400000, 0x00000000a5500000|  0%| F|  |TAMS 0x00000000a5400000| PB 0x00000000a5400000| Untracked 
|  85|0x00000000a5500000, 0x00000000a5500000, 0x00000000a5600000|  0%| F|  |TAMS 0x00000000a5500000| PB 0x00000000a5500000| Untracked 
|  86|0x00000000a5600000, 0x00000000a5600000, 0x00000000a5700000|  0%| F|  |TAMS 0x00000000a5600000| PB 0x00000000a5600000| Untracked 
|  87|0x00000000a5700000, 0x00000000a5700000, 0x00000000a5800000|  0%| F|  |TAMS 0x00000000a5700000| PB 0x00000000a5700000| Untracked 
|  88|0x00000000a5800000, 0x00000000a5800000, 0x00000000a5900000|  0%| F|  |TAMS 0x00000000a5800000| PB 0x00000000a5800000| Untracked 
|  89|0x00000000a5900000, 0x00000000a5900000, 0x00000000a5a00000|  0%| F|  |TAMS 0x00000000a5900000| PB 0x00000000a5900000| Untracked 
|  90|0x00000000a5a00000, 0x00000000a5a00000, 0x00000000a5b00000|  0%| F|  |TAMS 0x00000000a5a00000| PB 0x00000000a5a00000| Untracked 
|  91|0x00000000a5b00000, 0x00000000a5b00000, 0x00000000a5c00000|  0%| F|  |TAMS 0x00000000a5b00000| PB 0x00000000a5b00000| Untracked 
|  92|0x00000000a5c00000, 0x00000000a5c00000, 0x00000000a5d00000|  0%| F|  |TAMS 0x00000000a5c00000| PB 0x00000000a5c00000| Untracked 
|  93|0x00000000a5d00000, 0x00000000a5d00000, 0x00000000a5e00000|  0%| F|  |TAMS 0x00000000a5d00000| PB 0x00000000a5d00000| Untracked 
|  94|0x00000000a5e00000, 0x00000000a5e00000, 0x00000000a5f00000|  0%| F|  |TAMS 0x00000000a5e00000| PB 0x00000000a5e00000| Untracked 
|  95|0x00000000a5f00000, 0x00000000a5f00000, 0x00000000a6000000|  0%| F|  |TAMS 0x00000000a5f00000| PB 0x00000000a5f00000| Untracked 
|  96|0x00000000a6000000, 0x00000000a6000000, 0x00000000a6100000|  0%| F|  |TAMS 0x00000000a6000000| PB 0x00000000a6000000| Untracked 
|  97|0x00000000a6100000, 0x00000000a6100000, 0x00000000a6200000|  0%| F|  |TAMS 0x00000000a6100000| PB 0x00000000a6100000| Untracked 
|  98|0x00000000a6200000, 0x00000000a6200000, 0x00000000a6300000|  0%| F|  |TAMS 0x00000000a6200000| PB 0x00000000a6200000| Untracked 
|  99|0x00000000a6300000, 0x00000000a6300000, 0x00000000a6400000|  0%| F|  |TAMS 0x00000000a6300000| PB 0x00000000a6300000| Untracked 
| 100|0x00000000a6400000, 0x00000000a6400000, 0x00000000a6500000|  0%| F|  |TAMS 0x00000000a6400000| PB 0x00000000a6400000| Untracked 
| 101|0x00000000a6500000, 0x00000000a6500000, 0x00000000a6600000|  0%| F|  |TAMS 0x00000000a6500000| PB 0x00000000a6500000| Untracked 
| 102|0x00000000a6600000, 0x00000000a6600000, 0x00000000a6700000|  0%| F|  |TAMS 0x00000000a6600000| PB 0x00000000a6600000| Untracked 
| 103|0x00000000a6700000, 0x00000000a6700000, 0x00000000a6800000|  0%| F|  |TAMS 0x00000000a6700000| PB 0x00000000a6700000| Untracked 
| 104|0x00000000a6800000, 0x00000000a6800000, 0x00000000a6900000|  0%| F|  |TAMS 0x00000000a6800000| PB 0x00000000a6800000| Untracked 
| 105|0x00000000a6900000, 0x00000000a6900000, 0x00000000a6a00000|  0%| F|  |TAMS 0x00000000a6900000| PB 0x00000000a6900000| Untracked 
| 106|0x00000000a6a00000, 0x00000000a6a00000, 0x00000000a6b00000|  0%| F|  |TAMS 0x00000000a6a00000| PB 0x00000000a6a00000| Untracked 
| 107|0x00000000a6b00000, 0x00000000a6b00000, 0x00000000a6c00000|  0%| F|  |TAMS 0x00000000a6b00000| PB 0x00000000a6b00000| Untracked 
| 108|0x00000000a6c00000, 0x00000000a6c00000, 0x00000000a6d00000|  0%| F|  |TAMS 0x00000000a6c00000| PB 0x00000000a6c00000| Untracked 
| 109|0x00000000a6d00000, 0x00000000a6d00000, 0x00000000a6e00000|  0%| F|  |TAMS 0x00000000a6d00000| PB 0x00000000a6d00000| Untracked 
| 110|0x00000000a6e00000, 0x00000000a6e00000, 0x00000000a6f00000|  0%| F|  |TAMS 0x00000000a6e00000| PB 0x00000000a6e00000| Untracked 
| 111|0x00000000a6f00000, 0x00000000a6f00000, 0x00000000a7000000|  0%| F|  |TAMS 0x00000000a6f00000| PB 0x00000000a6f00000| Untracked 
| 112|0x00000000a7000000, 0x00000000a7000000, 0x00000000a7100000|  0%| F|  |TAMS 0x00000000a7000000| PB 0x00000000a7000000| Untracked 
| 113|0x00000000a7100000, 0x00000000a7100000, 0x00000000a7200000|  0%| F|  |TAMS 0x00000000a7100000| PB 0x00000000a7100000| Untracked 
| 114|0x00000000a7200000, 0x00000000a7200000, 0x00000000a7300000|  0%| F|  |TAMS 0x00000000a7200000| PB 0x00000000a7200000| Untracked 
| 115|0x00000000a7300000, 0x00000000a7300000, 0x00000000a7400000|  0%| F|  |TAMS 0x00000000a7300000| PB 0x00000000a7300000| Untracked 
| 116|0x00000000a7400000, 0x00000000a7400000, 0x00000000a7500000|  0%| F|  |TAMS 0x00000000a7400000| PB 0x00000000a7400000| Untracked 
| 117|0x00000000a7500000, 0x00000000a7500000, 0x00000000a7600000|  0%| F|  |TAMS 0x00000000a7500000| PB 0x00000000a7500000| Untracked 
| 118|0x00000000a7600000, 0x00000000a7600000, 0x00000000a7700000|  0%| F|  |TAMS 0x00000000a7600000| PB 0x00000000a7600000| Untracked 
| 119|0x00000000a7700000, 0x00000000a7700000, 0x00000000a7800000|  0%| F|  |TAMS 0x00000000a7700000| PB 0x00000000a7700000| Untracked 
| 120|0x00000000a7800000, 0x00000000a7800000, 0x00000000a7900000|  0%| F|  |TAMS 0x00000000a7800000| PB 0x00000000a7800000| Untracked 
| 121|0x00000000a7900000, 0x00000000a7900000, 0x00000000a7a00000|  0%| F|  |TAMS 0x00000000a7900000| PB 0x00000000a7900000| Untracked 
| 122|0x00000000a7a00000, 0x00000000a7a00000, 0x00000000a7b00000|  0%| F|  |TAMS 0x00000000a7a00000| PB 0x00000000a7a00000| Untracked 
| 123|0x00000000a7b00000, 0x00000000a7b00000, 0x00000000a7c00000|  0%| F|  |TAMS 0x00000000a7b00000| PB 0x00000000a7b00000| Untracked 
| 124|0x00000000a7c00000, 0x00000000a7c00000, 0x00000000a7d00000|  0%| F|  |TAMS 0x00000000a7c00000| PB 0x00000000a7c00000| Untracked 
| 125|0x00000000a7d00000, 0x00000000a7d00000, 0x00000000a7e00000|  0%| F|  |TAMS 0x00000000a7d00000| PB 0x00000000a7d00000| Untracked 
| 126|0x00000000a7e00000, 0x00000000a7e00000, 0x00000000a7f00000|  0%| F|  |TAMS 0x00000000a7e00000| PB 0x00000000a7e00000| Untracked 
| 127|0x00000000a7f00000, 0x00000000a7f00000, 0x00000000a8000000|  0%| F|  |TAMS 0x00000000a7f00000| PB 0x00000000a7f00000| Untracked 
| 128|0x00000000a8000000, 0x00000000a8000000, 0x00000000a8100000|  0%| F|  |TAMS 0x00000000a8000000| PB 0x00000000a8000000| Untracked 
| 129|0x00000000a8100000, 0x00000000a8100000, 0x00000000a8200000|  0%| F|  |TAMS 0x00000000a8100000| PB 0x00000000a8100000| Untracked 
| 130|0x00000000a8200000, 0x00000000a8200000, 0x00000000a8300000|  0%| F|  |TAMS 0x00000000a8200000| PB 0x00000000a8200000| Untracked 
| 131|0x00000000a8300000, 0x00000000a8300000, 0x00000000a8400000|  0%| F|  |TAMS 0x00000000a8300000| PB 0x00000000a8300000| Untracked 
| 132|0x00000000a8400000, 0x00000000a8400000, 0x00000000a8500000|  0%| F|  |TAMS 0x00000000a8400000| PB 0x00000000a8400000| Untracked 
| 133|0x00000000a8500000, 0x00000000a8500000, 0x00000000a8600000|  0%| F|  |TAMS 0x00000000a8500000| PB 0x00000000a8500000| Untracked 
| 134|0x00000000a8600000, 0x00000000a8600000, 0x00000000a8700000|  0%| F|  |TAMS 0x00000000a8600000| PB 0x00000000a8600000| Untracked 
| 135|0x00000000a8700000, 0x00000000a8700000, 0x00000000a8800000|  0%| F|  |TAMS 0x00000000a8700000| PB 0x00000000a8700000| Untracked 
| 136|0x00000000a8800000, 0x00000000a8800000, 0x00000000a8900000|  0%| F|  |TAMS 0x00000000a8800000| PB 0x00000000a8800000| Untracked 
| 137|0x00000000a8900000, 0x00000000a8900000, 0x00000000a8a00000|  0%| F|  |TAMS 0x00000000a8900000| PB 0x00000000a8900000| Untracked 
| 138|0x00000000a8a00000, 0x00000000a8a00000, 0x00000000a8b00000|  0%| F|  |TAMS 0x00000000a8a00000| PB 0x00000000a8a00000| Untracked 
| 139|0x00000000a8b00000, 0x00000000a8b00000, 0x00000000a8c00000|  0%| F|  |TAMS 0x00000000a8b00000| PB 0x00000000a8b00000| Untracked 
| 140|0x00000000a8c00000, 0x00000000a8c00000, 0x00000000a8d00000|  0%| F|  |TAMS 0x00000000a8c00000| PB 0x00000000a8c00000| Untracked 
| 141|0x00000000a8d00000, 0x00000000a8d00000, 0x00000000a8e00000|  0%| F|  |TAMS 0x00000000a8d00000| PB 0x00000000a8d00000| Untracked 
| 142|0x00000000a8e00000, 0x00000000a8e00000, 0x00000000a8f00000|  0%| F|  |TAMS 0x00000000a8e00000| PB 0x00000000a8e00000| Untracked 
| 143|0x00000000a8f00000, 0x00000000a8f00000, 0x00000000a9000000|  0%| F|  |TAMS 0x00000000a8f00000| PB 0x00000000a8f00000| Untracked 
| 144|0x00000000a9000000, 0x00000000a9000000, 0x00000000a9100000|  0%| F|  |TAMS 0x00000000a9000000| PB 0x00000000a9000000| Untracked 
| 145|0x00000000a9100000, 0x00000000a9100000, 0x00000000a9200000|  0%| F|  |TAMS 0x00000000a9100000| PB 0x00000000a9100000| Untracked 
| 146|0x00000000a9200000, 0x00000000a9200000, 0x00000000a9300000|  0%| F|  |TAMS 0x00000000a9200000| PB 0x00000000a9200000| Untracked 
| 147|0x00000000a9300000, 0x00000000a9300000, 0x00000000a9400000|  0%| F|  |TAMS 0x00000000a9300000| PB 0x00000000a9300000| Untracked 
| 148|0x00000000a9400000, 0x00000000a9400000, 0x00000000a9500000|  0%| F|  |TAMS 0x00000000a9400000| PB 0x00000000a9400000| Untracked 
| 149|0x00000000a9500000, 0x00000000a9500000, 0x00000000a9600000|  0%| F|  |TAMS 0x00000000a9500000| PB 0x00000000a9500000| Untracked 
| 150|0x00000000a9600000, 0x00000000a9600000, 0x00000000a9700000|  0%| F|  |TAMS 0x00000000a9600000| PB 0x00000000a9600000| Untracked 
| 151|0x00000000a9700000, 0x00000000a9700000, 0x00000000a9800000|  0%| F|  |TAMS 0x00000000a9700000| PB 0x00000000a9700000| Untracked 
| 152|0x00000000a9800000, 0x00000000a9800000, 0x00000000a9900000|  0%| F|  |TAMS 0x00000000a9800000| PB 0x00000000a9800000| Untracked 
| 153|0x00000000a9900000, 0x00000000a9900000, 0x00000000a9a00000|  0%| F|  |TAMS 0x00000000a9900000| PB 0x00000000a9900000| Untracked 
| 154|0x00000000a9a00000, 0x00000000a9a00000, 0x00000000a9b00000|  0%| F|  |TAMS 0x00000000a9a00000| PB 0x00000000a9a00000| Untracked 
| 155|0x00000000a9b00000, 0x00000000a9b00000, 0x00000000a9c00000|  0%| F|  |TAMS 0x00000000a9b00000| PB 0x00000000a9b00000| Untracked 
| 156|0x00000000a9c00000, 0x00000000a9c00000, 0x00000000a9d00000|  0%| F|  |TAMS 0x00000000a9c00000| PB 0x00000000a9c00000| Untracked 
| 157|0x00000000a9d00000, 0x00000000a9d00000, 0x00000000a9e00000|  0%| F|  |TAMS 0x00000000a9d00000| PB 0x00000000a9d00000| Untracked 
| 158|0x00000000a9e00000, 0x00000000a9e00000, 0x00000000a9f00000|  0%| F|  |TAMS 0x00000000a9e00000| PB 0x00000000a9e00000| Untracked 
| 159|0x00000000a9f00000, 0x00000000a9f00000, 0x00000000aa000000|  0%| F|  |TAMS 0x00000000a9f00000| PB 0x00000000a9f00000| Untracked 
| 160|0x00000000aa000000, 0x00000000aa000000, 0x00000000aa100000|  0%| F|  |TAMS 0x00000000aa000000| PB 0x00000000aa000000| Untracked 
| 161|0x00000000aa100000, 0x00000000aa100000, 0x00000000aa200000|  0%| F|  |TAMS 0x00000000aa100000| PB 0x00000000aa100000| Untracked 
| 162|0x00000000aa200000, 0x00000000aa200000, 0x00000000aa300000|  0%| F|  |TAMS 0x00000000aa200000| PB 0x00000000aa200000| Untracked 
| 163|0x00000000aa300000, 0x00000000aa300000, 0x00000000aa400000|  0%| F|  |TAMS 0x00000000aa300000| PB 0x00000000aa300000| Untracked 
| 164|0x00000000aa400000, 0x00000000aa400000, 0x00000000aa500000|  0%| F|  |TAMS 0x00000000aa400000| PB 0x00000000aa400000| Untracked 
| 165|0x00000000aa500000, 0x00000000aa500000, 0x00000000aa600000|  0%| F|  |TAMS 0x00000000aa500000| PB 0x00000000aa500000| Untracked 
| 166|0x00000000aa600000, 0x00000000aa600000, 0x00000000aa700000|  0%| F|  |TAMS 0x00000000aa600000| PB 0x00000000aa600000| Untracked 
| 167|0x00000000aa700000, 0x00000000aa700000, 0x00000000aa800000|  0%| F|  |TAMS 0x00000000aa700000| PB 0x00000000aa700000| Untracked 
| 168|0x00000000aa800000, 0x00000000aa800000, 0x00000000aa900000|  0%| F|  |TAMS 0x00000000aa800000| PB 0x00000000aa800000| Untracked 
| 169|0x00000000aa900000, 0x00000000aa900000, 0x00000000aaa00000|  0%| F|  |TAMS 0x00000000aa900000| PB 0x00000000aa900000| Untracked 
| 170|0x00000000aaa00000, 0x00000000aaa00000, 0x00000000aab00000|  0%| F|  |TAMS 0x00000000aaa00000| PB 0x00000000aaa00000| Untracked 
| 171|0x00000000aab00000, 0x00000000aab00000, 0x00000000aac00000|  0%| F|  |TAMS 0x00000000aab00000| PB 0x00000000aab00000| Untracked 
| 172|0x00000000aac00000, 0x00000000aac00000, 0x00000000aad00000|  0%| F|  |TAMS 0x00000000aac00000| PB 0x00000000aac00000| Untracked 
| 173|0x00000000aad00000, 0x00000000aad00000, 0x00000000aae00000|  0%| F|  |TAMS 0x00000000aad00000| PB 0x00000000aad00000| Untracked 
| 174|0x00000000aae00000, 0x00000000aae00000, 0x00000000aaf00000|  0%| F|  |TAMS 0x00000000aae00000| PB 0x00000000aae00000| Untracked 
| 175|0x00000000aaf00000, 0x00000000aaf00000, 0x00000000ab000000|  0%| F|  |TAMS 0x00000000aaf00000| PB 0x00000000aaf00000| Untracked 
| 176|0x00000000ab000000, 0x00000000ab000000, 0x00000000ab100000|  0%| F|  |TAMS 0x00000000ab000000| PB 0x00000000ab000000| Untracked 
| 177|0x00000000ab100000, 0x00000000ab100000, 0x00000000ab200000|  0%| F|  |TAMS 0x00000000ab100000| PB 0x00000000ab100000| Untracked 
| 178|0x00000000ab200000, 0x00000000ab200000, 0x00000000ab300000|  0%| F|  |TAMS 0x00000000ab200000| PB 0x00000000ab200000| Untracked 
| 179|0x00000000ab300000, 0x00000000ab300000, 0x00000000ab400000|  0%| F|  |TAMS 0x00000000ab300000| PB 0x00000000ab300000| Untracked 
| 180|0x00000000ab400000, 0x00000000ab400000, 0x00000000ab500000|  0%| F|  |TAMS 0x00000000ab400000| PB 0x00000000ab400000| Untracked 
| 181|0x00000000ab500000, 0x00000000ab500000, 0x00000000ab600000|  0%| F|  |TAMS 0x00000000ab500000| PB 0x00000000ab500000| Untracked 
| 182|0x00000000ab600000, 0x00000000ab600000, 0x00000000ab700000|  0%| F|  |TAMS 0x00000000ab600000| PB 0x00000000ab600000| Untracked 
| 183|0x00000000ab700000, 0x00000000ab700000, 0x00000000ab800000|  0%| F|  |TAMS 0x00000000ab700000| PB 0x00000000ab700000| Untracked 
| 184|0x00000000ab800000, 0x00000000ab800000, 0x00000000ab900000|  0%| F|  |TAMS 0x00000000ab800000| PB 0x00000000ab800000| Untracked 
| 185|0x00000000ab900000, 0x00000000ab900000, 0x00000000aba00000|  0%| F|  |TAMS 0x00000000ab900000| PB 0x00000000ab900000| Untracked 
| 186|0x00000000aba00000, 0x00000000aba00000, 0x00000000abb00000|  0%| F|  |TAMS 0x00000000aba00000| PB 0x00000000aba00000| Untracked 
| 187|0x00000000abb00000, 0x00000000abb00000, 0x00000000abc00000|  0%| F|  |TAMS 0x00000000abb00000| PB 0x00000000abb00000| Untracked 
| 188|0x00000000abc00000, 0x00000000abc00000, 0x00000000abd00000|  0%| F|  |TAMS 0x00000000abc00000| PB 0x00000000abc00000| Untracked 
| 189|0x00000000abd00000, 0x00000000abd00000, 0x00000000abe00000|  0%| F|  |TAMS 0x00000000abd00000| PB 0x00000000abd00000| Untracked 
| 190|0x00000000abe00000, 0x00000000abe00000, 0x00000000abf00000|  0%| F|  |TAMS 0x00000000abe00000| PB 0x00000000abe00000| Untracked 
| 191|0x00000000abf00000, 0x00000000abf00000, 0x00000000ac000000|  0%| F|  |TAMS 0x00000000abf00000| PB 0x00000000abf00000| Untracked 
| 192|0x00000000ac000000, 0x00000000ac000000, 0x00000000ac100000|  0%| F|  |TAMS 0x00000000ac000000| PB 0x00000000ac000000| Untracked 
| 193|0x00000000ac100000, 0x00000000ac100000, 0x00000000ac200000|  0%| F|  |TAMS 0x00000000ac100000| PB 0x00000000ac100000| Untracked 
| 194|0x00000000ac200000, 0x00000000ac200000, 0x00000000ac300000|  0%| F|  |TAMS 0x00000000ac200000| PB 0x00000000ac200000| Untracked 
| 195|0x00000000ac300000, 0x00000000ac300000, 0x00000000ac400000|  0%| F|  |TAMS 0x00000000ac300000| PB 0x00000000ac300000| Untracked 
| 196|0x00000000ac400000, 0x00000000ac400000, 0x00000000ac500000|  0%| F|  |TAMS 0x00000000ac400000| PB 0x00000000ac400000| Untracked 
| 197|0x00000000ac500000, 0x00000000ac500000, 0x00000000ac600000|  0%| F|  |TAMS 0x00000000ac500000| PB 0x00000000ac500000| Untracked 
| 198|0x00000000ac600000, 0x00000000ac600000, 0x00000000ac700000|  0%| F|  |TAMS 0x00000000ac600000| PB 0x00000000ac600000| Untracked 
| 199|0x00000000ac700000, 0x00000000ac700000, 0x00000000ac800000|  0%| F|  |TAMS 0x00000000ac700000| PB 0x00000000ac700000| Untracked 
|1529|0x00000000ff900000, 0x00000000ff900000, 0x00000000ffa00000|  0%| F|  |TAMS 0x00000000ff900000| PB 0x00000000ff900000| Untracked 
|1530|0x00000000ffa00000, 0x00000000ffa00000, 0x00000000ffb00000|  0%| F|  |TAMS 0x00000000ffa00000| PB 0x00000000ffa00000| Untracked 
|1531|0x00000000ffb00000, 0x00000000ffc00000, 0x00000000ffc00000|100%| O|  |TAMS 0x00000000ffc00000| PB 0x00000000ffb00000| Untracked 
|1532|0x00000000ffc00000, 0x00000000ffc00000, 0x00000000ffd00000|  0%| F|  |TAMS 0x00000000ffc00000| PB 0x00000000ffc00000| Untracked 
|1533|0x00000000ffd00000, 0x00000000ffe00000, 0x00000000ffe00000|100%| O|  |TAMS 0x00000000ffe00000| PB 0x00000000ffd00000| Untracked 
|1534|0x00000000ffe00000, 0x00000000fff00000, 0x00000000fff00000|100%| O|  |TAMS 0x00000000fff00000| PB 0x00000000ffe00000| Untracked 
|1535|0x00000000fff00000, 0x0000000100000000, 0x0000000100000000|100%| O|  |TAMS 0x0000000100000000| PB 0x00000000fff00000| Untracked 

Card table byte_map: [0x0000028078960000,0x0000028078c60000] _byte_map_base: 0x0000028078460000

Marking Bits: (CMBitMap*) 0x00000280635e1b00
 Bits: [0x0000028078c60000, 0x000002807a460000)

Polling page: 0x0000028063a00000

Metaspace:

Usage:
  Non-class:     68.96 MB used.
      Class:     11.12 MB used.
       Both:     80.08 MB used.

Virtual space:
  Non-class space:      128.00 MB reserved,      69.69 MB ( 54%) committed,  2 nodes.
      Class space:      416.00 MB reserved,      11.81 MB (  3%) committed,  1 nodes.
             Both:      544.00 MB reserved,      81.50 MB ( 15%) committed. 

Chunk freelists:
   Non-Class:  10.31 MB
       Class:  4.17 MB
        Both:  14.48 MB

MaxMetaspaceSize: 512.00 MB
CompressedClassSpaceSize: 416.00 MB
Initial GC threshold: 21.00 MB
Current GC threshold: 109.50 MB
CDS: off
 - commit_granule_bytes: 65536.
 - commit_granule_words: 8192.
 - virtual_space_node_default_size: 8388608.
 - enlarge_chunks_in_place: 1.
 - use_allocation_guard: 0.


Internal statistics:

num_allocs_failed_limit: 3.
num_arena_births: 2654.
num_arena_deaths: 8.
num_vsnodes_births: 3.
num_vsnodes_deaths: 0.
num_space_committed: 1304.
num_space_uncommitted: 0.
num_chunks_returned_to_freelist: 20.
num_chunks_taken_from_freelist: 5605.
num_chunk_merges: 4.
num_chunk_splits: 3894.
num_chunks_enlarged: 2702.
num_inconsistent_stats: 0.

CodeHeap 'non-profiled nmethods': size=128192Kb used=5677Kb max_used=5877Kb free=122514Kb
 bounds [0x00000280702f0000, 0x00000280708b0000, 0x0000028078020000]
CodeHeap 'profiled nmethods': size=128192Kb used=13029Kb max_used=13941Kb free=115163Kb
 bounds [0x0000028068020000, 0x0000028068dc0000, 0x000002806fd50000]
CodeHeap 'non-nmethods': size=5760Kb used=2839Kb max_used=2865Kb free=2920Kb
 bounds [0x000002806fd50000, 0x0000028070030000, 0x00000280702f0000]
CodeCache: size=262144Kb, used=21545Kb, max_used=22683Kb, free=240597Kb
 total_blobs=8030, nmethods=7119, adapters=815, full_count=0
Compilation: enabled, stopped_count=0, restarted_count=0

Compilation events (20 events):
Event: 209.441 Thread 0x000002807cc68b30 9209       4       java.lang.invoke.MemberName::flagsMods (45 bytes)
Event: 209.468 Thread 0x000002807cc68b30 nmethod 9209 0x00000280705c4d10 code [0x00000280705c4e80, 0x00000280705c4ef8]
Event: 212.468 Thread 0x000002807cc68b30 9210       4       jdk.internal.org.objectweb.asm.ClassWriter::toByteArray (1517 bytes)
Event: 212.630 Thread 0x000002807cc68b30 nmethod 9210 0x0000028070678a10 code [0x0000028070678e00, 0x000002807067b688]
Event: 212.787 Thread 0x000002807cc88fd0 9211       3       sun.invoke.util.VerifyAccess::isTypeVisible (118 bytes)
Event: 212.793 Thread 0x000002807cc88fd0 nmethod 9211 0x0000028068a44f10 code [0x0000028068a45240, 0x0000028068a46388]
Event: 213.019 Thread 0x000002807cc88fd0 9212       3       java.security.ProtectionDomain$Key::<init> (5 bytes)
Event: 213.019 Thread 0x000002807cc88fd0 nmethod 9212 0x0000028068af3890 code [0x0000028068af3a40, 0x0000028068af3ba8]
Event: 213.642 Thread 0x000002807cc88fd0 9213       3       java.util.concurrent.atomic.AtomicReference::compareAndSet (10 bytes)
Event: 213.647 Thread 0x000002807cc88fd0 nmethod 9213 0x00000280686cde90 code [0x00000280686ce120, 0x00000280686cec30]
Event: 213.972 Thread 0x000002807cc88fd0 9214       3       java.util.Collections$UnmodifiableMap::containsKey (11 bytes)
Event: 214.023 Thread 0x000002807cc88fd0 nmethod 9214 0x0000028068a44a90 code [0x0000028068a44c40, 0x0000028068a44e10]
Event: 214.094 Thread 0x000002807cc68b30 9215       4       org.jetbrains.kotlin.it.unimi.dsi.fastutil.HashCommon::mix (12 bytes)
Event: 214.142 Thread 0x000002807cc68b30 nmethod 9215 0x00000280705c4a10 code [0x00000280705c4b80, 0x00000280705c4bf8]
Event: 214.584 Thread 0x000002807cc88fd0 9216       1       kotlin.jvm.internal.CallableReference::getName (5 bytes)
Event: 214.591 Thread 0x000002807cc88fd0 nmethod 9216 0x00000280705c4710 code [0x00000280705c48a0, 0x00000280705c4968]
Event: 214.591 Thread 0x000002807cc88fd0 9217       1       kotlin.jvm.internal.CallableReference::getSignature (5 bytes)
Event: 214.591 Thread 0x000002807cc88fd0 nmethod 9217 0x00000280705c4410 code [0x00000280705c45a0, 0x00000280705c4668]
Event: 214.591 Thread 0x000002807cc88fd0 9218       1       kotlin.jvm.internal.CallableReference::getBoundReceiver (5 bytes)
Event: 214.592 Thread 0x000002807cc88fd0 nmethod 9218 0x00000280705c4110 code [0x00000280705c42a0, 0x00000280705c4368]

GC Heap History (20 events):
Event: 111.951 GC heap after
{Heap after GC invocations=48 (full 0):
 garbage-first heap   total 211968K, used 79160K [0x00000000a0000000, 0x0000000100000000)
  region size 1024K, 7 young (7168K), 7 survivors (7168K)
 Metaspace       used 63288K, committed 64768K, reserved 491520K
  class space    used 8538K, committed 9216K, reserved 425984K
}
Event: 113.339 GC heap before
{Heap before GC invocations=48 (full 0):
 garbage-first heap   total 211968K, used 156984K [0x00000000a0000000, 0x0000000100000000)
  region size 1024K, 84 young (86016K), 7 survivors (7168K)
 Metaspace       used 65875K, committed 67264K, reserved 491520K
  class space    used 8804K, committed 9472K, reserved 425984K
}
Event: 113.348 GC heap after
{Heap after GC invocations=49 (full 0):
 garbage-first heap   total 211968K, used 68418K [0x00000000a0000000, 0x0000000100000000)
  region size 1024K, 3 young (3072K), 3 survivors (3072K)
 Metaspace       used 65875K, committed 67264K, reserved 491520K
  class space    used 8804K, committed 9472K, reserved 425984K
}
Event: 124.362 GC heap before
{Heap before GC invocations=50 (full 0):
 garbage-first heap   total 211968K, used 199490K [0x00000000a0000000, 0x0000000100000000)
  region size 1024K, 124 young (126976K), 3 survivors (3072K)
 Metaspace       used 65884K, committed 67264K, reserved 491520K
  class space    used 8804K, committed 9472K, reserved 425984K
}
Event: 124.527 GC heap after
{Heap after GC invocations=51 (full 0):
 garbage-first heap   total 211968K, used 77168K [0x00000000a0000000, 0x0000000100000000)
  region size 1024K, 5 young (5120K), 5 survivors (5120K)
 Metaspace       used 65884K, committed 67264K, reserved 491520K
  class space    used 8804K, committed 9472K, reserved 425984K
}
Event: 151.804 GC heap before
{Heap before GC invocations=51 (full 0):
 garbage-first heap   total 211968K, used 199024K [0x00000000a0000000, 0x0000000100000000)
  region size 1024K, 124 young (126976K), 5 survivors (5120K)
 Metaspace       used 65890K, committed 67264K, reserved 491520K
  class space    used 8804K, committed 9472K, reserved 425984K
}
Event: 151.818 GC heap after
{Heap after GC invocations=52 (full 0):
 garbage-first heap   total 211968K, used 78935K [0x00000000a0000000, 0x0000000100000000)
  region size 1024K, 7 young (7168K), 7 survivors (7168K)
 Metaspace       used 65890K, committed 67264K, reserved 491520K
  class space    used 8804K, committed 9472K, reserved 425984K
}
Event: 152.115 GC heap before
{Heap before GC invocations=52 (full 0):
 garbage-first heap   total 211968K, used 198743K [0x00000000a0000000, 0x0000000100000000)
  region size 1024K, 124 young (126976K), 7 survivors (7168K)
 Metaspace       used 65893K, committed 67264K, reserved 491520K
  class space    used 8804K, committed 9472K, reserved 425984K
}
Event: 152.125 GC heap after
{Heap after GC invocations=53 (full 0):
 garbage-first heap   total 211968K, used 80716K [0x00000000a0000000, 0x0000000100000000)
  region size 1024K, 8 young (8192K), 8 survivors (8192K)
 Metaspace       used 65893K, committed 67264K, reserved 491520K
  class space    used 8804K, committed 9472K, reserved 425984K
}
Event: 152.421 GC heap before
{Heap before GC invocations=54 (full 0):
 garbage-first heap   total 211968K, used 199500K [0x00000000a0000000, 0x0000000100000000)
  region size 1024K, 124 young (126976K), 8 survivors (8192K)
 Metaspace       used 65893K, committed 67264K, reserved 491520K
  class space    used 8804K, committed 9472K, reserved 425984K
}
Event: 152.433 GC heap after
{Heap after GC invocations=55 (full 0):
 garbage-first heap   total 211968K, used 82756K [0x00000000a0000000, 0x0000000100000000)
  region size 1024K, 8 young (8192K), 8 survivors (8192K)
 Metaspace       used 65893K, committed 67264K, reserved 491520K
  class space    used 8804K, committed 9472K, reserved 425984K
}
Event: 152.995 GC heap before
{Heap before GC invocations=55 (full 0):
 garbage-first heap   total 211968K, used 199492K [0x00000000a0000000, 0x0000000100000000)
  region size 1024K, 122 young (124928K), 8 survivors (8192K)
 Metaspace       used 65909K, committed 67328K, reserved 491520K
  class space    used 8805K, committed 9472K, reserved 425984K
}
Event: 153.045 GC heap after
{Heap after GC invocations=56 (full 0):
 garbage-first heap   total 211968K, used 69290K [0x00000000a0000000, 0x0000000100000000)
  region size 1024K, 2 young (2048K), 2 survivors (2048K)
 Metaspace       used 65909K, committed 67328K, reserved 491520K
  class space    used 8805K, committed 9472K, reserved 425984K
}
Event: 153.071 GC heap before
{Heap before GC invocations=56 (full 0):
 garbage-first heap   total 211968K, used 75434K [0x00000000a0000000, 0x0000000100000000)
  region size 1024K, 9 young (9216K), 2 survivors (2048K)
 Metaspace       used 65909K, committed 67328K, reserved 491520K
  class space    used 8805K, committed 9472K, reserved 425984K
}
Event: 153.099 GC heap after
{Heap after GC invocations=57 (full 0):
 garbage-first heap   total 211968K, used 68400K [0x00000000a0000000, 0x0000000100000000)
  region size 1024K, 1 young (1024K), 1 survivors (1024K)
 Metaspace       used 65909K, committed 67328K, reserved 491520K
  class space    used 8805K, committed 9472K, reserved 425984K
}
Event: 160.424 GC heap before
{Heap before GC invocations=58 (full 0):
 garbage-first heap   total 211968K, used 200496K [0x00000000a0000000, 0x0000000100000000)
  region size 1024K, 124 young (126976K), 1 survivors (1024K)
 Metaspace       used 65867K, committed 67392K, reserved 491520K
  class space    used 8794K, committed 9472K, reserved 425984K
}
Event: 160.431 GC heap after
{Heap after GC invocations=59 (full 0):
 garbage-first heap   total 211968K, used 68022K [0x00000000a0000000, 0x0000000100000000)
  region size 1024K, 1 young (1024K), 1 survivors (1024K)
 Metaspace       used 65867K, committed 67392K, reserved 491520K
  class space    used 8794K, committed 9472K, reserved 425984K
}
Event: 161.444 GC heap before
{Heap before GC invocations=59 (full 0):
 garbage-first heap   total 211968K, used 194998K [0x00000000a0000000, 0x0000000100000000)
  region size 1024K, 124 young (126976K), 1 survivors (1024K)
 Metaspace       used 65879K, committed 67392K, reserved 491520K
  class space    used 8794K, committed 9472K, reserved 425984K
}
Event: 161.487 GC heap after
{Heap after GC invocations=60 (full 0):
 garbage-first heap   total 211968K, used 68055K [0x00000000a0000000, 0x0000000100000000)
  region size 1024K, 1 young (1024K), 1 survivors (1024K)
 Metaspace       used 65879K, committed 67392K, reserved 491520K
  class space    used 8794K, committed 9472K, reserved 425984K
}
Event: 215.111 GC heap before
{Heap before GC invocations=60 (full 0):
 garbage-first heap   total 211968K, used 194007K [0x00000000a0000000, 0x0000000100000000)
  region size 1024K, 124 young (126976K), 1 survivors (1024K)
 Metaspace       used 82002K, committed 83456K, reserved 557056K
  class space    used 11389K, committed 12096K, reserved 425984K
}

Dll operation events (3 events):
Event: 0.032 Loaded shared library C:\Program Files\Android\Android Studio\jbr\bin\java.dll
Event: 0.043 Loaded shared library C:\Program Files\Android\Android Studio\jbr\bin\zip.dll
Event: 3.000 Loaded shared library C:\Program Files\Android\Android Studio\jbr\bin\verify.dll

Deoptimization events (20 events):
Event: 170.663 Thread 0x000002807e44cee0 Uncommon trap: trap_request=0xffffffc6 fr.pc=0x000002807083185c relative=0x000000000000091c
Event: 170.663 Thread 0x000002807e44cee0 Uncommon trap: reason=bimorphic_or_optimized_type_check action=maybe_recompile pc=0x000002807083185c method=java.util.Collections$SetFromMap.remove(Ljava/lang/Object;)Z @ 5 c2
Event: 170.663 Thread 0x000002807e44cee0 DEOPT PACKING pc=0x000002807083185c sp=0x000000960e5f4a80
Event: 170.663 Thread 0x000002807e44cee0 DEOPT UNPACKING pc=0x000002806fda7aa2 sp=0x000000960e5f4a78 mode 2
Event: 178.486 Thread 0x000002807e44cee0 Uncommon trap: trap_request=0xffffff45 fr.pc=0x00000280703a3bec relative=0x00000000000001ec
Event: 178.486 Thread 0x000002807e44cee0 Uncommon trap: reason=unstable_if action=reinterpret pc=0x00000280703a3bec method=sun.invoke.util.VerifyAccess.isTypeVisible(Ljava/lang/Class;Ljava/lang/Class;)Z @ 77 c2
Event: 178.540 Thread 0x000002807e44cee0 DEOPT PACKING pc=0x00000280703a3bec sp=0x000000960e5f3190
Event: 178.592 Thread 0x000002807e44cee0 DEOPT UNPACKING pc=0x000002806fda7aa2 sp=0x000000960e5f3110 mode 2
Event: 214.711 Thread 0x000002807e44cee0 Uncommon trap: trap_request=0xffffffc6 fr.pc=0x00000280706e0434 relative=0x0000000000000ad4
Event: 214.715 Thread 0x000002807e44cee0 Uncommon trap: reason=bimorphic_or_optimized_type_check action=maybe_recompile pc=0x00000280706e0434 method=java.util.AbstractCollection.toArray()[Ljava/lang/Object; @ 1 c2
Event: 214.719 Thread 0x000002807e44cee0 DEOPT PACKING pc=0x00000280706e0434 sp=0x000000960e5f4e70
Event: 214.719 Thread 0x000002807e44cee0 DEOPT UNPACKING pc=0x000002806fda7aa2 sp=0x000000960e5f4e48 mode 2
Event: 214.793 Thread 0x000002807e44cee0 Uncommon trap: trap_request=0xffffffc6 fr.pc=0x000002807083185c relative=0x000000000000091c
Event: 214.793 Thread 0x000002807e44cee0 Uncommon trap: reason=bimorphic_or_optimized_type_check action=maybe_recompile pc=0x000002807083185c method=java.util.Collections$SetFromMap.remove(Ljava/lang/Object;)Z @ 5 c2
Event: 214.793 Thread 0x000002807e44cee0 DEOPT PACKING pc=0x000002807083185c sp=0x000000960e5f3ec0
Event: 214.793 Thread 0x000002807e44cee0 DEOPT UNPACKING pc=0x000002806fda7aa2 sp=0x000000960e5f3eb8 mode 2
Event: 214.853 Thread 0x000002807e44cee0 Uncommon trap: trap_request=0xffffffc6 fr.pc=0x00000280706e0434 relative=0x0000000000000ad4
Event: 214.853 Thread 0x000002807e44cee0 Uncommon trap: reason=bimorphic_or_optimized_type_check action=maybe_recompile pc=0x00000280706e0434 method=java.util.AbstractCollection.toArray()[Ljava/lang/Object; @ 1 c2
Event: 214.853 Thread 0x000002807e44cee0 DEOPT PACKING pc=0x00000280706e0434 sp=0x000000960e5f49c0
Event: 214.853 Thread 0x000002807e44cee0 DEOPT UNPACKING pc=0x000002806fda7aa2 sp=0x000000960e5f4998 mode 2

Classes loaded (20 events):
Event: 168.573 Loading class java/util/concurrent/atomic/AtomicLongFieldUpdater$CASUpdater$1
Event: 168.575 Loading class java/util/concurrent/atomic/AtomicLongFieldUpdater$CASUpdater$1 done
Event: 170.665 Loading class java/util/AbstractMap$1
Event: 170.675 Loading class java/util/AbstractMap$1 done
Event: 170.927 Loading class java/util/Collections$SynchronizedRandomAccessList
Event: 170.929 Loading class java/util/Collections$SynchronizedList
Event: 170.931 Loading class java/util/Collections$SynchronizedList done
Event: 170.931 Loading class java/util/Collections$SynchronizedRandomAccessList done
Event: 170.945 Loading class javax/xml/stream/XMLStreamException
Event: 170.947 Loading class javax/xml/stream/XMLStreamException done
Event: 171.057 Loading class javax/xml/stream/Location
Event: 171.112 Loading class javax/xml/stream/Location done
Event: 171.112 Loading class java/io/CharConversionException
Event: 171.410 Loading class java/io/CharConversionException done
Event: 171.728 Loading class javax/xml/namespace/NamespaceContext
Event: 171.936 Loading class javax/xml/namespace/NamespaceContext done
Event: 171.937 Loading class javax/xml/stream/XMLStreamConstants
Event: 171.937 Loading class javax/xml/stream/XMLStreamConstants done
Event: 173.280 Loading class javax/xml/stream/XMLStreamReader
Event: 173.803 Loading class javax/xml/stream/XMLStreamReader done

Classes unloaded (18 events):
Event: 61.143 Thread 0x000002807ca9fae0 Unloading class 0x00000001007d8988 '_BuildScript_$_run_closure1$_closure2'
Event: 61.143 Thread 0x000002807ca9fae0 Unloading class 0x00000001007d8568 '_BuildScript_$_run_closure1'
Event: 61.143 Thread 0x000002807ca9fae0 Unloading class 0x00000001007d8000 '_BuildScript_'
Event: 63.793 Thread 0x000002807ca9fae0 Unloading class 0x0000000100880988 '_BuildScript_$_run_closure2'
Event: 63.793 Thread 0x000002807ca9fae0 Unloading class 0x0000000100880568 '_BuildScript_$_run_closure1'
Event: 63.793 Thread 0x000002807ca9fae0 Unloading class 0x0000000100880000 '_BuildScript_'
Event: 110.864 Thread 0x000002807ca9fae0 Unloading class 0x0000000100890988 '_BuildScript_$_run_closure1$_closure2'
Event: 110.864 Thread 0x000002807ca9fae0 Unloading class 0x0000000100890568 '_BuildScript_$_run_closure1'
Event: 110.864 Thread 0x000002807ca9fae0 Unloading class 0x0000000100890000 '_BuildScript_'
Event: 153.270 Thread 0x000002807ca9fae0 Unloading class 0x0000000100898000 '_BuildScript_$_run_closure1$_closure3'
Event: 153.270 Thread 0x000002807ca9fae0 Unloading class 0x0000000100893988 '_BuildScript_$_run_closure1$_closure2'
Event: 153.270 Thread 0x000002807ca9fae0 Unloading class 0x0000000100893568 '_BuildScript_$_run_closure1'
Event: 153.290 Thread 0x000002807ca9fae0 Unloading class 0x0000000100893000 '_BuildScript_'
Event: 153.290 Thread 0x000002807ca9fae0 Unloading class 0x0000000100892800 'JetGradlePlugin$_apply_closure1$_closure2$_closure3'
Event: 153.290 Thread 0x000002807ca9fae0 Unloading class 0x00000001008809f0 'JetGradlePlugin$_apply_closure1$_closure2'
Event: 153.290 Thread 0x000002807ca9fae0 Unloading class 0x00000001008805d0 'JetGradlePlugin$_apply_closure1'
Event: 153.290 Thread 0x000002807ca9fae0 Unloading class 0x0000000100880300 'JetGradlePlugin'
Event: 153.330 Thread 0x000002807ca9fae0 Unloading class 0x0000000100880000 'RegistryProcessor'

Classes redefined (0 events):
No events

Internal exceptions (20 events):
Event: 166.201 Thread 0x000002807d084670 Exception <a 'sun/nio/fs/WindowsException'{0x00000000a7791088}> (0x00000000a7791088) 
thrown [s\src\hotspot\share\prims\jni.cpp, line 537]
Event: 166.213 Thread 0x000002807d084670 Exception <a 'sun/nio/fs/WindowsException'{0x00000000a779eac8}> (0x00000000a779eac8) 
thrown [s\src\hotspot\share\prims\jni.cpp, line 537]
Event: 168.554 Thread 0x000002807e44cee0 Exception <a 'java/lang/NoSuchMethodError'{0x00000000a74dcaa0}: 'long java.lang.invoke.DirectMethodHandle$Holder.invokeStatic(java.lang.Object)'> (0x00000000a74dcaa0) 
thrown [s\src\hotspot\share\interpreter\linkResolver.cpp, line 784]
Event: 168.558 Thread 0x000002807e44cee0 Exception <a 'java/lang/NoSuchMethodError'{0x00000000a74e1630}: 'long java.lang.invoke.DirectMethodHandle$Holder.invokeStaticInit(java.lang.Object)'> (0x00000000a74e1630) 
thrown [s\src\hotspot\share\interpreter\linkResolver.cpp, line 784]
Event: 169.157 Thread 0x000002807e44cee0 Exception <a 'java/lang/NoSuchMethodError'{0x00000000a6fd5e80}: 'long java.lang.invoke.Invokers$Holder.invoke_MT(java.lang.Object, java.lang.Object, java.lang.Object, java.lang.Object)'> (0x00000000a6fd5e80) 
thrown [s\src\hotspot\share\interpreter\linkResolver.cpp, line 784]
Event: 169.159 Thread 0x000002807e44cee0 Exception <a 'java/lang/NoSuchMethodError'{0x00000000a6fdebd8}: 'int java.lang.invoke.Invokers$Holder.invoke_MT(java.lang.Object, java.lang.Object, java.lang.Object, java.lang.Object)'> (0x00000000a6fdebd8) 
thrown [s\src\hotspot\share\interpreter\linkResolver.cpp, line 784]
Event: 169.163 Thread 0x000002807e44cee0 Exception <a 'java/lang/NoSuchMethodError'{0x00000000a6fee6d0}: 'void java.lang.invoke.DelegatingMethodHandle$Holder.reinvoke_L(java.lang.Object, java.lang.Object, java.lang.Object, long, java.lang.Object)'> (0x00000000a6fee6d0) 
thrown [s\src\hotspot\share\interpreter\linkResolver.cpp, line 784]
Event: 169.164 Thread 0x000002807e44cee0 Exception <a 'java/lang/NoSuchMethodError'{0x00000000a6ff6cc8}: 'java.lang.Object java.lang.invoke.DirectMethodHandle$Holder.invokeSpecial(java.lang.Object, java.lang.Object, java.lang.Object, java.lang.Object, long)'> (0x00000000a6ff6cc8) 
thrown [s\src\hotspot\share\interpreter\linkResolver.cpp, line 784]
Event: 169.166 Thread 0x000002807e44cee0 Exception <a 'java/lang/NoSuchMethodError'{0x00000000a6e06f78}: 'int java.lang.invoke.DelegatingMethodHandle$Holder.reinvoke_L(java.lang.Object, java.lang.Object, java.lang.Object, long, java.lang.Object, java.lang.Object)'> (0x00000000a6e06f78) 
thrown [s\src\hotspot\share\interpreter\linkResolver.cpp, line 784]
Event: 169.169 Thread 0x000002807e44cee0 Exception <a 'java/lang/NoSuchMethodError'{0x00000000a6e16770}: 'int java.lang.invoke.DelegatingMethodHandle$Holder.reinvoke_L(java.lang.Object, java.lang.Object, java.lang.Object, long, int, int)'> (0x00000000a6e16770) 
thrown [s\src\hotspot\share\interpreter\linkResolver.cpp, line 784]
Event: 169.170 Thread 0x000002807e44cee0 Exception <a 'java/lang/NoSuchMethodError'{0x00000000a6e25d18}: 'int java.lang.invoke.DelegatingMethodHandle$Holder.reinvoke_L(java.lang.Object, java.lang.Object, java.lang.Object, long, long, long)'> (0x00000000a6e25d18) 
thrown [s\src\hotspot\share\interpreter\linkResolver.cpp, line 784]
Event: 169.170 Thread 0x000002807e44cee0 Exception <a 'java/lang/NoSuchMethodError'{0x00000000a6e34f60}: 'int java.lang.invoke.DelegatingMethodHandle$Holder.reinvoke_L(java.lang.Object, java.lang.Object, java.lang.Object, long, int)'> (0x00000000a6e34f60) 
thrown [s\src\hotspot\share\interpreter\linkResolver.cpp, line 784]
Event: 177.714 Thread 0x000002807d084670 Exception <a 'sun/nio/fs/WindowsException'{0x00000000a6509a90}> (0x00000000a6509a90) 
thrown [s\src\hotspot\share\prims\jni.cpp, line 537]
Event: 178.356 Thread 0x000002807d084670 Exception <a 'sun/nio/fs/WindowsException'{0x00000000a659b360}> (0x00000000a659b360) 
thrown [s\src\hotspot\share\prims\jni.cpp, line 537]
Event: 186.383 Thread 0x000002807d084670 Exception <a 'sun/nio/fs/WindowsException'{0x00000000a649f7d8}> (0x00000000a649f7d8) 
thrown [s\src\hotspot\share\prims\jni.cpp, line 537]
Event: 186.385 Thread 0x000002807d084670 Exception <a 'sun/nio/fs/WindowsException'{0x00000000a64ada20}> (0x00000000a64ada20) 
thrown [s\src\hotspot\share\prims\jni.cpp, line 537]
Event: 196.139 Thread 0x000002807d084670 Exception <a 'sun/nio/fs/WindowsException'{0x00000000a639f920}> (0x00000000a639f920) 
thrown [s\src\hotspot\share\prims\jni.cpp, line 537]
Event: 196.627 Thread 0x000002807d084670 Exception <a 'sun/nio/fs/WindowsException'{0x00000000a63b1288}> (0x00000000a63b1288) 
thrown [s\src\hotspot\share\prims\jni.cpp, line 537]
Event: 206.142 Thread 0x000002807d084670 Exception <a 'sun/nio/fs/WindowsException'{0x00000000a610b998}> (0x00000000a610b998) 
thrown [s\src\hotspot\share\prims\jni.cpp, line 537]
Event: 207.606 Thread 0x000002807d084670 Exception <a 'sun/nio/fs/WindowsException'{0x00000000a61206e0}> (0x00000000a61206e0) 
thrown [s\src\hotspot\share\prims\jni.cpp, line 537]

ZGC Phase Switch (0 events):
No events

VM Operations (20 events):
Event: 165.196 Executing VM operation: Cleanup done
Event: 169.229 Executing VM operation: Cleanup
Event: 169.306 Executing VM operation: Cleanup done
Event: 170.431 Executing VM operation: Cleanup
Event: 170.606 Executing VM operation: Cleanup done
Event: 177.667 Executing VM operation: Cleanup
Event: 177.714 Executing VM operation: Cleanup done
Event: 178.718 Executing VM operation: Cleanup
Event: 178.765 Executing VM operation: Cleanup done
Event: 180.685 Executing VM operation: HandshakeAllThreads (HandshakeForDeflation)
Event: 180.928 Executing VM operation: HandshakeAllThreads (HandshakeForDeflation) done
Event: 180.929 Executing VM operation: RendezvousGCThreads
Event: 180.929 Executing VM operation: RendezvousGCThreads done
Event: 184.943 Executing VM operation: Cleanup
Event: 184.943 Executing VM operation: Cleanup done
Event: 186.944 Executing VM operation: Cleanup
Event: 187.069 Executing VM operation: Cleanup done
Event: 190.096 Executing VM operation: Cleanup
Event: 190.096 Executing VM operation: Cleanup done
Event: 215.088 Executing VM operation: G1CollectForAllocation (G1 Evacuation Pause)

Memory protections (0 events):
No events

Nmethod flushes (20 events):
Event: 159.005 Thread 0x000002807ca9fae0 flushing  nmethod 0x0000028068b55910
Event: 159.005 Thread 0x000002807ca9fae0 flushing  nmethod 0x0000028068b57010
Event: 159.005 Thread 0x000002807ca9fae0 flushing  nmethod 0x0000028068b5a810
Event: 159.005 Thread 0x000002807ca9fae0 flushing  nmethod 0x0000028068b5bb90
Event: 159.005 Thread 0x000002807ca9fae0 flushing  nmethod 0x0000028068350d90
Event: 159.005 Thread 0x000002807ca9fae0 flushing  nmethod 0x000002806841ec90
Event: 159.005 Thread 0x000002807ca9fae0 flushing  nmethod 0x0000028068480f10
Event: 159.005 Thread 0x000002807ca9fae0 flushing  nmethod 0x00000280684c6690
Event: 159.005 Thread 0x000002807ca9fae0 flushing  nmethod 0x00000280686cde90
Event: 159.005 Thread 0x000002807ca9fae0 flushing  nmethod 0x00000280686cec10
Event: 159.005 Thread 0x000002807ca9fae0 flushing  nmethod 0x00000280686cf410
Event: 159.005 Thread 0x000002807ca9fae0 flushing  nmethod 0x00000280688d6d90
Event: 159.005 Thread 0x000002807ca9fae0 flushing  nmethod 0x0000028068935190
Event: 159.005 Thread 0x000002807ca9fae0 flushing  nmethod 0x0000028068a83c90
Event: 159.005 Thread 0x000002807ca9fae0 flushing  nmethod 0x0000028068a84110
Event: 159.005 Thread 0x000002807ca9fae0 flushing  nmethod 0x0000028068ae4c90
Event: 159.005 Thread 0x000002807ca9fae0 flushing  nmethod 0x00000280688d3e90
Event: 159.005 Thread 0x000002807ca9fae0 flushing  nmethod 0x0000028068964390
Event: 159.005 Thread 0x000002807ca9fae0 flushing  nmethod 0x0000028068a39810
Event: 159.005 Thread 0x000002807ca9fae0 flushing  nmethod 0x0000028068ab2910

Events (20 events):
Event: 24.865 Thread 0x000002807e44cee0 Thread added: 0x000002807dafac70
Event: 37.853 Thread 0x000002807e44cee0 Thread added: 0x000002807e1d6bf0
Event: 37.855 Thread 0x000002807e44cee0 Thread added: 0x000002807e1d7fa0
Event: 37.855 Thread 0x000002807e44cee0 Thread added: 0x000002807e1d8cc0
Event: 37.856 Thread 0x000002807e44cee0 Thread added: 0x000002807e1d5ed0
Event: 38.472 Thread 0x000002807cc88fd0 Thread added: 0x000002807f3a7a40
Event: 39.372 Thread 0x000002807f3a7a40 Thread exited: 0x000002807f3a7a40
Event: 39.599 Thread 0x000002807e44cee0 Thread added: 0x000002807e1d8630
Event: 39.605 Thread 0x000002807cc88fd0 Thread added: 0x000002807f3a9580
Event: 39.675 Thread 0x000002807e44cee0 Thread added: 0x000002807e1d7910
Event: 39.725 Thread 0x000002807e44cee0 Thread added: 0x000002807e1d9350
Event: 39.746 Thread 0x000002807e44cee0 Thread added: 0x000002807e1d99e0
Event: 40.027 Thread 0x000002807e44cee0 Thread added: 0x000002807e1da070
Event: 40.355 Thread 0x000002807e44cee0 Thread added: 0x000002807e1da700
Event: 40.918 Thread 0x000002807f3a9580 Thread exited: 0x000002807f3a9580
Event: 41.320 Thread 0x000002807cc88fd0 Thread added: 0x000002807f3a8eb0
Event: 42.211 Thread 0x000002807f3a8eb0 Thread exited: 0x000002807f3a8eb0
Event: 93.621 Thread 0x000002807e44cee0 Thread added: 0x000002800476b410
Event: 100.455 Thread 0x000002807cc88fd0 Thread added: 0x000002807f3a6ca0
Event: 102.671 Thread 0x000002807f3a6ca0 Thread exited: 0x000002807f3a6ca0


Dynamic libraries:
0x00007ff67ece0000 - 0x00007ff67ecea000 	C:\Program Files\Android\Android Studio\jbr\bin\java.exe
0x00007ffbe5000000 - 0x00007ffbe5267000 	C:\WINDOWS\SYSTEM32\ntdll.dll
0x00007ffbe4290000 - 0x00007ffbe4359000 	C:\WINDOWS\System32\KERNEL32.DLL
0x00007ffbe1b20000 - 0x00007ffbe1f11000 	C:\WINDOWS\System32\KERNELBASE.dll
0x00007ffbbb130000 - 0x00007ffbbb14b000 	C:\Program Files\Android\Android Studio\jbr\bin\VCRUNTIME140.dll
0x00007ffbe2a20000 - 0x00007ffbe2b6b000 	C:\WINDOWS\System32\ucrtbase.dll
0x00007ffbdece0000 - 0x00007ffbdecf8000 	C:\Program Files\Android\Android Studio\jbr\bin\jli.dll
0x00007ffbe3190000 - 0x00007ffbe3355000 	C:\WINDOWS\System32\USER32.dll
0x00007ffbe2ce0000 - 0x00007ffbe2d07000 	C:\WINDOWS\System32\win32u.dll
0x00007ffbe2da0000 - 0x00007ffbe2dcb000 	C:\WINDOWS\System32\GDI32.dll
0x00007ffbe1f20000 - 0x00007ffbe204b000 	C:\WINDOWS\System32\gdi32full.dll
0x00007ffbe2050000 - 0x00007ffbe20f3000 	C:\WINDOWS\System32\msvcp_win.dll
0x00007ffbc9150000 - 0x00007ffbc93e3000 	C:\WINDOWS\WinSxS\amd64_microsoft.windows.common-controls_6595b64144ccf1df_6.0.26100.8037_none_3e092faae333b53b\COMCTL32.dll
0x00007ffbe2dd0000 - 0x00007ffbe2e79000 	C:\WINDOWS\System32\msvcrt.dll
0x00007ffbe4f80000 - 0x00007ffbe4fb1000 	C:\WINDOWS\System32\IMM32.DLL
0x00007ffbc8ab0000 - 0x00007ffbc8abc000 	C:\Program Files\Android\Android Studio\jbr\bin\vcruntime140_1.dll
0x00007ffbb5580000 - 0x00007ffbb560d000 	C:\Program Files\Android\Android Studio\jbr\bin\msvcp140.dll
0x00007ffb4e8a0000 - 0x00007ffb4f536000 	C:\Program Files\Android\Android Studio\jbr\bin\server\jvm.dll
0x00007ffbe4420000 - 0x00007ffbe44db000 	C:\WINDOWS\System32\ADVAPI32.dll
0x00007ffbe45a0000 - 0x00007ffbe4647000 	C:\WINDOWS\System32\sechost.dll
0x00007ffbe4650000 - 0x00007ffbe4768000 	C:\WINDOWS\System32\RPCRT4.dll
0x00007ffbe4770000 - 0x00007ffbe47e4000 	C:\WINDOWS\System32\WS2_32.dll
0x00007ffbe1760000 - 0x00007ffbe17be000 	C:\WINDOWS\SYSTEM32\POWRPROF.dll
0x00007ffbd54a0000 - 0x00007ffbd54ab000 	C:\WINDOWS\SYSTEM32\VERSION.dll
0x00007ffbc9f60000 - 0x00007ffbc9f95000 	C:\WINDOWS\SYSTEM32\WINMM.dll
0x00007ffbe1740000 - 0x00007ffbe1754000 	C:\WINDOWS\SYSTEM32\UMPDC.dll
0x00007ffbe0670000 - 0x00007ffbe068b000 	C:\WINDOWS\SYSTEM32\kernel.appcore.dll
0x00007ffbc8a80000 - 0x00007ffbc8a8a000 	C:\Program Files\Android\Android Studio\jbr\bin\jimage.dll
0x00007ffbdf810000 - 0x00007ffbdfa52000 	C:\WINDOWS\SYSTEM32\DBGHELP.DLL
0x00007ffbe3360000 - 0x00007ffbe36e2000 	C:\WINDOWS\System32\combase.dll
0x00007ffbe41b0000 - 0x00007ffbe4287000 	C:\WINDOWS\System32\OLEAUT32.dll
0x00007ffbc13d0000 - 0x00007ffbc140b000 	C:\WINDOWS\SYSTEM32\dbgcore.DLL
0x00007ffbe2970000 - 0x00007ffbe2a15000 	C:\WINDOWS\System32\bcryptPrimitives.dll
0x00007ffbdcc90000 - 0x00007ffbdcc9e000 	C:\Program Files\Android\Android Studio\jbr\bin\instrument.dll
0x00007ffbbb0e0000 - 0x00007ffbbb100000 	C:\Program Files\Android\Android Studio\jbr\bin\java.dll
0x00007ffbb5670000 - 0x00007ffbb5688000 	C:\Program Files\Android\Android Studio\jbr\bin\zip.dll
0x00007ffbe3a10000 - 0x00007ffbe416f000 	C:\WINDOWS\System32\SHELL32.dll
0x00007ffbe2b70000 - 0x00007ffbe2cda000 	C:\WINDOWS\System32\wintypes.dll
0x00007ffbe2100000 - 0x00007ffbe2964000 	C:\WINDOWS\System32\windows.storage.dll
0x00007ffbe3770000 - 0x00007ffbe3867000 	C:\WINDOWS\System32\SHCORE.dll
0x00007ffbe4f10000 - 0x00007ffbe4f77000 	C:\WINDOWS\System32\shlwapi.dll
0x00007ffbe1800000 - 0x00007ffbe1829000 	C:\WINDOWS\SYSTEM32\profapi.dll
0x00007ffbc89f0000 - 0x00007ffbc8a00000 	C:\Program Files\Android\Android Studio\jbr\bin\net.dll
0x00007ffbd3c70000 - 0x00007ffbd3d97000 	C:\WINDOWS\SYSTEM32\WINHTTP.dll
0x00007ffbe0be0000 - 0x00007ffbe0c4b000 	C:\WINDOWS\system32\mswsock.dll
0x00007ffbb17e0000 - 0x00007ffbb17f6000 	C:\Program Files\Android\Android Studio\jbr\bin\nio.dll
0x00007ffbc7540000 - 0x00007ffbc7550000 	C:\Program Files\Android\Android Studio\jbr\bin\verify.dll
0x00007ffbc6680000 - 0x00007ffbc66a7000 	C:\Users\OWNER\.gradle\native\c067742578af261105cb4f569cf0c3c89f3d7b1fecec35dd04571415982c5e48\windows-amd64\native-platform.dll
0x00007ffb7f2a0000 - 0x00007ffb7f3e4000 	C:\Users\OWNER\.gradle\native\38dada09dfb8b06ba9b0570ebf7e218e3eb74d4ef43ca46872605cf95ebc2f47\windows-amd64\native-platform-file-events.dll
0x00007ffbc7ba0000 - 0x00007ffbc7ba9000 	C:\Program Files\Android\Android Studio\jbr\bin\management.dll
0x00007ffbc7aa0000 - 0x00007ffbc7aab000 	C:\Program Files\Android\Android Studio\jbr\bin\management_ext.dll
0x00007ffbe4540000 - 0x00007ffbe4548000 	C:\WINDOWS\System32\PSAPI.DLL
0x00007ffbe0ec0000 - 0x00007ffbe0edb000 	C:\WINDOWS\SYSTEM32\CRYPTSP.dll
0x00007ffbe05d0000 - 0x00007ffbe0609000 	C:\WINDOWS\system32\rsaenh.dll
0x00007ffbe0c90000 - 0x00007ffbe0cc2000 	C:\WINDOWS\SYSTEM32\USERENV.dll
0x00007ffbe17d0000 - 0x00007ffbe17fa000 	C:\WINDOWS\SYSTEM32\bcrypt.dll
0x00007ffbe0ee0000 - 0x00007ffbe0eec000 	C:\WINDOWS\SYSTEM32\CRYPTBASE.dll
0x00007ffbe0080000 - 0x00007ffbe00b3000 	C:\WINDOWS\SYSTEM32\IPHLPAPI.DLL
0x00007ffbe4180000 - 0x00007ffbe418a000 	C:\WINDOWS\System32\NSI.dll
0x00007ffbc88a0000 - 0x00007ffbc88a9000 	C:\Program Files\Android\Android Studio\jbr\bin\extnet.dll
0x00007ffb9fa50000 - 0x00007ffb9fa58000 	C:\WINDOWS\system32\wshunix.dll

JVMTI agents:
C:\Users\OWNER\.gradle\wrapper\dists\gradle-8.5-bin\5t9huq95ubn472n8rpzujfbqh\gradle-8.5\lib\agents\gradle-instrumentation-agent-8.5.jar path:C:\Program Files\Android\Android Studio\jbr\bin\instrument.dll, loaded, initialized, instrumentlib options:none

dbghelp: loaded successfully - version: 4.0.5 - missing functions: none
symbol engine: initialized successfully - sym options: 0x614 - pdb path: .;C:\Program Files\Android\Android Studio\jbr\bin;C:\WINDOWS\SYSTEM32;C:\WINDOWS\WinSxS\amd64_microsoft.windows.common-controls_6595b64144ccf1df_6.0.26100.8037_none_3e092faae333b53b;C:\Program Files\Android\Android Studio\jbr\bin\server;C:\Users\OWNER\.gradle\native\c067742578af261105cb4f569cf0c3c89f3d7b1fecec35dd04571415982c5e48\windows-amd64;C:\Users\OWNER\.gradle\native\38dada09dfb8b06ba9b0570ebf7e218e3eb74d4ef43ca46872605cf95ebc2f47\windows-amd64

VM Arguments:
jvm_args: -XX:MaxMetaspaceSize=512m -XX:ReservedCodeCacheSize=256m --add-opens=java.base/java.util=ALL-UNNAMED --add-opens=java.base/java.lang=ALL-UNNAMED --add-opens=java.base/java.lang.invoke=ALL-UNNAMED --add-opens=java.prefs/java.util.prefs=ALL-UNNAMED --add-opens=java.base/java.nio.charset=ALL-UNNAMED --add-opens=java.base/java.net=ALL-UNNAMED --add-opens=java.base/java.util.concurrent.atomic=ALL-UNNAMED -Xmx1536m -Dfile.encoding=UTF-8 -Duser.country=IN -Duser.language=en -Duser.variant -javaagent:C:\Users\OWNER\.gradle\wrapper\dists\gradle-8.5-bin\5t9huq95ubn472n8rpzujfbqh\gradle-8.5\lib\agents\gradle-instrumentation-agent-8.5.jar 
java_command: org.gradle.launcher.daemon.bootstrap.GradleDaemon 8.5
java_class_path (initial): C:\Users\OWNER\.gradle\wrapper\dists\gradle-8.5-bin\5t9huq95ubn472n8rpzujfbqh\gradle-8.5\lib\gradle-launcher-8.5.jar
Launcher Type: SUN_STANDARD

[Global flags]
     intx CICompilerCount                          = 3                                         {product} {ergonomic}
   size_t CompressedClassSpaceSize                 = 436207616                                 {product} {ergonomic}
     uint ConcGCThreads                            = 1                                         {product} {ergonomic}
     uint G1ConcRefinementThreads                  = 4                                         {product} {ergonomic}
   size_t G1HeapRegionSize                         = 1048576                                   {product} {ergonomic}
    uintx GCDrainStackTargetSize                   = 64                                        {product} {ergonomic}
   size_t InitialHeapSize                          = 65011712                                  {product} {ergonomic}
   size_t MarkStackSize                            = 4194304                                   {product} {ergonomic}
   size_t MaxHeapSize                              = 1610612736                                {product} {command line}
   size_t MaxMetaspaceSize                         = 536870912                                 {product} {command line}
   size_t MaxNewSize                               = 965738496                                 {product} {ergonomic}
   size_t MinHeapDeltaBytes                        = 1048576                                   {product} {ergonomic}
   size_t MinHeapSize                              = 8388608                                   {product} {ergonomic}
    uintx NonNMethodCodeHeapSize                   = 5832780                                {pd product} {ergonomic}
    uintx NonProfiledCodeHeapSize                  = 131301338                              {pd product} {ergonomic}
    uintx ProfiledCodeHeapSize                     = 131301338                              {pd product} {ergonomic}
    uintx ReservedCodeCacheSize                    = 268435456                              {pd product} {command line}
     bool SegmentedCodeCache                       = true                                      {product} {ergonomic}
   size_t SoftMaxHeapSize                          = 1610612736                             {manageable} {ergonomic}
     bool UseCompressedOops                        = true                           {product lp64_product} {ergonomic}
     bool UseG1GC                                  = true                                      {product} {ergonomic}
     bool UseLargePagesIndividualAllocation        = false                                  {pd product} {ergonomic}

Logging:
Log output configuration:
 #0: stdout all=warning uptime,level,tags foldmultilines=false
 #1: stderr all=off uptime,level,tags foldmultilines=false

Release file:
JAVA_VERSION="21.0.9" 
MODULES="java.base java.compiler java.datatransfer java.xml java.prefs java.desktop java.instrument java.logging java.management java.security.sasl java.naming java.rmi java.management.rmi java.net.http java.scripting java.security.jgss java.transaction.xa java.sql java.sql.rowset java.xml.crypto java.se java.smartcardio jdk.accessibility jdk.internal.jvmstat jdk.attach jdk.charsets jdk.internal.opt jdk.zipfs jdk.compiler jdk.crypto.ec jdk.crypto.cryptoki jdk.dynalink jdk.hotspot.agent jdk.httpserver jdk.internal.ed jdk.internal.le jdk.internal.vm.ci jdk.jartool jdk.javadoc jdk.jcmd jdk.jdeps jdk.jdwp.agent jdk.jdi jdk.jfr jdk.jlink jdk.jsobject jdk.localedata jdk.management jdk.management.agent jdk.management.jfr jdk.naming.dns jdk.naming.rmi jdk.net jdk.sctp jdk.security.auth jdk.security.jgss jdk.unsupported jdk.unsupported.desktop jdk.xml.dom" 
IMPLEMENTOR="JetBrains s.r.o." 
JAVA_RUNTIME_VERSION="21.0.9+-14787801-b1163.94" 
LIBC="default" 
OS_ARCH="x86_64" 
OS_NAME="Windows" 
SOURCE=".:git:0c757ddc9f2f" 

Environment Variables:
PATH=C:\WINDOWS\system32;C:\WINDOWS;C:\WINDOWS\System32\Wbem;C:\WINDOWS\System32\WindowsPowerShell\v1.0\;C:\WINDOWS\System32\OpenSSH\;C:\Program Files\Git\cmd;C:\Users\OWNER\AppData\Local\Microsoft\WindowsApps;C:\Users\OWNER\AppData\Local\Programs\Microsoft VS Code\bin;C:\MinGW\bin;
USERNAME=OWNER
OS=Windows_NT
PROCESSOR_IDENTIFIER=Intel64 Family 6 Model 126 Stepping 5, GenuineIntel
TMP=C:\Users\OWNER\AppData\Local\Temp
TEMP=C:\Users\OWNER\AppData\Local\Temp




Periodic native trim disabled

JNI global refs:
JNI global refs: 26, weak refs: 0

JNI global refs memory usage: 835, weak refs: 833

Process memory usage:
Resident Set Size: 107436K (2% of 3970864K total physical memory with 7592K free physical memory)

OOME stack traces (most recent first):
Classloader memory used:
Loader org.gradle.internal.classloader.VisitableURLClassLoader                         : 50810K
Loader bootstrap                                                                       : 23145K
Loader org.gradle.initialization.MixInLegacyTypesClassLoader                           : 5623K
Loader org.gradle.internal.classloader.VisitableURLClassLoader                         : 761K
Loader org.gradle.internal.classloader.VisitableURLClassLoader$InstrumentingVisitableURLClassLoader: 587K
Loader jdk.internal.loader.ClassLoaders$PlatformClassLoader                            : 528K
Loader jdk.internal.loader.ClassLoaders$AppClassLoader                                 : 227K
Loader jdk.internal.reflect.DelegatingClassLoader                                      : 186K
Loader org.gradle.groovy.scripts.internal.DefaultScriptCompilationHandler$ScriptClassLoader: 89000B
Loader org.codehaus.groovy.runtime.callsite.CallSiteClassLoader                        : 45480B

Classes loaded by more than one classloader:
Class org.gradle.internal.IoActions                                                   : loaded 3 times (x 71B)
Class org.gradle.api.Action                                                           : loaded 3 times (x 70B)
Class org.gradle.api.GradleException                                                  : loaded 3 times (x 82B)
Class org.gradle.api.internal.classpath.ManifestUtil                                  : loaded 2 times (x 71B)
Class com.google.common.collect.UnmodifiableListIterator                              : loaded 2 times (x 95B)
Class org.gradle.internal.operations.MultipleBuildOperationFailures                   : loaded 2 times (x 95B)
Class org.gradle.internal.classloader.DefaultClassLoaderFactory                       : loaded 2 times (x 82B)
Class kotlin.collections.AbstractList$Companion                                       : loaded 2 times (x 71B)
Class org.gradle.internal.classloader.ClassLoaderVisitor                              : loaded 2 times (x 76B)
Class org.gradle.api.internal.classpath.EffectiveClassPath                            : loaded 2 times (x 90B)
Class org.gradle.api.internal.DefaultClassPathProvider                                : loaded 2 times (x 76B)
Class [Lorg.gradle.api.internal.ClassPathProvider;                                    : loaded 2 times (x 69B)
Class org.gradle.api.internal.ClassPathProvider                                       : loaded 2 times (x 70B)
Class org.gradle.internal.service.UnknownServiceException                             : loaded 2 times (x 83B)
Class org.gradle.internal.classpath.TransformedClassPath                              : loaded 2 times (x 96B)
Class com.google.common.collect.Iterators$ArrayItr                                    : loaded 2 times (x 97B)
Class kotlin.enums.EnumEntriesList                                                    : loaded 2 times (x 223B)
Class com.google.common.collect.UnmodifiableIterator                                  : loaded 2 times (x 80B)
Class org.gradle.internal.service.ServiceLocator                                      : loaded 2 times (x 70B)
Class com.google.common.collect.Iterators                                             : loaded 2 times (x 71B)
Class com.google.common.collect.Lists$StringAsImmutableList                           : loaded 2 times (x 207B)
Class org.gradle.internal.InternalTransformer                                         : loaded 2 times (x 70B)
Class org.gradle.internal.time.DefaultTimer                                           : loaded 2 times (x 80B)
Class org.gradle.internal.classloader.ClasspathUtil$1                                 : loaded 2 times (x 76B)
Class ijInit1_7r0cqy0fgwcdnw27yc31hmmqm                                               : loaded 2 times (x 179B)
Class sync_studio_tooling1142_4cws5rxuymddjlcbfc2035h$_run_closure1                   : loaded 2 times (x 139B)
Class org.gradle.api.internal.classpath.DefaultModuleRegistry$DefaultModule           : loaded 2 times (x 86B)
Class com.google.common.collect.AbstractIterator                                      : loaded 2 times (x 82B)
Class com.google.common.collect.AbstractIndexedListIterator                           : loaded 2 times (x 96B)
Class org.gradle.internal.time.DefaultCountdownTimer                                  : loaded 2 times (x 88B)
Class org.gradle.api.internal.classpath.Module                                        : loaded 2 times (x 70B)
Class org.gradle.api.internal.classpath.UnknownModuleException                        : loaded 2 times (x 82B)
Class org.gradle.cache.GlobalCache                                                    : loaded 2 times (x 70B)
Class org.gradle.api.internal.DefaultClassPathRegistry                                : loaded 2 times (x 76B)
Class org.gradle.api.internal.ClassPathRegistry                                       : loaded 2 times (x 70B)
Class org.gradle.internal.classpath.DefaultClassPath$ImmutableUniqueList              : loaded 2 times (x 199B)
Class org.gradle.internal.classpath.ClassPath                                         : loaded 2 times (x 70B)
Class org.gradle.internal.classloader.ClassLoaderHierarchy                            : loaded 2 times (x 70B)
Class com.google.common.collect.Iterators$1                                           : loaded 2 times (x 81B)
Class kotlin.UninitializedPropertyAccessException                                     : loaded 2 times (x 82B)
Class com.google.common.collect.Iterators$4                                           : loaded 2 times (x 82B)
Class org.gradle.internal.installation.GradleInstallation$1                           : loaded 2 times (x 75B)
Class org.gradle.api.internal.classpath.ModuleRegistry                                : loaded 2 times (x 70B)
Class com.google.common.collect.Iterators$5                                           : loaded 2 times (x 82B)
Class com.google.common.collect.ImmutableCollection                                   : loaded 2 times (x 125B)
Class sync_studio_tooling1142_4cws5rxuymddjlcbfc2035h                                 : loaded 2 times (x 179B)
Class org.gradle.api.internal.classpath.DefaultModuleRegistry                         : loaded 2 times (x 86B)
Class com.google.common.collect.Lists                                                 : loaded 2 times (x 71B)
Class com.google.common.collect.Iterators$9                                           : loaded 2 times (x 81B)
Class org.gradle.internal.time.MonotonicClock                                         : loaded 2 times (x 77B)
Class org.gradle.internal.service.ServiceLookupException                              : loaded 2 times (x 82B)
Class org.gradle.internal.classloader.ClassLoaderFactory                              : loaded 2 times (x 70B)
Class org.gradle.internal.service.CachingServiceLocator                               : loaded 2 times (x 82B)
Class org.gradle.internal.time.TimeSource                                             : loaded 2 times (x 70B)
Class kotlin.enums.EnumEntries                                                        : loaded 2 times (x 70B)
Class org.gradle.internal.exceptions.ResolutionProvider                               : loaded 2 times (x 70B)
Class org.gradle.internal.classloader.ClasspathUtil                                   : loaded 2 times (x 71B)
Class org.gradle.internal.time.TimeSource$1                                           : loaded 2 times (x 77B)
Class kotlin.jvm.internal.DefaultConstructorMarker                                    : loaded 2 times (x 71B)
Class org.gradle.api.specs.Spec                                                       : loaded 2 times (x 70B)
Class org.gradle.internal.time.Clock                                                  : loaded 2 times (x 70B)
Class kotlin.collections.AbstractList                                                 : loaded 2 times (x 197B)
Class kotlin.collections.AbstractCollection                                           : loaded 2 times (x 117B)
Class org.gradle.internal.classloader.VisitableURLClassLoader$InstrumentingVisitableURLClassLoader: loaded 2 times (x 123B)
Class org.gradle.internal.classloader.VisitableURLClassLoader$Spec                    : loaded 2 times (x 74B)
Class org.gradle.internal.classpath.DefaultClassPath                                  : loaded 2 times (x 90B)
Class org.gradle.util.internal.DefaultGradleVersion                                   : loaded 2 times (x 82B)
Class org.gradle.internal.classloader.ClassLoaderSpec                                 : loaded 2 times (x 71B)
Class org.gradle.internal.classloader.VisitableURLClassLoader                         : loaded 2 times (x 117B)
Class org.gradle.internal.classloader.FilteringClassLoader                            : loaded 2 times (x 105B)
Class org.gradle.internal.Cast                                                        : loaded 2 times (x 71B)
Class org.gradle.internal.agents.InstrumentingClassLoader                             : loaded 2 times (x 70B)
Class org.gradle.internal.classpath.DefaultClassPath$ImmutableUniqueList$Builder      : loaded 2 times (x 75B)
Class org.gradle.api.UncheckedIOException                                             : loaded 2 times (x 82B)
Class org.gradle.internal.exceptions.NonGradleCauseExceptionsHolder                   : loaded 2 times (x 70B)
Class kotlin.NotImplementedError                                                      : loaded 2 times (x 82B)
Class kotlin.enums.EnumEntriesKt                                                      : loaded 2 times (x 71B)
Class org.gradle.internal.classloader.SystemClassLoaderSpec                           : loaded 2 times (x 71B)
Class org.gradle.internal.exceptions.MultiCauseException                              : loaded 2 times (x 70B)
Class org.gradle.internal.time.CountdownTimer                                         : loaded 2 times (x 70B)
Class kotlin.jvm.internal.Intrinsics                                                  : loaded 2 times (x 71B)
Class org.gradle.tooling.model.ProjectModel                                           : loaded 2 times (x 70B)
Class kotlin.KotlinNullPointerException                                               : loaded 2 times (x 83B)
Class org.gradle.internal.exceptions.DefaultMultiCauseException                       : loaded 2 times (x 95B)
Class com.google.common.base.Preconditions                                            : loaded 2 times (x 71B)
Class com.google.common.collect.PeekingIterator                                       : loaded 2 times (x 70B)
Class org.gradle.internal.time.Time                                                   : loaded 2 times (x 71B)
Class kotlin.NoWhenBranchMatchedException                                             : loaded 2 times (x 82B)
Class org.gradle.internal.time.Timer                                                  : loaded 2 times (x 70B)
Class kotlin.jvm.internal.markers.KMappedMarker                                       : loaded 2 times (x 70B)
Class org.gradle.internal.installation.CurrentGradleInstallationLocator               : loaded 2 times (x 71B)
Class com.google.common.collect.ImmutableList                                         : loaded 2 times (x 206B)
Class org.gradle.internal.service.DefaultServiceLocator                               : loaded 2 times (x 83B)
Class org.gradle.util.GradleVersion                                                   : loaded 2 times (x 81B)
Class org.gradle.internal.installation.CurrentGradleInstallation                      : loaded 2 times (x 73B)
Class org.gradle.util.internal.GUtil                                                  : loaded 2 times (x 71B)
Class com.google.common.collect.Iterators$MergingIterator                             : loaded 2 times (x 81B)
Class org.gradle.internal.installation.GradleInstallation                             : loaded 2 times (x 75B)

---------------  S Y S T E M  ---------------

OS:
 Windows 11 , 64 bit Build 26100 (10.0.26100.7920)
OS uptime: 1 days 4:01 hours

CPU: total 4 (initial active 4) (2 cores per cpu, 2 threads per core) family 6 model 126 stepping 5 microcode 0xa0, cx8, cmov, fxsr, ht, mmx, 3dnowpref, sse, sse2, sse3, ssse3, sse4.1, sse4.2, popcnt, lzcnt, tsc, tscinvbit, avx, avx2, aes, erms, clmul, bmi1, bmi2, adx, avx512f, avx512dq, avx512cd, avx512bw, avx512vl, sha, fma, vzeroupper, avx512_vpopcntdq, avx512_vpclmulqdq, avx512_vaes, avx512_vnni, clflush, clflushopt, avx512_vbmi2, avx512_vbmi, rdtscp, rdpid, fsrm, gfni, avx512_bitalg, f16c, pku, avx512_ifma
Processor Information for the first 4 processors :
  Max Mhz: 1190, Current Mhz: 1190, Mhz Limit: 1190

Memory: 4k page, system-wide physical 3877M (4M free)
TotalPageFile size 15653M (AvailPageFile size 416M)
current process WorkingSet (physical memory assigned to process): 112M, peak: 325M
current process commit charge ("private bytes"): 447M, peak: 862M

vm_info: OpenJDK 64-Bit Server VM (21.0.9+-14787801-b1163.94) for windows-amd64 JRE (21.0.9+-14787801-b1163.94), built on 2026-01-27T21:15:44Z by "builder" with MS VC++ 16.10 / 16.11 (VS2019)

END.
