#
# There is insufficient memory for the Java Runtime Environment to continue.
# Native memory allocation (malloc) failed to allocate 3027744 bytes. Error detail: Chunk::new
# Possible reasons:
#   The system is out of physical RAM or swap space
#   This process is running with CompressedOops enabled, and the Java Heap may be blocking the growth of the native heap
# Possible solutions:
#   Reduce memory load on the system
#   Increase physical memory or swap space
#   Check if swap backing store is full
#   Decrease Java heap size (-Xmx/-Xms)
#   Decrease number of Java threads
#   Decrease Java thread stack sizes (-Xss)
#   Set larger code cache with -XX:ReservedCodeCacheSize=
#   JVM is running with Unscaled Compressed Oops mode in which the Java heap is
#     placed in the first 4GB address space. The Java Heap base address is the
#     maximum limit for the native heap growth. Please use -XX:HeapBaseMinAddress
#     to set the Java Heap base and to place the Java Heap above 4GB virtual address.
# This output file may be truncated or incomplete.
#
#  Out of Memory Error (arena.cpp:168), pid=9080, tid=9336
#
# JRE version: OpenJDK Runtime Environment (21.0.9) (build 21.0.9+-14787801-b1163.94)
# Java VM: OpenJDK 64-Bit Server VM (21.0.9+-14787801-b1163.94, mixed mode, tiered, compressed oops, compressed class ptrs, g1 gc, windows-amd64)
# No core dump will be written. Minidumps are not enabled by default on client versions of Windows
#

---------------  S U M M A R Y ------------

Command Line: -XX:MaxMetaspaceSize=512m -XX:ReservedCodeCacheSize=256m --add-opens=java.base/java.util=ALL-UNNAMED --add-opens=java.base/java.lang=ALL-UNNAMED --add-opens=java.base/java.lang.invoke=ALL-UNNAMED --add-opens=java.prefs/java.util.prefs=ALL-UNNAMED --add-opens=java.base/java.nio.charset=ALL-UNNAMED --add-opens=java.base/java.net=ALL-UNNAMED --add-opens=java.base/java.util.concurrent.atomic=ALL-UNNAMED -Xmx1536m -Dfile.encoding=UTF-8 -Duser.country=IN -Duser.language=en -Duser.variant -javaagent:C:\Users\OWNER\.gradle\wrapper\dists\gradle-8.7-bin\bhs2wmbdwecv87pi65oeuq5iu\gradle-8.7\lib\agents\gradle-instrumentation-agent-8.7.jar org.gradle.launcher.daemon.bootstrap.GradleDaemon 8.7

Host: Intel(R) Core(TM) i3-1005G1 CPU @ 1.20GHz, 4 cores, 3G,  Windows 11 , 64 bit Build 26100 (10.0.26100.7920)
Time: Wed Apr  1 01:40:24 2026 India Standard Time elapsed time: 64.864746 seconds (0d 0h 1m 4s)

---------------  T H R E A D  ---------------

Current thread (0x000001cf2f5fed40):  JavaThread "C2 CompilerThread0" daemon [_thread_in_native, id=9336, stack(0x0000008433e00000,0x0000008433f00000) (1024K)]


Current CompileTask:
C2:64866 9122       4       org.objectweb.asm.ClassReader::readCode (5117 bytes)

Stack: [0x0000008433e00000,0x0000008433f00000]
Native frames: (J=compiled Java code, j=interpreted, Vv=VM code, C=native code)
V  [jvm.dll+0x6d6c99]
V  [jvm.dll+0x866b83]
V  [jvm.dll+0x8691ae]
V  [jvm.dll+0x869893]
V  [jvm.dll+0x280776]
V  [jvm.dll+0xc07cd]
V  [jvm.dll+0xc0d03]
V  [jvm.dll+0x3b986b]
V  [jvm.dll+0x1dfcb2]
V  [jvm.dll+0x2495b4]
V  [jvm.dll+0x248a31]
V  [jvm.dll+0x1c7344]
V  [jvm.dll+0x2581ae]
V  [jvm.dll+0x2566f6]
V  [jvm.dll+0x3f48a6]
V  [jvm.dll+0x80f118]
V  [jvm.dll+0x6d54ed]
C  [ucrtbase.dll+0x37b0]
C  [KERNEL32.DLL+0x2e8d7]
C  [ntdll.dll+0x8c48c]


---------------  P R O C E S S  ---------------

Threads class SMR info:
_java_thread_list=0x000001cf2f7f4050, length=40, elements={
0x000001cf17ff94e0, 0x000001cf2f471b20, 0x000001cf2f48afc0, 0x000001cf2f48ba20,
0x000001cf2f5f3750, 0x000001cf2f5f51c0, 0x000001cf2f5f8030, 0x000001cf2f5f8a90,
0x000001cf2f5fed40, 0x000001cf2f628810, 0x000001cf2f8b4f20, 0x000001cf35c0ed50,
0x000001cf3525e870, 0x000001cf34ba2040, 0x000001cf35d88910, 0x000001cf34dc7cf0,
0x000001cf34b96710, 0x000001cf35b761c0, 0x000001cf3439f490, 0x000001cf343a01b0,
0x000001cf3439fb20, 0x000001cf343a1560, 0x000001cf343a0840, 0x000001cf343a1bf0,
0x000001cf3439ee00, 0x000001cf34e091e0, 0x000001cf34e077a0, 0x000001cf34e084c0,
0x000001cf34e05d60, 0x000001cf34e063f0, 0x000001cf34e09870, 0x000001cf34e06a80,
0x000001cf34e0a590, 0x000001cf34e07e30, 0x000001cf34e07110, 0x000001cf34e0b2b0,
0x000001cf34e0ccf0, 0x000001cf3847e300, 0x000001cf3847e990, 0x000001cf3847bba0
}

Java Threads: ( => current thread )
  0x000001cf17ff94e0 JavaThread "main"                              [_thread_blocked, id=2668, stack(0x0000008432f00000,0x0000008433000000) (1024K)]
  0x000001cf2f471b20 JavaThread "Common-Cleaner"             daemon [_thread_blocked, id=10648, stack(0x0000008433700000,0x0000008433800000) (1024K)]
  0x000001cf2f48afc0 JavaThread "Reference Handler"          daemon [_thread_blocked, id=13332, stack(0x0000008433800000,0x0000008433900000) (1024K)]
  0x000001cf2f48ba20 JavaThread "Finalizer"                  daemon [_thread_blocked, id=12236, stack(0x0000008433900000,0x0000008433a00000) (1024K)]
  0x000001cf2f5f3750 JavaThread "Signal Dispatcher"          daemon [_thread_blocked, id=17088, stack(0x0000008433a00000,0x0000008433b00000) (1024K)]
  0x000001cf2f5f51c0 JavaThread "Attach Listener"            daemon [_thread_blocked, id=11336, stack(0x0000008433b00000,0x0000008433c00000) (1024K)]
  0x000001cf2f5f8030 JavaThread "Service Thread"             daemon [_thread_blocked, id=9772, stack(0x0000008433c00000,0x0000008433d00000) (1024K)]
  0x000001cf2f5f8a90 JavaThread "Monitor Deflation Thread"   daemon [_thread_blocked, id=14552, stack(0x0000008433d00000,0x0000008433e00000) (1024K)]
=>0x000001cf2f5fed40 JavaThread "C2 CompilerThread0"         daemon [_thread_in_native, id=9336, stack(0x0000008433e00000,0x0000008433f00000) (1024K)]
  0x000001cf2f628810 JavaThread "C1 CompilerThread0"         daemon [_thread_blocked, id=11924, stack(0x0000008433f00000,0x0000008434000000) (1024K)]
  0x000001cf2f8b4f20 JavaThread "Notification Thread"        daemon [_thread_blocked, id=16164, stack(0x0000008434000000,0x0000008434100000) (1024K)]
  0x000001cf35c0ed50 JavaThread "Daemon health stats"               [_thread_blocked, id=868, stack(0x0000008434400000,0x0000008434500000) (1024K)]
  0x000001cf3525e870 JavaThread "Incoming local TCP Connector on port 51151"        [_thread_in_native, id=7684, stack(0x0000008434500000,0x0000008434600000) (1024K)]
  0x000001cf34ba2040 JavaThread "Daemon periodic checks"            [_thread_blocked, id=3604, stack(0x0000008434600000,0x0000008434700000) (1024K)]
  0x000001cf35d88910 JavaThread "Daemon"                            [_thread_blocked, id=11440, stack(0x0000008434700000,0x0000008434800000) (1024K)]
  0x000001cf34dc7cf0 JavaThread "Handler for socket connection from /127.0.0.1:51151 to /127.0.0.1:51152"        [_thread_in_native, id=9000, stack(0x0000008434800000,0x0000008434900000) (1024K)]
  0x000001cf34b96710 JavaThread "Cancel handler"                    [_thread_blocked, id=2204, stack(0x0000008434900000,0x0000008434a00000) (1024K)]
  0x000001cf35b761c0 JavaThread "Daemon worker"                     [_thread_in_Java, id=11048, stack(0x0000008434a00000,0x0000008434b00000) (1024K)]
  0x000001cf3439f490 JavaThread "Asynchronous log dispatcher for DefaultDaemonConnection: socket connection from /127.0.0.1:51151 to /127.0.0.1:51152"        [_thread_in_vm, id=15552, stack(0x0000008434b00000,0x0000008434c00000) (1024K)]
  0x000001cf343a01b0 JavaThread "Stdin handler"                     [_thread_blocked, id=6108, stack(0x0000008434c00000,0x0000008434d00000) (1024K)]
  0x000001cf3439fb20 JavaThread "Daemon client event forwarder"        [_thread_in_Java, id=16388, stack(0x0000008434d00000,0x0000008434e00000) (1024K)]
  0x000001cf343a1560 JavaThread "Cache worker for journal cache (C:\Users\OWNER\.gradle\caches\journal-1)"        [_thread_blocked, id=18200, stack(0x0000008434e00000,0x0000008434f00000) (1024K)]
  0x000001cf343a0840 JavaThread "File lock request listener"        [_thread_in_native, id=15008, stack(0x0000008434f00000,0x0000008435000000) (1024K)]
  0x000001cf343a1bf0 JavaThread "Cache worker for file hash cache (C:\Users\OWNER\.gradle\caches\8.7\fileHashes)"        [_thread_blocked, id=14356, stack(0x0000008435000000,0x0000008435100000) (1024K)]
  0x000001cf3439ee00 JavaThread "Cache worker for file hash cache (C:\Users\OWNER\AndroidStudioProjects\notesapp\.gradle\8.7\fileHashes)"        [_thread_blocked, id=9680, stack(0x0000008435100000,0x0000008435200000) (1024K)]
  0x000001cf34e091e0 JavaThread "File watcher server"        daemon [_thread_in_native, id=12596, stack(0x0000008435200000,0x0000008435300000) (1024K)]
  0x000001cf34e077a0 JavaThread "File watcher consumer"      daemon [_thread_blocked, id=13728, stack(0x0000008435300000,0x0000008435400000) (1024K)]
  0x000001cf34e084c0 JavaThread "jar transforms"                    [_thread_blocked, id=13040, stack(0x0000008435400000,0x0000008435500000) (1024K)]
  0x000001cf34e05d60 JavaThread "jar transforms Thread 2"           [_thread_blocked, id=7276, stack(0x0000008435500000,0x0000008435600000) (1024K)]
  0x000001cf34e063f0 JavaThread "jar transforms Thread 3"           [_thread_blocked, id=17860, stack(0x0000008435600000,0x0000008435700000) (1024K)]
  0x000001cf34e09870 JavaThread "jar transforms Thread 4"           [_thread_blocked, id=6832, stack(0x0000008435700000,0x0000008435800000) (1024K)]
  0x000001cf34e06a80 JavaThread "Cache worker for checksums cache (C:\Users\OWNER\AndroidStudioProjects\notesapp\.gradle\8.7\checksums)"        [_thread_blocked, id=8632, stack(0x0000008435800000,0x0000008435900000) (1024K)]
  0x000001cf34e0a590 JavaThread "Cache worker for cache directory md-supplier (C:\Users\OWNER\.gradle\caches\8.7\md-supplier)"        [_thread_blocked, id=8584, stack(0x0000008435900000,0x0000008435a00000) (1024K)]
  0x000001cf34e07e30 JavaThread "Cache worker for cache directory md-rule (C:\Users\OWNER\.gradle\caches\8.7\md-rule)"        [_thread_blocked, id=16920, stack(0x0000008435a00000,0x0000008435b00000) (1024K)]
  0x000001cf34e07110 JavaThread "Cache worker for file content cache (C:\Users\OWNER\.gradle\caches\8.7\fileContent)"        [_thread_blocked, id=12988, stack(0x0000008435b00000,0x0000008435c00000) (1024K)]
  0x000001cf34e0b2b0 JavaThread "Unconstrained build operations"        [_thread_blocked, id=3212, stack(0x0000008435c00000,0x0000008435d00000) (1024K)]
  0x000001cf34e0ccf0 JavaThread "Unconstrained build operations Thread 2"        [_thread_blocked, id=15496, stack(0x0000008435d00000,0x0000008435e00000) (1024K)]
  0x000001cf3847e300 JavaThread "Unconstrained build operations Thread 3"        [_thread_blocked, id=1440, stack(0x0000008435e00000,0x0000008435f00000) (1024K)]
  0x000001cf3847e990 JavaThread "Unconstrained build operations Thread 4"        [_thread_blocked, id=16444, stack(0x0000008435f00000,0x0000008436000000) (1024K)]
  0x000001cf3847bba0 JavaThread "Unconstrained build operations Thread 5"        [_thread_blocked, id=12808, stack(0x0000008436000000,0x0000008436100000) (1024K)]
Total: 40

Other Threads:
  0x000001cf2f4086c0 VMThread "VM Thread"                           [id=13516, stack(0x0000008433600000,0x0000008433700000) (1024K)]
  0x000001cf2f3acde0 WatcherThread "VM Periodic Task Thread"        [id=5908, stack(0x0000008433500000,0x0000008433600000) (1024K)]
  0x000001cf180423a0 WorkerThread "GC Thread#0"                     [id=708, stack(0x0000008433000000,0x0000008433100000) (1024K)]
  0x000001cf34309ac0 WorkerThread "GC Thread#1"                     [id=18280, stack(0x0000008434100000,0x0000008434200000) (1024K)]
  0x000001cf3430a470 WorkerThread "GC Thread#2"                     [id=17680, stack(0x0000008434200000,0x0000008434300000) (1024K)]
  0x000001cf348ef9a0 WorkerThread "GC Thread#3"                     [id=17624, stack(0x0000008434300000,0x0000008434400000) (1024K)]
  0x000001cf18050870 ConcurrentGCThread "G1 Main Marker"            [id=3540, stack(0x0000008433100000,0x0000008433200000) (1024K)]
  0x000001cf18051280 WorkerThread "G1 Conc#0"                       [id=4612, stack(0x0000008433200000,0x0000008433300000) (1024K)]
  0x000001cf180ab540 ConcurrentGCThread "G1 Refine#0"               [id=14300, stack(0x0000008433300000,0x0000008433400000) (1024K)]
  0x000001cf180abfc0 ConcurrentGCThread "G1 Service"                [id=2004, stack(0x0000008433400000,0x0000008433500000) (1024K)]
Total: 10

Threads with active compile tasks:
C2 CompilerThread0  65031 9122       4       org.objectweb.asm.ClassReader::readCode (5117 bytes)
Total: 1

VM state: not at safepoint (normal execution)

VM Mutex/Monitor currently owned by a thread: None

Heap address: 0x00000000a0000000, size: 1536 MB, Compressed Oops mode: 32-bit

CDS archive(s) not mapped
Compressed class space mapped at: 0x0000000100000000-0x000000011a000000, reserved size: 436207616
Narrow klass base: 0x0000000000000000, Narrow klass shift: 3, Narrow klass range: 0x11a000000

GC Precious Log:
 CardTable entry size: 512
 Card Set container configuration: InlinePtr #cards 5 size 8 Array Of Cards #cards 12 size 40 Howl #buckets 4 coarsen threshold 1843 Howl Bitmap #cards 512 size 80 coarsen threshold 460 Card regions per heap region 1 cards per card region 2048
 CPUs: 4 total, 4 available
 Memory: 3877M
 Large Page Support: Disabled
 NUMA Support: Disabled
 Compressed Oops: Enabled (32-bit)
 Heap Region Size: 1M
 Heap Min Capacity: 8M
 Heap Initial Capacity: 62M
 Heap Max Capacity: 1536M
 Pre-touch: Disabled
 Parallel Workers: 4
 Concurrent Workers: 1
 Concurrent Refinement Workers: 4
 Periodic GC: Disabled

Heap:
 garbage-first heap   total 231424K, used 199950K [0x00000000a0000000, 0x0000000100000000)
  region size 1024K, 124 young (126976K), 7 survivors (7168K)
 Metaspace       used 65649K, committed 67200K, reserved 491520K
  class space    used 8945K, committed 9664K, reserved 425984K

Heap Regions: E=young(eden), S=young(survivor), O=old, HS=humongous(starts), HC=humongous(continues), CS=collection set, F=free, TAMS=top-at-mark-start, PB=parsable bottom
|   0|0x00000000a0000000, 0x00000000a0100000, 0x00000000a0100000|100%|HS|  |TAMS 0x00000000a0000000| PB 0x00000000a0000000| Complete 
|   1|0x00000000a0100000, 0x00000000a0200000, 0x00000000a0200000|100%|HC|  |TAMS 0x00000000a0100000| PB 0x00000000a0100000| Complete 
|   2|0x00000000a0200000, 0x00000000a0300000, 0x00000000a0300000|100%|HC|  |TAMS 0x00000000a0200000| PB 0x00000000a0200000| Complete 
|   3|0x00000000a0300000, 0x00000000a0400000, 0x00000000a0400000|100%|HC|  |TAMS 0x00000000a0300000| PB 0x00000000a0300000| Complete 
|   4|0x00000000a0400000, 0x00000000a0500000, 0x00000000a0500000|100%|HS|  |TAMS 0x00000000a0400000| PB 0x00000000a0400000| Complete 
|   5|0x00000000a0500000, 0x00000000a0600000, 0x00000000a0600000|100%| O|  |TAMS 0x00000000a0500000| PB 0x00000000a0500000| Untracked 
|   6|0x00000000a0600000, 0x00000000a0700000, 0x00000000a0700000|100%| O|  |TAMS 0x00000000a0600000| PB 0x00000000a0600000| Untracked 
|   7|0x00000000a0700000, 0x00000000a0800000, 0x00000000a0800000|100%| O|  |TAMS 0x00000000a0700000| PB 0x00000000a0700000| Untracked 
|   8|0x00000000a0800000, 0x00000000a0900000, 0x00000000a0900000|100%| O|  |TAMS 0x00000000a0800000| PB 0x00000000a0800000| Untracked 
|   9|0x00000000a0900000, 0x00000000a0a00000, 0x00000000a0a00000|100%| O|  |TAMS 0x00000000a0900000| PB 0x00000000a0900000| Untracked 
|  10|0x00000000a0a00000, 0x00000000a0b00000, 0x00000000a0b00000|100%| O|  |TAMS 0x00000000a0a00000| PB 0x00000000a0a00000| Untracked 
|  11|0x00000000a0b00000, 0x00000000a0c00000, 0x00000000a0c00000|100%| O|  |TAMS 0x00000000a0b00000| PB 0x00000000a0b00000| Untracked 
|  12|0x00000000a0c00000, 0x00000000a0d00000, 0x00000000a0d00000|100%| O|  |TAMS 0x00000000a0c00000| PB 0x00000000a0c00000| Untracked 
|  13|0x00000000a0d00000, 0x00000000a0e00000, 0x00000000a0e00000|100%| O|  |TAMS 0x00000000a0d00000| PB 0x00000000a0d00000| Untracked 
|  14|0x00000000a0e00000, 0x00000000a0f00000, 0x00000000a0f00000|100%| O|  |TAMS 0x00000000a0e00000| PB 0x00000000a0e00000| Untracked 
|  15|0x00000000a0f00000, 0x00000000a1000000, 0x00000000a1000000|100%| O|  |TAMS 0x00000000a0f00000| PB 0x00000000a0f00000| Untracked 
|  16|0x00000000a1000000, 0x00000000a1100000, 0x00000000a1100000|100%| O|  |TAMS 0x00000000a1000000| PB 0x00000000a1000000| Untracked 
|  17|0x00000000a1100000, 0x00000000a1200000, 0x00000000a1200000|100%| O|  |TAMS 0x00000000a1100000| PB 0x00000000a1100000| Untracked 
|  18|0x00000000a1200000, 0x00000000a1300000, 0x00000000a1300000|100%| O|  |TAMS 0x00000000a1200000| PB 0x00000000a1200000| Untracked 
|  19|0x00000000a1300000, 0x00000000a1400000, 0x00000000a1400000|100%| O|  |TAMS 0x00000000a1300000| PB 0x00000000a1300000| Untracked 
|  20|0x00000000a1400000, 0x00000000a1500000, 0x00000000a1500000|100%| O|  |TAMS 0x00000000a1400000| PB 0x00000000a1400000| Untracked 
|  21|0x00000000a1500000, 0x00000000a1600000, 0x00000000a1600000|100%|HS|  |TAMS 0x00000000a1500000| PB 0x00000000a1500000| Complete 
|  22|0x00000000a1600000, 0x00000000a1700000, 0x00000000a1700000|100%|HC|  |TAMS 0x00000000a1600000| PB 0x00000000a1600000| Complete 
|  23|0x00000000a1700000, 0x00000000a1800000, 0x00000000a1800000|100%|HC|  |TAMS 0x00000000a1700000| PB 0x00000000a1700000| Complete 
|  24|0x00000000a1800000, 0x00000000a1900000, 0x00000000a1900000|100%|HC|  |TAMS 0x00000000a1800000| PB 0x00000000a1800000| Complete 
|  25|0x00000000a1900000, 0x00000000a1a00000, 0x00000000a1a00000|100%|HC|  |TAMS 0x00000000a1900000| PB 0x00000000a1900000| Complete 
|  26|0x00000000a1a00000, 0x00000000a1b00000, 0x00000000a1b00000|100%|HC|  |TAMS 0x00000000a1a00000| PB 0x00000000a1a00000| Complete 
|  27|0x00000000a1b00000, 0x00000000a1c00000, 0x00000000a1c00000|100%|HS|  |TAMS 0x00000000a1b00000| PB 0x00000000a1b00000| Complete 
|  28|0x00000000a1c00000, 0x00000000a1d00000, 0x00000000a1d00000|100%|HC|  |TAMS 0x00000000a1c00000| PB 0x00000000a1c00000| Complete 
|  29|0x00000000a1d00000, 0x00000000a1e00000, 0x00000000a1e00000|100%| O|  |TAMS 0x00000000a1d00000| PB 0x00000000a1d00000| Untracked 
|  30|0x00000000a1e00000, 0x00000000a1f00000, 0x00000000a1f00000|100%| O|  |TAMS 0x00000000a1e00000| PB 0x00000000a1e00000| Untracked 
|  31|0x00000000a1f00000, 0x00000000a2000000, 0x00000000a2000000|100%| O|  |TAMS 0x00000000a1f00000| PB 0x00000000a1f00000| Untracked 
|  32|0x00000000a2000000, 0x00000000a2100000, 0x00000000a2100000|100%| O|  |TAMS 0x00000000a2000000| PB 0x00000000a2000000| Untracked 
|  33|0x00000000a2100000, 0x00000000a2200000, 0x00000000a2200000|100%| O|  |TAMS 0x00000000a2100000| PB 0x00000000a2100000| Untracked 
|  34|0x00000000a2200000, 0x00000000a2300000, 0x00000000a2300000|100%| O|  |TAMS 0x00000000a2200000| PB 0x00000000a2200000| Untracked 
|  35|0x00000000a2300000, 0x00000000a2400000, 0x00000000a2400000|100%|HS|  |TAMS 0x00000000a2300000| PB 0x00000000a2300000| Complete 
|  36|0x00000000a2400000, 0x00000000a2500000, 0x00000000a2500000|100%|HC|  |TAMS 0x00000000a2400000| PB 0x00000000a2400000| Complete 
|  37|0x00000000a2500000, 0x00000000a2600000, 0x00000000a2600000|100%|HC|  |TAMS 0x00000000a2500000| PB 0x00000000a2500000| Complete 
|  38|0x00000000a2600000, 0x00000000a2700000, 0x00000000a2700000|100%|HC|  |TAMS 0x00000000a2600000| PB 0x00000000a2600000| Complete 
|  39|0x00000000a2700000, 0x00000000a2800000, 0x00000000a2800000|100%|HC|  |TAMS 0x00000000a2700000| PB 0x00000000a2700000| Complete 
|  40|0x00000000a2800000, 0x00000000a2900000, 0x00000000a2900000|100%|HC|  |TAMS 0x00000000a2800000| PB 0x00000000a2800000| Complete 
|  41|0x00000000a2900000, 0x00000000a2a00000, 0x00000000a2a00000|100%|HS|  |TAMS 0x00000000a2900000| PB 0x00000000a2900000| Complete 
|  42|0x00000000a2a00000, 0x00000000a2b00000, 0x00000000a2b00000|100%|HC|  |TAMS 0x00000000a2a00000| PB 0x00000000a2a00000| Complete 
|  43|0x00000000a2b00000, 0x00000000a2c00000, 0x00000000a2c00000|100%|HS|  |TAMS 0x00000000a2b00000| PB 0x00000000a2b00000| Complete 
|  44|0x00000000a2c00000, 0x00000000a2d00000, 0x00000000a2d00000|100%| O|  |TAMS 0x00000000a2c00000| PB 0x00000000a2c00000| Untracked 
|  45|0x00000000a2d00000, 0x00000000a2e00000, 0x00000000a2e00000|100%| O|  |TAMS 0x00000000a2d00000| PB 0x00000000a2d00000| Untracked 
|  46|0x00000000a2e00000, 0x00000000a2f00000, 0x00000000a2f00000|100%| O|  |TAMS 0x00000000a2e00000| PB 0x00000000a2e00000| Untracked 
|  47|0x00000000a2f00000, 0x00000000a3000000, 0x00000000a3000000|100%| O|  |TAMS 0x00000000a2f00000| PB 0x00000000a2f00000| Untracked 
|  48|0x00000000a3000000, 0x00000000a3100000, 0x00000000a3100000|100%| O|  |TAMS 0x00000000a3000000| PB 0x00000000a3000000| Untracked 
|  49|0x00000000a3100000, 0x00000000a3200000, 0x00000000a3200000|100%| O|  |TAMS 0x00000000a3100000| PB 0x00000000a3100000| Untracked 
|  50|0x00000000a3200000, 0x00000000a3300000, 0x00000000a3300000|100%| O|Cm|TAMS 0x00000000a3200000| PB 0x00000000a3200000| Complete 
|  51|0x00000000a3300000, 0x00000000a3400000, 0x00000000a3400000|100%| O|  |TAMS 0x00000000a3300000| PB 0x00000000a3300000| Untracked 
|  52|0x00000000a3400000, 0x00000000a3500000, 0x00000000a3500000|100%| O|  |TAMS 0x00000000a3400000| PB 0x00000000a3400000| Untracked 
|  53|0x00000000a3500000, 0x00000000a3600000, 0x00000000a3600000|100%| O|  |TAMS 0x00000000a3500000| PB 0x00000000a3500000| Untracked 
|  54|0x00000000a3600000, 0x00000000a3700000, 0x00000000a3700000|100%| O|  |TAMS 0x00000000a3600000| PB 0x00000000a3600000| Untracked 
|  55|0x00000000a3700000, 0x00000000a3800000, 0x00000000a3800000|100%| O|  |TAMS 0x00000000a3700000| PB 0x00000000a3700000| Untracked 
|  56|0x00000000a3800000, 0x00000000a3900000, 0x00000000a3900000|100%| O|  |TAMS 0x00000000a3800000| PB 0x00000000a3800000| Untracked 
|  57|0x00000000a3900000, 0x00000000a3a00000, 0x00000000a3a00000|100%| O|  |TAMS 0x00000000a3900000| PB 0x00000000a3900000| Untracked 
|  58|0x00000000a3a00000, 0x00000000a3b00000, 0x00000000a3b00000|100%| O|  |TAMS 0x00000000a3a00000| PB 0x00000000a3a00000| Untracked 
|  59|0x00000000a3b00000, 0x00000000a3c00000, 0x00000000a3c00000|100%| O|  |TAMS 0x00000000a3b00000| PB 0x00000000a3b00000| Untracked 
|  60|0x00000000a3c00000, 0x00000000a3d00000, 0x00000000a3d00000|100%| O|  |TAMS 0x00000000a3c00000| PB 0x00000000a3c00000| Untracked 
|  61|0x00000000a3d00000, 0x00000000a3e00000, 0x00000000a3e00000|100%| O|  |TAMS 0x00000000a3d00000| PB 0x00000000a3d00000| Untracked 
|  62|0x00000000a3e00000, 0x00000000a3f00000, 0x00000000a3f00000|100%| O|  |TAMS 0x00000000a3e00000| PB 0x00000000a3e00000| Untracked 
|  63|0x00000000a3f00000, 0x00000000a4000000, 0x00000000a4000000|100%| O|  |TAMS 0x00000000a3f00000| PB 0x00000000a3f00000| Untracked 
|  64|0x00000000a4000000, 0x00000000a4100000, 0x00000000a4100000|100%|HS|  |TAMS 0x00000000a4000000| PB 0x00000000a4000000| Complete 
|  65|0x00000000a4100000, 0x00000000a4200000, 0x00000000a4200000|100%|HC|  |TAMS 0x00000000a4100000| PB 0x00000000a4100000| Complete 
|  66|0x00000000a4200000, 0x00000000a4300000, 0x00000000a4300000|100%| O|  |TAMS 0x00000000a4200000| PB 0x00000000a4200000| Untracked 
|  67|0x00000000a4300000, 0x00000000a4400000, 0x00000000a4400000|100%| O|  |TAMS 0x00000000a4300000| PB 0x00000000a4300000| Untracked 
|  68|0x00000000a4400000, 0x00000000a4500000, 0x00000000a4500000|100%| O|  |TAMS 0x00000000a4400000| PB 0x00000000a4400000| Untracked 
|  69|0x00000000a4500000, 0x00000000a45b4730, 0x00000000a4600000| 70%| O|  |TAMS 0x00000000a4500000| PB 0x00000000a4500000| Untracked 
|  70|0x00000000a4600000, 0x00000000a4600000, 0x00000000a4700000|  0%| F|  |TAMS 0x00000000a4600000| PB 0x00000000a4600000| Untracked 
|  71|0x00000000a4700000, 0x00000000a4700000, 0x00000000a4800000|  0%| F|  |TAMS 0x00000000a4700000| PB 0x00000000a4700000| Untracked 
|  72|0x00000000a4800000, 0x00000000a4800000, 0x00000000a4900000|  0%| F|  |TAMS 0x00000000a4800000| PB 0x00000000a4800000| Untracked 
|  73|0x00000000a4900000, 0x00000000a4900000, 0x00000000a4a00000|  0%| F|  |TAMS 0x00000000a4900000| PB 0x00000000a4900000| Untracked 
|  74|0x00000000a4a00000, 0x00000000a4a00000, 0x00000000a4b00000|  0%| F|  |TAMS 0x00000000a4a00000| PB 0x00000000a4a00000| Untracked 
|  75|0x00000000a4b00000, 0x00000000a4b00000, 0x00000000a4c00000|  0%| F|  |TAMS 0x00000000a4b00000| PB 0x00000000a4b00000| Untracked 
|  76|0x00000000a4c00000, 0x00000000a4d00000, 0x00000000a4d00000|100%| O|  |TAMS 0x00000000a4c00000| PB 0x00000000a4c00000| Untracked 
|  77|0x00000000a4d00000, 0x00000000a4d00000, 0x00000000a4e00000|  0%| F|  |TAMS 0x00000000a4d00000| PB 0x00000000a4d00000| Untracked 
|  78|0x00000000a4e00000, 0x00000000a4e00000, 0x00000000a4f00000|  0%| F|  |TAMS 0x00000000a4e00000| PB 0x00000000a4e00000| Untracked 
|  79|0x00000000a4f00000, 0x00000000a4f00000, 0x00000000a5000000|  0%| F|  |TAMS 0x00000000a4f00000| PB 0x00000000a4f00000| Untracked 
|  80|0x00000000a5000000, 0x00000000a5000000, 0x00000000a5100000|  0%| F|  |TAMS 0x00000000a5000000| PB 0x00000000a5000000| Untracked 
|  81|0x00000000a5100000, 0x00000000a5100000, 0x00000000a5200000|  0%| F|  |TAMS 0x00000000a5100000| PB 0x00000000a5100000| Untracked 
|  82|0x00000000a5200000, 0x00000000a5200000, 0x00000000a5300000|  0%| F|  |TAMS 0x00000000a5200000| PB 0x00000000a5200000| Untracked 
|  83|0x00000000a5300000, 0x00000000a5300000, 0x00000000a5400000|  0%| F|  |TAMS 0x00000000a5300000| PB 0x00000000a5300000| Untracked 
|  84|0x00000000a5400000, 0x00000000a5400000, 0x00000000a5500000|  0%| F|  |TAMS 0x00000000a5400000| PB 0x00000000a5400000| Untracked 
|  85|0x00000000a5500000, 0x00000000a5500000, 0x00000000a5600000|  0%| F|  |TAMS 0x00000000a5500000| PB 0x00000000a5500000| Untracked 
|  86|0x00000000a5600000, 0x00000000a5600000, 0x00000000a5700000|  0%| F|  |TAMS 0x00000000a5600000| PB 0x00000000a5600000| Untracked 
|  87|0x00000000a5700000, 0x00000000a5700000, 0x00000000a5800000|  0%| F|  |TAMS 0x00000000a5700000| PB 0x00000000a5700000| Untracked 
|  88|0x00000000a5800000, 0x00000000a588f450, 0x00000000a5900000| 55%| S|CS|TAMS 0x00000000a5800000| PB 0x00000000a5800000| Complete 
|  89|0x00000000a5900000, 0x00000000a5a00000, 0x00000000a5a00000|100%| S|CS|TAMS 0x00000000a5900000| PB 0x00000000a5900000| Complete 
|  90|0x00000000a5a00000, 0x00000000a5b00000, 0x00000000a5b00000|100%| S|CS|TAMS 0x00000000a5a00000| PB 0x00000000a5a00000| Complete 
|  91|0x00000000a5b00000, 0x00000000a5c00000, 0x00000000a5c00000|100%| S|CS|TAMS 0x00000000a5b00000| PB 0x00000000a5b00000| Complete 
|  92|0x00000000a5c00000, 0x00000000a5d00000, 0x00000000a5d00000|100%| S|CS|TAMS 0x00000000a5c00000| PB 0x00000000a5c00000| Complete 
|  93|0x00000000a5d00000, 0x00000000a5e00000, 0x00000000a5e00000|100%| S|CS|TAMS 0x00000000a5d00000| PB 0x00000000a5d00000| Complete 
|  94|0x00000000a5e00000, 0x00000000a5f00000, 0x00000000a5f00000|100%| S|CS|TAMS 0x00000000a5e00000| PB 0x00000000a5e00000| Complete 
|  95|0x00000000a5f00000, 0x00000000a5f00000, 0x00000000a6000000|  0%| F|  |TAMS 0x00000000a5f00000| PB 0x00000000a5f00000| Untracked 
|  96|0x00000000a6000000, 0x00000000a6000000, 0x00000000a6100000|  0%| F|  |TAMS 0x00000000a6000000| PB 0x00000000a6000000| Untracked 
|  97|0x00000000a6100000, 0x00000000a6100000, 0x00000000a6200000|  0%| F|  |TAMS 0x00000000a6100000| PB 0x00000000a6100000| Untracked 
|  98|0x00000000a6200000, 0x00000000a6200000, 0x00000000a6300000|  0%| F|  |TAMS 0x00000000a6200000| PB 0x00000000a6200000| Untracked 
|  99|0x00000000a6300000, 0x00000000a6300000, 0x00000000a6400000|  0%| F|  |TAMS 0x00000000a6300000| PB 0x00000000a6300000| Untracked 
| 100|0x00000000a6400000, 0x00000000a6400000, 0x00000000a6500000|  0%| F|  |TAMS 0x00000000a6400000| PB 0x00000000a6400000| Untracked 
| 101|0x00000000a6500000, 0x00000000a6500000, 0x00000000a6600000|  0%| F|  |TAMS 0x00000000a6500000| PB 0x00000000a6500000| Untracked 
| 102|0x00000000a6600000, 0x00000000a6600000, 0x00000000a6700000|  0%| F|  |TAMS 0x00000000a6600000| PB 0x00000000a6600000| Untracked 
| 103|0x00000000a6700000, 0x00000000a6700000, 0x00000000a6800000|  0%| F|  |TAMS 0x00000000a6700000| PB 0x00000000a6700000| Untracked 
| 104|0x00000000a6800000, 0x00000000a6800000, 0x00000000a6900000|  0%| F|  |TAMS 0x00000000a6800000| PB 0x00000000a6800000| Untracked 
| 105|0x00000000a6900000, 0x00000000a6900000, 0x00000000a6a00000|  0%| F|  |TAMS 0x00000000a6900000| PB 0x00000000a6900000| Untracked 
| 106|0x00000000a6a00000, 0x00000000a6a00000, 0x00000000a6b00000|  0%| F|  |TAMS 0x00000000a6a00000| PB 0x00000000a6a00000| Untracked 
| 107|0x00000000a6b00000, 0x00000000a6c00000, 0x00000000a6c00000|100%| E|  |TAMS 0x00000000a6b00000| PB 0x00000000a6b00000| Complete 
| 108|0x00000000a6c00000, 0x00000000a6d00000, 0x00000000a6d00000|100%| E|CS|TAMS 0x00000000a6c00000| PB 0x00000000a6c00000| Complete 
| 109|0x00000000a6d00000, 0x00000000a6e00000, 0x00000000a6e00000|100%| E|CS|TAMS 0x00000000a6d00000| PB 0x00000000a6d00000| Complete 
| 110|0x00000000a6e00000, 0x00000000a6f00000, 0x00000000a6f00000|100%| E|CS|TAMS 0x00000000a6e00000| PB 0x00000000a6e00000| Complete 
| 111|0x00000000a6f00000, 0x00000000a7000000, 0x00000000a7000000|100%| E|CS|TAMS 0x00000000a6f00000| PB 0x00000000a6f00000| Complete 
| 112|0x00000000a7000000, 0x00000000a7100000, 0x00000000a7100000|100%| E|CS|TAMS 0x00000000a7000000| PB 0x00000000a7000000| Complete 
| 113|0x00000000a7100000, 0x00000000a7200000, 0x00000000a7200000|100%| E|CS|TAMS 0x00000000a7100000| PB 0x00000000a7100000| Complete 
| 114|0x00000000a7200000, 0x00000000a7300000, 0x00000000a7300000|100%| E|CS|TAMS 0x00000000a7200000| PB 0x00000000a7200000| Complete 
| 115|0x00000000a7300000, 0x00000000a7400000, 0x00000000a7400000|100%| E|CS|TAMS 0x00000000a7300000| PB 0x00000000a7300000| Complete 
| 116|0x00000000a7400000, 0x00000000a7500000, 0x00000000a7500000|100%| E|CS|TAMS 0x00000000a7400000| PB 0x00000000a7400000| Complete 
| 117|0x00000000a7500000, 0x00000000a7600000, 0x00000000a7600000|100%| E|CS|TAMS 0x00000000a7500000| PB 0x00000000a7500000| Complete 
| 118|0x00000000a7600000, 0x00000000a7700000, 0x00000000a7700000|100%| E|CS|TAMS 0x00000000a7600000| PB 0x00000000a7600000| Complete 
| 119|0x00000000a7700000, 0x00000000a7800000, 0x00000000a7800000|100%| E|CS|TAMS 0x00000000a7700000| PB 0x00000000a7700000| Complete 
| 120|0x00000000a7800000, 0x00000000a7900000, 0x00000000a7900000|100%| E|CS|TAMS 0x00000000a7800000| PB 0x00000000a7800000| Complete 
| 121|0x00000000a7900000, 0x00000000a7a00000, 0x00000000a7a00000|100%| E|CS|TAMS 0x00000000a7900000| PB 0x00000000a7900000| Complete 
| 122|0x00000000a7a00000, 0x00000000a7b00000, 0x00000000a7b00000|100%| E|CS|TAMS 0x00000000a7a00000| PB 0x00000000a7a00000| Complete 
| 123|0x00000000a7b00000, 0x00000000a7c00000, 0x00000000a7c00000|100%| E|CS|TAMS 0x00000000a7b00000| PB 0x00000000a7b00000| Complete 
| 124|0x00000000a7c00000, 0x00000000a7d00000, 0x00000000a7d00000|100%| E|CS|TAMS 0x00000000a7c00000| PB 0x00000000a7c00000| Complete 
| 125|0x00000000a7d00000, 0x00000000a7e00000, 0x00000000a7e00000|100%| E|CS|TAMS 0x00000000a7d00000| PB 0x00000000a7d00000| Complete 
| 126|0x00000000a7e00000, 0x00000000a7f00000, 0x00000000a7f00000|100%| E|CS|TAMS 0x00000000a7e00000| PB 0x00000000a7e00000| Complete 
| 127|0x00000000a7f00000, 0x00000000a8000000, 0x00000000a8000000|100%| E|CS|TAMS 0x00000000a7f00000| PB 0x00000000a7f00000| Complete 
| 128|0x00000000a8000000, 0x00000000a8100000, 0x00000000a8100000|100%| E|CS|TAMS 0x00000000a8000000| PB 0x00000000a8000000| Complete 
| 129|0x00000000a8100000, 0x00000000a8200000, 0x00000000a8200000|100%| E|CS|TAMS 0x00000000a8100000| PB 0x00000000a8100000| Complete 
| 130|0x00000000a8200000, 0x00000000a8300000, 0x00000000a8300000|100%| E|CS|TAMS 0x00000000a8200000| PB 0x00000000a8200000| Complete 
| 131|0x00000000a8300000, 0x00000000a8400000, 0x00000000a8400000|100%| E|CS|TAMS 0x00000000a8300000| PB 0x00000000a8300000| Complete 
| 132|0x00000000a8400000, 0x00000000a8500000, 0x00000000a8500000|100%| E|CS|TAMS 0x00000000a8400000| PB 0x00000000a8400000| Complete 
| 133|0x00000000a8500000, 0x00000000a8600000, 0x00000000a8600000|100%| E|CS|TAMS 0x00000000a8500000| PB 0x00000000a8500000| Complete 
| 134|0x00000000a8600000, 0x00000000a8700000, 0x00000000a8700000|100%| E|CS|TAMS 0x00000000a8600000| PB 0x00000000a8600000| Complete 
| 135|0x00000000a8700000, 0x00000000a8800000, 0x00000000a8800000|100%| E|CS|TAMS 0x00000000a8700000| PB 0x00000000a8700000| Complete 
| 136|0x00000000a8800000, 0x00000000a8900000, 0x00000000a8900000|100%| E|CS|TAMS 0x00000000a8800000| PB 0x00000000a8800000| Complete 
| 137|0x00000000a8900000, 0x00000000a8a00000, 0x00000000a8a00000|100%| E|CS|TAMS 0x00000000a8900000| PB 0x00000000a8900000| Complete 
| 138|0x00000000a8a00000, 0x00000000a8b00000, 0x00000000a8b00000|100%| E|CS|TAMS 0x00000000a8a00000| PB 0x00000000a8a00000| Complete 
| 139|0x00000000a8b00000, 0x00000000a8c00000, 0x00000000a8c00000|100%| E|CS|TAMS 0x00000000a8b00000| PB 0x00000000a8b00000| Complete 
| 140|0x00000000a8c00000, 0x00000000a8d00000, 0x00000000a8d00000|100%| E|CS|TAMS 0x00000000a8c00000| PB 0x00000000a8c00000| Complete 
| 141|0x00000000a8d00000, 0x00000000a8e00000, 0x00000000a8e00000|100%| E|CS|TAMS 0x00000000a8d00000| PB 0x00000000a8d00000| Complete 
| 142|0x00000000a8e00000, 0x00000000a8f00000, 0x00000000a8f00000|100%| E|CS|TAMS 0x00000000a8e00000| PB 0x00000000a8e00000| Complete 
| 143|0x00000000a8f00000, 0x00000000a9000000, 0x00000000a9000000|100%| E|CS|TAMS 0x00000000a8f00000| PB 0x00000000a8f00000| Complete 
| 144|0x00000000a9000000, 0x00000000a9100000, 0x00000000a9100000|100%| E|CS|TAMS 0x00000000a9000000| PB 0x00000000a9000000| Complete 
| 145|0x00000000a9100000, 0x00000000a9200000, 0x00000000a9200000|100%| E|CS|TAMS 0x00000000a9100000| PB 0x00000000a9100000| Complete 
| 146|0x00000000a9200000, 0x00000000a9300000, 0x00000000a9300000|100%| E|CS|TAMS 0x00000000a9200000| PB 0x00000000a9200000| Complete 
| 147|0x00000000a9300000, 0x00000000a9400000, 0x00000000a9400000|100%| E|CS|TAMS 0x00000000a9300000| PB 0x00000000a9300000| Complete 
| 148|0x00000000a9400000, 0x00000000a9500000, 0x00000000a9500000|100%| E|CS|TAMS 0x00000000a9400000| PB 0x00000000a9400000| Complete 
| 149|0x00000000a9500000, 0x00000000a9600000, 0x00000000a9600000|100%| E|CS|TAMS 0x00000000a9500000| PB 0x00000000a9500000| Complete 
| 150|0x00000000a9600000, 0x00000000a9700000, 0x00000000a9700000|100%| E|CS|TAMS 0x00000000a9600000| PB 0x00000000a9600000| Complete 
| 151|0x00000000a9700000, 0x00000000a9800000, 0x00000000a9800000|100%| E|CS|TAMS 0x00000000a9700000| PB 0x00000000a9700000| Complete 
| 152|0x00000000a9800000, 0x00000000a9900000, 0x00000000a9900000|100%| E|CS|TAMS 0x00000000a9800000| PB 0x00000000a9800000| Complete 
| 153|0x00000000a9900000, 0x00000000a9a00000, 0x00000000a9a00000|100%| E|CS|TAMS 0x00000000a9900000| PB 0x00000000a9900000| Complete 
| 154|0x00000000a9a00000, 0x00000000a9b00000, 0x00000000a9b00000|100%| E|CS|TAMS 0x00000000a9a00000| PB 0x00000000a9a00000| Complete 
| 155|0x00000000a9b00000, 0x00000000a9c00000, 0x00000000a9c00000|100%| E|CS|TAMS 0x00000000a9b00000| PB 0x00000000a9b00000| Complete 
| 156|0x00000000a9c00000, 0x00000000a9d00000, 0x00000000a9d00000|100%| E|CS|TAMS 0x00000000a9c00000| PB 0x00000000a9c00000| Complete 
| 157|0x00000000a9d00000, 0x00000000a9e00000, 0x00000000a9e00000|100%| E|CS|TAMS 0x00000000a9d00000| PB 0x00000000a9d00000| Complete 
| 158|0x00000000a9e00000, 0x00000000a9f00000, 0x00000000a9f00000|100%| E|CS|TAMS 0x00000000a9e00000| PB 0x00000000a9e00000| Complete 
| 159|0x00000000a9f00000, 0x00000000aa000000, 0x00000000aa000000|100%| E|CS|TAMS 0x00000000a9f00000| PB 0x00000000a9f00000| Complete 
| 160|0x00000000aa000000, 0x00000000aa100000, 0x00000000aa100000|100%| E|CS|TAMS 0x00000000aa000000| PB 0x00000000aa000000| Complete 
| 161|0x00000000aa100000, 0x00000000aa200000, 0x00000000aa200000|100%| E|CS|TAMS 0x00000000aa100000| PB 0x00000000aa100000| Complete 
| 162|0x00000000aa200000, 0x00000000aa300000, 0x00000000aa300000|100%| E|CS|TAMS 0x00000000aa200000| PB 0x00000000aa200000| Complete 
| 163|0x00000000aa300000, 0x00000000aa400000, 0x00000000aa400000|100%| E|CS|TAMS 0x00000000aa300000| PB 0x00000000aa300000| Complete 
| 164|0x00000000aa400000, 0x00000000aa500000, 0x00000000aa500000|100%| E|CS|TAMS 0x00000000aa400000| PB 0x00000000aa400000| Complete 
| 165|0x00000000aa500000, 0x00000000aa600000, 0x00000000aa600000|100%| E|CS|TAMS 0x00000000aa500000| PB 0x00000000aa500000| Complete 
| 166|0x00000000aa600000, 0x00000000aa700000, 0x00000000aa700000|100%| E|CS|TAMS 0x00000000aa600000| PB 0x00000000aa600000| Complete 
| 167|0x00000000aa700000, 0x00000000aa800000, 0x00000000aa800000|100%| E|CS|TAMS 0x00000000aa700000| PB 0x00000000aa700000| Complete 
| 168|0x00000000aa800000, 0x00000000aa900000, 0x00000000aa900000|100%| E|CS|TAMS 0x00000000aa800000| PB 0x00000000aa800000| Complete 
| 169|0x00000000aa900000, 0x00000000aaa00000, 0x00000000aaa00000|100%| E|CS|TAMS 0x00000000aa900000| PB 0x00000000aa900000| Complete 
| 170|0x00000000aaa00000, 0x00000000aab00000, 0x00000000aab00000|100%| E|CS|TAMS 0x00000000aaa00000| PB 0x00000000aaa00000| Complete 
| 171|0x00000000aab00000, 0x00000000aac00000, 0x00000000aac00000|100%| E|CS|TAMS 0x00000000aab00000| PB 0x00000000aab00000| Complete 
| 172|0x00000000aac00000, 0x00000000aad00000, 0x00000000aad00000|100%| E|CS|TAMS 0x00000000aac00000| PB 0x00000000aac00000| Complete 
| 173|0x00000000aad00000, 0x00000000aae00000, 0x00000000aae00000|100%| E|CS|TAMS 0x00000000aad00000| PB 0x00000000aad00000| Complete 
| 174|0x00000000aae00000, 0x00000000aaf00000, 0x00000000aaf00000|100%| E|CS|TAMS 0x00000000aae00000| PB 0x00000000aae00000| Complete 
| 175|0x00000000aaf00000, 0x00000000ab000000, 0x00000000ab000000|100%| E|CS|TAMS 0x00000000aaf00000| PB 0x00000000aaf00000| Complete 
| 176|0x00000000ab000000, 0x00000000ab100000, 0x00000000ab100000|100%| E|CS|TAMS 0x00000000ab000000| PB 0x00000000ab000000| Complete 
| 177|0x00000000ab100000, 0x00000000ab200000, 0x00000000ab200000|100%| E|CS|TAMS 0x00000000ab100000| PB 0x00000000ab100000| Complete 
| 178|0x00000000ab200000, 0x00000000ab300000, 0x00000000ab300000|100%| E|CS|TAMS 0x00000000ab200000| PB 0x00000000ab200000| Complete 
| 179|0x00000000ab300000, 0x00000000ab400000, 0x00000000ab400000|100%| E|CS|TAMS 0x00000000ab300000| PB 0x00000000ab300000| Complete 
| 180|0x00000000ab400000, 0x00000000ab500000, 0x00000000ab500000|100%| E|CS|TAMS 0x00000000ab400000| PB 0x00000000ab400000| Complete 
| 181|0x00000000ab500000, 0x00000000ab600000, 0x00000000ab600000|100%| E|CS|TAMS 0x00000000ab500000| PB 0x00000000ab500000| Complete 
| 182|0x00000000ab600000, 0x00000000ab700000, 0x00000000ab700000|100%| E|CS|TAMS 0x00000000ab600000| PB 0x00000000ab600000| Complete 
| 183|0x00000000ab700000, 0x00000000ab800000, 0x00000000ab800000|100%| E|CS|TAMS 0x00000000ab700000| PB 0x00000000ab700000| Complete 
| 184|0x00000000ab800000, 0x00000000ab900000, 0x00000000ab900000|100%| E|CS|TAMS 0x00000000ab800000| PB 0x00000000ab800000| Complete 
| 185|0x00000000ab900000, 0x00000000aba00000, 0x00000000aba00000|100%| E|CS|TAMS 0x00000000ab900000| PB 0x00000000ab900000| Complete 
| 186|0x00000000aba00000, 0x00000000abb00000, 0x00000000abb00000|100%| E|CS|TAMS 0x00000000aba00000| PB 0x00000000aba00000| Complete 
| 187|0x00000000abb00000, 0x00000000abc00000, 0x00000000abc00000|100%| E|CS|TAMS 0x00000000abb00000| PB 0x00000000abb00000| Complete 
| 188|0x00000000abc00000, 0x00000000abd00000, 0x00000000abd00000|100%| E|CS|TAMS 0x00000000abc00000| PB 0x00000000abc00000| Complete 
| 189|0x00000000abd00000, 0x00000000abe00000, 0x00000000abe00000|100%| E|CS|TAMS 0x00000000abd00000| PB 0x00000000abd00000| Complete 
| 190|0x00000000abe00000, 0x00000000abf00000, 0x00000000abf00000|100%| E|CS|TAMS 0x00000000abe00000| PB 0x00000000abe00000| Complete 
| 191|0x00000000abf00000, 0x00000000ac000000, 0x00000000ac000000|100%| E|CS|TAMS 0x00000000abf00000| PB 0x00000000abf00000| Complete 
| 192|0x00000000ac000000, 0x00000000ac100000, 0x00000000ac100000|100%| E|CS|TAMS 0x00000000ac000000| PB 0x00000000ac000000| Complete 
| 193|0x00000000ac100000, 0x00000000ac200000, 0x00000000ac200000|100%| E|CS|TAMS 0x00000000ac100000| PB 0x00000000ac100000| Complete 
| 194|0x00000000ac200000, 0x00000000ac300000, 0x00000000ac300000|100%| E|CS|TAMS 0x00000000ac200000| PB 0x00000000ac200000| Complete 
| 195|0x00000000ac300000, 0x00000000ac400000, 0x00000000ac400000|100%| E|CS|TAMS 0x00000000ac300000| PB 0x00000000ac300000| Complete 
| 196|0x00000000ac400000, 0x00000000ac500000, 0x00000000ac500000|100%| E|CS|TAMS 0x00000000ac400000| PB 0x00000000ac400000| Complete 
| 197|0x00000000ac500000, 0x00000000ac600000, 0x00000000ac600000|100%| E|CS|TAMS 0x00000000ac500000| PB 0x00000000ac500000| Complete 
| 198|0x00000000ac600000, 0x00000000ac700000, 0x00000000ac700000|100%| E|CS|TAMS 0x00000000ac600000| PB 0x00000000ac600000| Complete 
| 199|0x00000000ac700000, 0x00000000ac800000, 0x00000000ac800000|100%| E|CS|TAMS 0x00000000ac700000| PB 0x00000000ac700000| Complete 
| 200|0x00000000ac800000, 0x00000000ac900000, 0x00000000ac900000|100%| E|CS|TAMS 0x00000000ac800000| PB 0x00000000ac800000| Complete 
| 201|0x00000000ac900000, 0x00000000aca00000, 0x00000000aca00000|100%| E|CS|TAMS 0x00000000ac900000| PB 0x00000000ac900000| Complete 
| 202|0x00000000aca00000, 0x00000000acb00000, 0x00000000acb00000|100%| E|CS|TAMS 0x00000000aca00000| PB 0x00000000aca00000| Complete 
| 203|0x00000000acb00000, 0x00000000acc00000, 0x00000000acc00000|100%| E|CS|TAMS 0x00000000acb00000| PB 0x00000000acb00000| Complete 
| 204|0x00000000acc00000, 0x00000000acd00000, 0x00000000acd00000|100%| E|CS|TAMS 0x00000000acc00000| PB 0x00000000acc00000| Complete 
| 205|0x00000000acd00000, 0x00000000ace00000, 0x00000000ace00000|100%| E|CS|TAMS 0x00000000acd00000| PB 0x00000000acd00000| Complete 
| 206|0x00000000ace00000, 0x00000000acf00000, 0x00000000acf00000|100%| E|CS|TAMS 0x00000000ace00000| PB 0x00000000ace00000| Complete 
| 207|0x00000000acf00000, 0x00000000ad000000, 0x00000000ad000000|100%| E|CS|TAMS 0x00000000acf00000| PB 0x00000000acf00000| Complete 
| 208|0x00000000ad000000, 0x00000000ad100000, 0x00000000ad100000|100%| E|CS|TAMS 0x00000000ad000000| PB 0x00000000ad000000| Complete 
| 209|0x00000000ad100000, 0x00000000ad200000, 0x00000000ad200000|100%| E|CS|TAMS 0x00000000ad100000| PB 0x00000000ad100000| Complete 
| 210|0x00000000ad200000, 0x00000000ad300000, 0x00000000ad300000|100%| E|CS|TAMS 0x00000000ad200000| PB 0x00000000ad200000| Complete 
| 211|0x00000000ad300000, 0x00000000ad400000, 0x00000000ad400000|100%| E|CS|TAMS 0x00000000ad300000| PB 0x00000000ad300000| Complete 
| 212|0x00000000ad400000, 0x00000000ad500000, 0x00000000ad500000|100%| E|CS|TAMS 0x00000000ad400000| PB 0x00000000ad400000| Complete 
| 213|0x00000000ad500000, 0x00000000ad600000, 0x00000000ad600000|100%| E|CS|TAMS 0x00000000ad500000| PB 0x00000000ad500000| Complete 
| 214|0x00000000ad600000, 0x00000000ad700000, 0x00000000ad700000|100%| E|CS|TAMS 0x00000000ad600000| PB 0x00000000ad600000| Complete 
| 215|0x00000000ad700000, 0x00000000ad800000, 0x00000000ad800000|100%| E|CS|TAMS 0x00000000ad700000| PB 0x00000000ad700000| Complete 
| 216|0x00000000ad800000, 0x00000000ad900000, 0x00000000ad900000|100%| E|CS|TAMS 0x00000000ad800000| PB 0x00000000ad800000| Complete 
| 217|0x00000000ad900000, 0x00000000ada00000, 0x00000000ada00000|100%| E|CS|TAMS 0x00000000ad900000| PB 0x00000000ad900000| Complete 
| 218|0x00000000ada00000, 0x00000000adb00000, 0x00000000adb00000|100%| E|CS|TAMS 0x00000000ada00000| PB 0x00000000ada00000| Complete 
| 219|0x00000000adb00000, 0x00000000adc00000, 0x00000000adc00000|100%| E|CS|TAMS 0x00000000adb00000| PB 0x00000000adb00000| Complete 
| 220|0x00000000adc00000, 0x00000000add00000, 0x00000000add00000|100%| E|CS|TAMS 0x00000000adc00000| PB 0x00000000adc00000| Complete 
| 221|0x00000000add00000, 0x00000000ade00000, 0x00000000ade00000|100%| E|CS|TAMS 0x00000000add00000| PB 0x00000000add00000| Complete 
|1532|0x00000000ffc00000, 0x00000000ffd00000, 0x00000000ffd00000|100%| E|CS|TAMS 0x00000000ffc00000| PB 0x00000000ffc00000| Complete 
|1533|0x00000000ffd00000, 0x00000000ffe00000, 0x00000000ffe00000|100%| O|  |TAMS 0x00000000ffd00000| PB 0x00000000ffd00000| Untracked 
|1534|0x00000000ffe00000, 0x00000000fff00000, 0x00000000fff00000|100%| E|CS|TAMS 0x00000000ffe00000| PB 0x00000000ffe00000| Complete 
|1535|0x00000000fff00000, 0x0000000100000000, 0x0000000100000000|100%| O|  |TAMS 0x00000000fff00000| PB 0x00000000fff00000| Untracked 

Card table byte_map: [0x000001cf2b460000,0x000001cf2b760000] _byte_map_base: 0x000001cf2af60000

Marking Bits: (CMBitMap*) 0x000001cf180429b0
 Bits: [0x000001cf2b760000, 0x000001cf2cf60000)

Polling page: 0x000001cf15e70000

Metaspace:

Usage:
  Non-class:     55.38 MB used.
      Class:      8.74 MB used.
       Both:     64.11 MB used.

Virtual space:
  Non-class space:       64.00 MB reserved,      56.19 MB ( 88%) committed,  1 nodes.
      Class space:      416.00 MB reserved,       9.44 MB (  2%) committed,  1 nodes.
             Both:      480.00 MB reserved,      65.62 MB ( 14%) committed. 

Chunk freelists:
   Non-Class:  7.64 MB
       Class:  6.62 MB
        Both:  14.26 MB

MaxMetaspaceSize: 512.00 MB
CompressedClassSpaceSize: 416.00 MB
Initial GC threshold: 21.00 MB
Current GC threshold: 109.31 MB
CDS: off
 - commit_granule_bytes: 65536.
 - commit_granule_words: 8192.
 - virtual_space_node_default_size: 8388608.
 - enlarge_chunks_in_place: 1.
 - use_allocation_guard: 0.


Internal statistics:

num_allocs_failed_limit: 3.
num_arena_births: 2684.
num_arena_deaths: 10.
num_vsnodes_births: 2.
num_vsnodes_deaths: 0.
num_space_committed: 1050.
num_space_uncommitted: 0.
num_chunks_returned_to_freelist: 22.
num_chunks_taken_from_freelist: 5207.
num_chunk_merges: 1.
num_chunk_splits: 3406.
num_chunks_enlarged: 2146.
num_inconsistent_stats: 0.

CodeHeap 'non-profiled nmethods': size=128192Kb used=5337Kb max_used=5337Kb free=122855Kb
 bounds [0x000001cf23430000, 0x000001cf23970000, 0x000001cf2b160000]
CodeHeap 'profiled nmethods': size=128192Kb used=11857Kb max_used=12886Kb free=116335Kb
 bounds [0x000001cf1b160000, 0x000001cf1be00000, 0x000001cf22e90000]
CodeHeap 'non-nmethods': size=5760Kb used=2797Kb max_used=2866Kb free=2962Kb
 bounds [0x000001cf22e90000, 0x000001cf23170000, 0x000001cf23430000]
CodeCache: size=262144Kb, used=19991Kb, max_used=21089Kb, free=242152Kb
 total_blobs=7798, nmethods=6920, adapters=781, full_count=0
Compilation: enabled, stopped_count=0, restarted_count=0

Compilation events (20 events):
Event: 63.657 Thread 0x000001cf2f5fed40 nmethod 9113 0x000001cf23961f10 code [0x000001cf239620a0, 0x000001cf239621d8]
Event: 63.657 Thread 0x000001cf2f5fed40 9112   !   4       org.gradle.api.internal.runtimeshaded.RuntimeShadedJarCreator::remapClass (82 bytes)
Event: 63.676 Thread 0x000001cf2f5fed40 nmethod 9112 0x000001cf23962290 code [0x000001cf239624c0, 0x000001cf239631c8]
Event: 63.677 Thread 0x000001cf2f5fed40 9117       4       jdk.internal.util.ArraysSupport::utf16hashCode (40 bytes)
Event: 63.682 Thread 0x000001cf2f5fed40 nmethod 9117 0x000001cf23963790 code [0x000001cf23963920, 0x000001cf23963bb8]
Event: 63.682 Thread 0x000001cf2f5fed40 9115 %     4       java.lang.StringUTF16::replace @ 71 (168 bytes)
Event: 63.689 Thread 0x000001cf2f5fed40 nmethod 9115% 0x000001cf23963c90 code [0x000001cf23963e60, 0x000001cf23964228]
Event: 63.689 Thread 0x000001cf2f5fed40 9118       4       java.lang.StringUTF16::replace (168 bytes)
Event: 63.703 Thread 0x000001cf2f5fed40 nmethod 9118 0x000001cf23964490 code [0x000001cf23964660, 0x000001cf23964cd8]
Event: 63.703 Thread 0x000001cf2f5fed40 9119       4       org.objectweb.asm.signature.SignatureWriter::visitFormalTypeParameter (42 bytes)
Event: 63.713 Thread 0x000001cf2f628810 9120       3       org.objectweb.asm.ClassReader::readCode (5117 bytes)
Event: 63.717 Thread 0x000001cf2f5fed40 nmethod 9119 0x000001cf23964f90 code [0x000001cf23965200, 0x000001cf23965c18]
Event: 63.742 Thread 0x000001cf2f628810 nmethod 9120 0x000001cf1bd9dd90 code [0x000001cf1bd9f320, 0x000001cf1bdafcd0]
Event: 63.742 Thread 0x000001cf2f628810 9121       3       java.util.HashMap$ValueSpliterator::forEachRemaining (186 bytes)
Event: 63.743 Thread 0x000001cf2f628810 nmethod 9121 0x000001cf1b29a490 code [0x000001cf1b29a6a0, 0x000001cf1b29ae68]
Event: 63.748 Thread 0x000001cf2f5fed40 9122       4       org.objectweb.asm.ClassReader::readCode (5117 bytes)
Event: 63.749 Thread 0x000001cf2f628810 9123       3       org.objectweb.asm.MethodWriter::visitVarInsn (302 bytes)
Event: 63.751 Thread 0x000001cf2f628810 nmethod 9123 0x000001cf1b7a0010 code [0x000001cf1b7a0280, 0x000001cf1b7a0be8]
Event: 64.016 Thread 0x000001cf2f628810 9125       3       org.objectweb.asm.commons.ClassRemapper::visitOuterClass (47 bytes)
Event: 64.017 Thread 0x000001cf2f628810 nmethod 9125 0x000001cf1b4b8810 code [0x000001cf1b4b8a40, 0x000001cf1b4b91b8]

GC Heap History (20 events):
Event: 59.862 GC heap before
{Heap before GC invocations=78 (full 0):
 garbage-first heap   total 192512K, used 182159K [0x00000000a0000000, 0x0000000100000000)
  region size 1024K, 108 young (110592K), 5 survivors (5120K)
 Metaspace       used 65630K, committed 67136K, reserved 491520K
  class space    used 8945K, committed 9664K, reserved 425984K
}
Event: 59.873 GC heap after
{Heap after GC invocations=79 (full 0):
 garbage-first heap   total 192512K, used 76313K [0x00000000a0000000, 0x0000000100000000)
  region size 1024K, 5 young (5120K), 5 survivors (5120K)
 Metaspace       used 65630K, committed 67136K, reserved 491520K
  class space    used 8945K, committed 9664K, reserved 425984K
}
Event: 60.740 GC heap before
{Heap before GC invocations=79 (full 0):
 garbage-first heap   total 192512K, used 180761K [0x00000000a0000000, 0x0000000100000000)
  region size 1024K, 107 young (109568K), 5 survivors (5120K)
 Metaspace       used 65638K, committed 67136K, reserved 491520K
  class space    used 8945K, committed 9664K, reserved 425984K
}
Event: 60.746 GC heap after
{Heap after GC invocations=80 (full 0):
 garbage-first heap   total 192512K, used 76759K [0x00000000a0000000, 0x0000000100000000)
  region size 1024K, 5 young (5120K), 5 survivors (5120K)
 Metaspace       used 65638K, committed 67136K, reserved 491520K
  class space    used 8945K, committed 9664K, reserved 425984K
}
Event: 61.207 GC heap before
{Heap before GC invocations=81 (full 0):
 garbage-first heap   total 192512K, used 181207K [0x00000000a0000000, 0x0000000100000000)
  region size 1024K, 107 young (109568K), 5 survivors (5120K)
 Metaspace       used 65638K, committed 67136K, reserved 491520K
  class space    used 8945K, committed 9664K, reserved 425984K
}
Event: 61.213 GC heap after
{Heap after GC invocations=82 (full 0):
 garbage-first heap   total 192512K, used 77314K [0x00000000a0000000, 0x0000000100000000)
  region size 1024K, 5 young (5120K), 5 survivors (5120K)
 Metaspace       used 65638K, committed 67136K, reserved 491520K
  class space    used 8945K, committed 9664K, reserved 425984K
}
Event: 61.611 GC heap before
{Heap before GC invocations=82 (full 0):
 garbage-first heap   total 192512K, used 181762K [0x00000000a0000000, 0x0000000100000000)
  region size 1024K, 107 young (109568K), 5 survivors (5120K)
 Metaspace       used 65638K, committed 67136K, reserved 491520K
  class space    used 8945K, committed 9664K, reserved 425984K
}
Event: 61.619 GC heap after
{Heap after GC invocations=83 (full 0):
 garbage-first heap   total 192512K, used 77450K [0x00000000a0000000, 0x0000000100000000)
  region size 1024K, 5 young (5120K), 5 survivors (5120K)
 Metaspace       used 65638K, committed 67136K, reserved 491520K
  class space    used 8945K, committed 9664K, reserved 425984K
}
Event: 61.842 GC heap before
{Heap before GC invocations=83 (full 0):
 garbage-first heap   total 192512K, used 157322K [0x00000000a0000000, 0x0000000100000000)
  region size 1024K, 84 young (86016K), 5 survivors (5120K)
 Metaspace       used 65638K, committed 67136K, reserved 491520K
  class space    used 8945K, committed 9664K, reserved 425984K
}
Event: 61.848 GC heap after
{Heap after GC invocations=84 (full 0):
 garbage-first heap   total 192512K, used 77583K [0x00000000a0000000, 0x0000000100000000)
  region size 1024K, 5 young (5120K), 5 survivors (5120K)
 Metaspace       used 65638K, committed 67136K, reserved 491520K
  class space    used 8945K, committed 9664K, reserved 425984K
}
Event: 62.338 GC heap before
{Heap before GC invocations=85 (full 0):
 garbage-first heap   total 192512K, used 182031K [0x00000000a0000000, 0x0000000100000000)
  region size 1024K, 106 young (108544K), 5 survivors (5120K)
 Metaspace       used 65644K, committed 67200K, reserved 491520K
  class space    used 8945K, committed 9664K, reserved 425984K
}
Event: 62.345 GC heap after
{Heap after GC invocations=86 (full 0):
 garbage-first heap   total 192512K, used 78347K [0x00000000a0000000, 0x0000000100000000)
  region size 1024K, 5 young (5120K), 5 survivors (5120K)
 Metaspace       used 65644K, committed 67200K, reserved 491520K
  class space    used 8945K, committed 9664K, reserved 425984K
}
Event: 62.584 GC heap before
{Heap before GC invocations=86 (full 0):
 garbage-first heap   total 192512K, used 181771K [0x00000000a0000000, 0x0000000100000000)
  region size 1024K, 106 young (108544K), 5 survivors (5120K)
 Metaspace       used 65648K, committed 67200K, reserved 491520K
  class space    used 8945K, committed 9664K, reserved 425984K
}
Event: 62.591 GC heap after
{Heap after GC invocations=87 (full 0):
 garbage-first heap   total 192512K, used 79245K [0x00000000a0000000, 0x0000000100000000)
  region size 1024K, 6 young (6144K), 6 survivors (6144K)
 Metaspace       used 65648K, committed 67200K, reserved 491520K
  class space    used 8945K, committed 9664K, reserved 425984K
}
Event: 62.979 GC heap before
{Heap before GC invocations=88 (full 0):
 garbage-first heap   total 192512K, used 181645K [0x00000000a0000000, 0x0000000100000000)
  region size 1024K, 106 young (108544K), 6 survivors (6144K)
 Metaspace       used 65648K, committed 67200K, reserved 491520K
  class space    used 8945K, committed 9664K, reserved 425984K
}
Event: 62.987 GC heap after
{Heap after GC invocations=89 (full 0):
 garbage-first heap   total 192512K, used 79940K [0x00000000a0000000, 0x0000000100000000)
  region size 1024K, 6 young (6144K), 6 survivors (6144K)
 Metaspace       used 65648K, committed 67200K, reserved 491520K
  class space    used 8945K, committed 9664K, reserved 425984K
}
Event: 63.488 GC heap before
{Heap before GC invocations=89 (full 0):
 garbage-first heap   total 192512K, used 181316K [0x00000000a0000000, 0x0000000100000000)
  region size 1024K, 105 young (107520K), 6 survivors (6144K)
 Metaspace       used 65648K, committed 67200K, reserved 491520K
  class space    used 8945K, committed 9664K, reserved 425984K
}
Event: 63.495 GC heap after
{Heap after GC invocations=90 (full 0):
 garbage-first heap   total 231424K, used 80168K [0x00000000a0000000, 0x0000000100000000)
  region size 1024K, 6 young (6144K), 6 survivors (6144K)
 Metaspace       used 65648K, committed 67200K, reserved 491520K
  class space    used 8945K, committed 9664K, reserved 425984K
}
Event: 64.022 GC heap before
{Heap before GC invocations=91 (full 0):
 garbage-first heap   total 231424K, used 212264K [0x00000000a0000000, 0x0000000100000000)
  region size 1024K, 135 young (138240K), 6 survivors (6144K)
 Metaspace       used 65649K, committed 67200K, reserved 491520K
  class space    used 8945K, committed 9664K, reserved 425984K
}
Event: 64.031 GC heap after
{Heap after GC invocations=92 (full 0):
 garbage-first heap   total 231424K, used 81166K [0x00000000a0000000, 0x0000000100000000)
  region size 1024K, 7 young (7168K), 7 survivors (7168K)
 Metaspace       used 65649K, committed 67200K, reserved 491520K
  class space    used 8945K, committed 9664K, reserved 425984K
}

Dll operation events (3 events):
Event: 0.038 Loaded shared library C:\Program Files\Android\Android Studio\jbr\bin\java.dll
Event: 0.053 Loaded shared library C:\Program Files\Android\Android Studio\jbr\bin\zip.dll
Event: 1.741 Loaded shared library C:\Program Files\Android\Android Studio\jbr\bin\verify.dll

Deoptimization events (20 events):
Event: 59.859 Thread 0x000001cf35b761c0 DEOPT PACKING pc=0x000001cf238e40a8 sp=0x0000008434af70c0
Event: 59.859 Thread 0x000001cf35b761c0 DEOPT UNPACKING pc=0x000001cf22ee7aa2 sp=0x0000008434af7058 mode 2
Event: 63.457 Thread 0x000001cf35b761c0 Uncommon trap: trap_request=0xffffff45 fr.pc=0x000001cf2385c618 relative=0x0000000000000ed8
Event: 63.457 Thread 0x000001cf35b761c0 Uncommon trap: reason=unstable_if action=reinterpret pc=0x000001cf2385c618 method=org.gradle.api.internal.runtimeshaded.RuntimeShadedJarCreator.processEntry(Lorg/gradle/internal/classpath/ClasspathBuilder$EntryBuilder;Lorg/gradle/internal/classpath/Classp
Event: 63.457 Thread 0x000001cf35b761c0 DEOPT PACKING pc=0x000001cf2385c618 sp=0x0000008434af7650
Event: 63.457 Thread 0x000001cf35b761c0 DEOPT UNPACKING pc=0x000001cf22ee7aa2 sp=0x0000008434af7558 mode 2
Event: 63.554 Thread 0x000001cf35b761c0 Uncommon trap: trap_request=0xffffff45 fr.pc=0x000001cf238fa1c0 relative=0x0000000000000e80
Event: 63.554 Thread 0x000001cf35b761c0 Uncommon trap: reason=unstable_if action=reinterpret pc=0x000001cf238fa1c0 method=org.gradle.api.internal.runtimeshaded.RuntimeShadedJarCreator.processEntry(Lorg/gradle/internal/classpath/ClasspathBuilder$EntryBuilder;Lorg/gradle/internal/classpath/Classp
Event: 63.554 Thread 0x000001cf35b761c0 DEOPT PACKING pc=0x000001cf238fa1c0 sp=0x0000008434af75b0
Event: 63.554 Thread 0x000001cf35b761c0 DEOPT UNPACKING pc=0x000001cf22ee7aa2 sp=0x0000008434af75a0 mode 2
Event: 63.666 Thread 0x000001cf35b761c0 DEOPT PACKING pc=0x000001cf1b9c72d7 sp=0x0000008434af6f10
Event: 63.666 Thread 0x000001cf35b761c0 DEOPT UNPACKING pc=0x000001cf22ee85e2 sp=0x0000008434af63a8 mode 0
Event: 63.710 Thread 0x000001cf35b761c0 Uncommon trap: trap_request=0xffffff45 fr.pc=0x000001cf239403cc relative=0x000000000000b40c
Event: 63.710 Thread 0x000001cf35b761c0 Uncommon trap: reason=unstable_if action=reinterpret pc=0x000001cf239403cc method=org.objectweb.asm.ClassReader.readCode(Lorg/objectweb/asm/MethodVisitor;Lorg/objectweb/asm/Context;I)V @ 119 c2
Event: 63.710 Thread 0x000001cf35b761c0 DEOPT PACKING pc=0x000001cf239403cc sp=0x0000008434af7060
Event: 63.710 Thread 0x000001cf35b761c0 DEOPT UNPACKING pc=0x000001cf22ee7aa2 sp=0x0000008434af7008 mode 2
Event: 63.749 Thread 0x000001cf35b761c0 Uncommon trap: trap_request=0xffffff45 fr.pc=0x000001cf235941a8 relative=0x00000000000004a8
Event: 63.749 Thread 0x000001cf35b761c0 Uncommon trap: reason=unstable_if action=reinterpret pc=0x000001cf235941a8 method=org.objectweb.asm.MethodWriter.visitVarInsn(II)V @ 20 c2
Event: 63.749 Thread 0x000001cf35b761c0 DEOPT PACKING pc=0x000001cf235941a8 sp=0x0000008434af6d50
Event: 63.749 Thread 0x000001cf35b761c0 DEOPT UNPACKING pc=0x000001cf22ee7aa2 sp=0x0000008434af6cf8 mode 2

Classes loaded (20 events):
Event: 43.069 Loading class java/lang/ThreadDeath
Event: 43.070 Loading class java/lang/ThreadDeath done
Event: 43.070 Loading class sun/misc/SharedSecrets
Event: 43.070 Loading class sun/misc/SharedSecrets done
Event: 49.958 Loading class java/lang/Override
Event: 49.958 Loading class java/lang/Override done
Event: 50.772 Loading class java/lang/ClassBeanInfo
Event: 50.772 Loading class java/lang/ClassBeanInfo done
Event: 50.773 Loading class java/lang/ClassBeanInfo
Event: 50.773 Loading class java/lang/ClassBeanInfo done
Event: 50.774 Loading class java/lang/ClassCustomizer
Event: 50.774 Loading class java/lang/ClassCustomizer done
Event: 50.774 Loading class java/lang/ClassCustomizer
Event: 50.774 Loading class java/lang/ClassCustomizer done
Event: 51.336 Loading class java/util/Collections$SynchronizedRandomAccessList
Event: 51.337 Loading class java/util/Collections$SynchronizedList
Event: 51.338 Loading class java/util/Collections$SynchronizedList done
Event: 51.338 Loading class java/util/Collections$SynchronizedRandomAccessList done
Event: 58.699 Loading class java/util/regex/Pattern$Caret
Event: 58.707 Loading class java/util/regex/Pattern$Caret done

Classes unloaded (20 events):
Event: 27.257 Thread 0x000001cf2f4086c0 Unloading class 0x00000001007c4000 '_BuildScript_$_run_closure1'
Event: 27.257 Thread 0x000001cf2f4086c0 Unloading class 0x00000001007bc000 '_BuildScript_'
Event: 36.167 Thread 0x000001cf2f4086c0 Unloading class 0x000000010083c988 '_BuildScript_$_run_closure1$_closure2'
Event: 36.167 Thread 0x000001cf2f4086c0 Unloading class 0x000000010083c568 '_BuildScript_$_run_closure1'
Event: 36.167 Thread 0x000001cf2f4086c0 Unloading class 0x000000010083c000 '_BuildScript_'
Event: 46.539 Thread 0x000001cf2f4086c0 Unloading class 0x0000000100908988 '_BuildScript_$_run_closure2'
Event: 46.539 Thread 0x000001cf2f4086c0 Unloading class 0x0000000100908568 '_BuildScript_$_run_closure1'
Event: 46.539 Thread 0x000001cf2f4086c0 Unloading class 0x0000000100908000 '_BuildScript_'
Event: 53.624 Thread 0x000001cf2f4086c0 Unloading class 0x0000000100914988 '_BuildScript_$_run_closure1$_closure2'
Event: 53.624 Thread 0x000001cf2f4086c0 Unloading class 0x0000000100914568 '_BuildScript_$_run_closure1'
Event: 53.624 Thread 0x000001cf2f4086c0 Unloading class 0x0000000100914000 '_BuildScript_'
Event: 58.873 Thread 0x000001cf2f4086c0 Unloading class 0x0000000100919a08 '_BuildScript_$_run_closure1$_closure3'
Event: 58.873 Thread 0x000001cf2f4086c0 Unloading class 0x00000001009195e8 '_BuildScript_$_run_closure1$_closure2'
Event: 58.873 Thread 0x000001cf2f4086c0 Unloading class 0x00000001009191c8 '_BuildScript_$_run_closure1'
Event: 58.873 Thread 0x000001cf2f4086c0 Unloading class 0x0000000100918c60 '_BuildScript_'
Event: 58.873 Thread 0x000001cf2f4086c0 Unloading class 0x0000000100918840 'JetGradlePlugin$_apply_closure1$_closure2$_closure3'
Event: 58.873 Thread 0x000001cf2f4086c0 Unloading class 0x0000000100918420 'JetGradlePlugin$_apply_closure1$_closure2'
Event: 58.873 Thread 0x000001cf2f4086c0 Unloading class 0x0000000100918000 'JetGradlePlugin$_apply_closure1'
Event: 58.873 Thread 0x000001cf2f4086c0 Unloading class 0x0000000100916b00 'JetGradlePlugin'
Event: 58.873 Thread 0x000001cf2f4086c0 Unloading class 0x0000000100916800 'RegistryProcessor'

Classes redefined (0 events):
No events

Internal exceptions (20 events):
Event: 51.291 Thread 0x000001cf35b761c0 Exception <a 'sun/nio/fs/WindowsException'{0x00000000a9087868}> (0x00000000a9087868) 
thrown [s\src\hotspot\share\prims\jni.cpp, line 537]
Event: 51.292 Thread 0x000001cf35b761c0 Exception <a 'sun/nio/fs/WindowsException'{0x00000000a9089070}> (0x00000000a9089070) 
thrown [s\src\hotspot\share\prims\jni.cpp, line 537]
Event: 51.298 Thread 0x000001cf35b761c0 Exception <a 'java/lang/NoSuchMethodError'{0x00000000a9099810}: 'java.lang.Object java.lang.invoke.Invokers$Holder.invoker(java.lang.Object, java.lang.Object, java.lang.Object, java.lang.Object, java.lang.Object, java.lang.Object)'> (0x00000000a9099810) 
thrown [s\src\hotspot\share\interpreter\linkResolver.cpp, line 784]
Event: 51.353 Thread 0x000001cf35b761c0 Exception <a 'java/lang/NoSuchMethodError'{0x00000000a8f78f88}: 'java.lang.Object java.lang.invoke.Invokers$Holder.invoker(java.lang.Object, java.lang.Object, java.lang.Object, java.lang.Object, java.lang.Object)'> (0x00000000a8f78f88) 
thrown [s\src\hotspot\share\interpreter\linkResolver.cpp, line 784]
Event: 51.356 Thread 0x000001cf35b761c0 Exception <a 'sun/nio/fs/WindowsException'{0x00000000a8f8e838}> (0x00000000a8f8e838) 
thrown [s\src\hotspot\share\prims\jni.cpp, line 537]
Event: 51.358 Thread 0x000001cf35b761c0 Exception <a 'sun/nio/fs/WindowsException'{0x00000000a8f91378}> (0x00000000a8f91378) 
thrown [s\src\hotspot\share\prims\jni.cpp, line 537]
Event: 51.358 Thread 0x000001cf35b761c0 Exception <a 'sun/nio/fs/WindowsException'{0x00000000a8f928f0}> (0x00000000a8f928f0) 
thrown [s\src\hotspot\share\prims\jni.cpp, line 537]
Event: 51.362 Thread 0x000001cf35b761c0 Exception <a 'java/lang/NoSuchMethodError'{0x00000000a8f9b840}: 'java.lang.Object java.lang.invoke.DirectMethodHandle$Holder.invokeSpecial(java.lang.Object, java.lang.Object, java.lang.Object, java.lang.Object, java.lang.Object, java.lang.Object, java.lang.Object, java.lang.Object, java.lang.Object, java.lang.Object, java.lang.Object, java.lang.Object, java.lang.Object, java.lang.Object, java.lang.Object, java.lang.Object, java.lang.Object, java.lang.Object, java.lang.Object, java.lang.Object, java.lang.Ob
Event: 51.362 Thread 0x000001cf35b761c0 Exception <a 'java/lang/NoSuchMethodError'{0x00000000a8fa1728}: 'java.lang.Object java.lang.invoke.DelegatingMethodHandle$Holder.reinvoke_L(java.lang.Object, java.lang.Object, java.lang.Object, java.lang.Object, java.lang.Object, java.lang.Object, java.lang.Object, java.lang.Object, java.lang.Object, java.lang.Object, java.lang.Object, java.lang.Object, java.lang.Object, java.lang.Object, java.lang.Object, java.lang.Object, java.lang.Object, java.lang.Object, java.lang.Object, java.lang.Object, java.lang.O
Event: 51.363 Thread 0x000001cf35b761c0 Exception <a 'java/lang/NoSuchMethodError'{0x00000000a8facec0}: 'java.lang.Object java.lang.invoke.Invokers$Holder.invoker(java.lang.Object, java.lang.Object, java.lang.Object, java.lang.Object, java.lang.Object, java.lang.Object, java.lang.Object, java.lang.Object, java.lang.Object, java.lang.Object, java.lang.Object, java.lang.Object, java.lang.Object, java.lang.Object, java.lang.Object, java.lang.Object, java.lang.Object, java.lang.Object, java.lang.Object, java.lang.Object, java.lang.Object, java.lang.
Event: 51.363 Thread 0x000001cf35b761c0 Exception <a 'java/lang/NoSuchMethodError'{0x00000000a8fb35d8}: 'java.lang.Object java.lang.invoke.DelegatingMethodHandle$Holder.delegate(java.lang.Object, java.lang.Object, java.lang.Object, java.lang.Object, java.lang.Object, java.lang.Object, java.lang.Object, java.lang.Object, java.lang.Object, java.lang.Object, java.lang.Object, java.lang.Object, java.lang.Object, java.lang.Object, java.lang.Object, java.lang.Object, java.lang.Object, java.lang.Object, java.lang.Object, java.lang.Object, java.lang.Obj
Event: 51.545 Thread 0x000001cf35b761c0 Exception <a 'sun/nio/fs/WindowsException'{0x00000000a7ff0538}> (0x00000000a7ff0538) 
thrown [s\src\hotspot\share\prims\jni.cpp, line 537]
Event: 51.573 Thread 0x000001cf35b761c0 Exception <a 'sun/nio/fs/WindowsException'{0x00000000a7ec8de8}> (0x00000000a7ec8de8) 
thrown [s\src\hotspot\share\prims\jni.cpp, line 537]
Event: 51.575 Thread 0x000001cf35b761c0 Exception <a 'sun/nio/fs/WindowsException'{0x00000000a7eca9f0}> (0x00000000a7eca9f0) 
thrown [s\src\hotspot\share\prims\jni.cpp, line 537]
Event: 51.576 Thread 0x000001cf35b761c0 Exception <a 'sun/nio/fs/WindowsException'{0x00000000a7ecc318}> (0x00000000a7ecc318) 
thrown [s\src\hotspot\share\prims\jni.cpp, line 537]
Event: 51.593 Thread 0x000001cf35b761c0 Implicit null exception at 0x000001cf2374fe41 to 0x000001cf23750074
Event: 51.593 Thread 0x000001cf35b761c0 Implicit null exception at 0x000001cf23672a5c to 0x000001cf236735dc
Event: 51.594 Thread 0x000001cf35b761c0 Implicit null exception at 0x000001cf23751a6d to 0x000001cf23751dd4
Event: 56.361 Thread 0x000001cf34ba2040 Exception <a 'sun/nio/fs/WindowsException'{0x00000000a6404c78}> (0x00000000a6404c78) 
thrown [s\src\hotspot\share\prims\jni.cpp, line 537]
Event: 56.378 Thread 0x000001cf34ba2040 Exception <a 'sun/nio/fs/WindowsException'{0x00000000a6308c48}> (0x00000000a6308c48) 
thrown [s\src\hotspot\share\prims\jni.cpp, line 537]

ZGC Phase Switch (0 events):
No events

VM Operations (20 events):
Event: 62.008 Executing VM operation: G1PauseCleanup
Event: 62.008 Executing VM operation: G1PauseCleanup done
Event: 62.338 Executing VM operation: G1CollectForAllocation (G1 Evacuation Pause)
Event: 62.345 Executing VM operation: G1CollectForAllocation (G1 Evacuation Pause) done
Event: 62.584 Executing VM operation: G1CollectForAllocation (G1 Evacuation Pause)
Event: 62.591 Executing VM operation: G1CollectForAllocation (G1 Evacuation Pause) done
Event: 62.709 Executing VM operation: G1PauseRemark
Event: 62.716 Executing VM operation: G1PauseRemark done
Event: 62.747 Executing VM operation: G1PauseCleanup
Event: 62.748 Executing VM operation: G1PauseCleanup done
Event: 62.979 Executing VM operation: G1CollectForAllocation (G1 Evacuation Pause)
Event: 62.987 Executing VM operation: G1CollectForAllocation (G1 Evacuation Pause) done
Event: 63.488 Executing VM operation: G1CollectForAllocation (G1 Evacuation Pause)
Event: 63.495 Executing VM operation: G1CollectForAllocation (G1 Evacuation Pause) done
Event: 63.607 Executing VM operation: G1PauseRemark
Event: 63.615 Executing VM operation: G1PauseRemark done
Event: 63.647 Executing VM operation: G1PauseCleanup
Event: 63.648 Executing VM operation: G1PauseCleanup done
Event: 64.022 Executing VM operation: G1CollectForAllocation (G1 Evacuation Pause)
Event: 64.031 Executing VM operation: G1CollectForAllocation (G1 Evacuation Pause) done

Memory protections (0 events):
No events

Nmethod flushes (20 events):
Event: 61.973 Thread 0x000001cf2f4086c0 flushing  nmethod 0x000001cf1bdef290
Event: 61.973 Thread 0x000001cf2f4086c0 flushing  nmethod 0x000001cf1bdf6510
Event: 63.614 Thread 0x000001cf2f4086c0 flushing  nmethod 0x000001cf1b2f2a10
Event: 63.614 Thread 0x000001cf2f4086c0 flushing  nmethod 0x000001cf1b8bfb10
Event: 63.614 Thread 0x000001cf2f4086c0 flushing  nmethod 0x000001cf1b38da10
Event: 63.614 Thread 0x000001cf2f4086c0 flushing  nmethod 0x000001cf1b7ead90
Event: 63.614 Thread 0x000001cf2f4086c0 flushing  nmethod 0x000001cf1bb9f210
Event: 63.614 Thread 0x000001cf2f4086c0 flushing  nmethod 0x000001cf1bba0290
Event: 63.614 Thread 0x000001cf2f4086c0 flushing  nmethod 0x000001cf1bd33e90
Event: 63.614 Thread 0x000001cf2f4086c0 flushing  nmethod 0x000001cf1b29a490
Event: 63.614 Thread 0x000001cf2f4086c0 flushing  nmethod 0x000001cf1b3a6890
Event: 63.614 Thread 0x000001cf2f4086c0 flushing  nmethod 0x000001cf1b4c7990
Event: 63.614 Thread 0x000001cf2f4086c0 flushing  nmethod 0x000001cf1b9e1990
Event: 63.614 Thread 0x000001cf2f4086c0 flushing  nmethod 0x000001cf1bdeee10
Event: 63.614 Thread 0x000001cf2f4086c0 flushing  nmethod 0x000001cf1bdf4a10
Event: 63.614 Thread 0x000001cf2f4086c0 flushing  nmethod 0x000001cf1b2eb710
Event: 63.614 Thread 0x000001cf2f4086c0 flushing  nmethod 0x000001cf1bbfd210
Event: 63.614 Thread 0x000001cf2f4086c0 flushing  nmethod 0x000001cf1bbfe590
Event: 63.614 Thread 0x000001cf2f4086c0 flushing  nmethod 0x000001cf1bde6110
Event: 63.614 Thread 0x000001cf2f4086c0 flushing  nmethod 0x000001cf1bde6690

Events (20 events):
Event: 7.626 Thread 0x000001cf35b761c0 Thread added: 0x000001cf3439fb20
Event: 8.690 Thread 0x000001cf35b761c0 Thread added: 0x000001cf343a1560
Event: 8.710 Thread 0x000001cf35b761c0 Thread added: 0x000001cf343a0840
Event: 9.425 Thread 0x000001cf35b761c0 Thread added: 0x000001cf343a1bf0
Event: 12.486 Thread 0x000001cf35b761c0 Thread added: 0x000001cf3439ee00
Event: 12.961 Thread 0x000001cf35b761c0 Thread added: 0x000001cf34e091e0
Event: 12.971 Thread 0x000001cf35b761c0 Thread added: 0x000001cf34e077a0
Event: 17.106 Thread 0x000001cf35b761c0 Thread added: 0x000001cf34e084c0
Event: 17.106 Thread 0x000001cf35b761c0 Thread added: 0x000001cf34e05d60
Event: 17.107 Thread 0x000001cf35b761c0 Thread added: 0x000001cf34e063f0
Event: 17.107 Thread 0x000001cf35b761c0 Thread added: 0x000001cf34e09870
Event: 19.154 Thread 0x000001cf35b761c0 Thread added: 0x000001cf34e06a80
Event: 19.330 Thread 0x000001cf35b761c0 Thread added: 0x000001cf34e0a590
Event: 19.359 Thread 0x000001cf35b761c0 Thread added: 0x000001cf34e07e30
Event: 19.790 Thread 0x000001cf35b761c0 Thread added: 0x000001cf34e07110
Event: 27.417 Thread 0x000001cf35b761c0 Thread added: 0x000001cf34e0b2b0
Event: 27.421 Thread 0x000001cf35b761c0 Thread added: 0x000001cf34e0ccf0
Event: 44.218 Thread 0x000001cf35b761c0 Thread added: 0x000001cf3847e300
Event: 44.220 Thread 0x000001cf35b761c0 Thread added: 0x000001cf3847e990
Event: 44.223 Thread 0x000001cf35b761c0 Thread added: 0x000001cf3847bba0


Dynamic libraries:
0x00007ff67ece0000 - 0x00007ff67ecea000 	C:\Program Files\Android\Android Studio\jbr\bin\java.exe
0x00007ffbe5000000 - 0x00007ffbe5267000 	C:\WINDOWS\SYSTEM32\ntdll.dll
0x00007ffbe4290000 - 0x00007ffbe4359000 	C:\WINDOWS\System32\KERNEL32.DLL
0x00007ffbe1b20000 - 0x00007ffbe1f11000 	C:\WINDOWS\System32\KERNELBASE.dll
0x00007ffbe2a20000 - 0x00007ffbe2b6b000 	C:\WINDOWS\System32\ucrtbase.dll
0x00007ffbbb130000 - 0x00007ffbbb14b000 	C:\Program Files\Android\Android Studio\jbr\bin\VCRUNTIME140.dll
0x00007ffbdece0000 - 0x00007ffbdecf8000 	C:\Program Files\Android\Android Studio\jbr\bin\jli.dll
0x00007ffbe3190000 - 0x00007ffbe3355000 	C:\WINDOWS\System32\USER32.dll
0x00007ffbe2ce0000 - 0x00007ffbe2d07000 	C:\WINDOWS\System32\win32u.dll
0x00007ffbe2da0000 - 0x00007ffbe2dcb000 	C:\WINDOWS\System32\GDI32.dll
0x00007ffbe1f20000 - 0x00007ffbe204b000 	C:\WINDOWS\System32\gdi32full.dll
0x00007ffbc9150000 - 0x00007ffbc93e3000 	C:\WINDOWS\WinSxS\amd64_microsoft.windows.common-controls_6595b64144ccf1df_6.0.26100.8037_none_3e092faae333b53b\COMCTL32.dll
0x00007ffbe2050000 - 0x00007ffbe20f3000 	C:\WINDOWS\System32\msvcp_win.dll
0x00007ffbe2dd0000 - 0x00007ffbe2e79000 	C:\WINDOWS\System32\msvcrt.dll
0x00007ffbe4f80000 - 0x00007ffbe4fb1000 	C:\WINDOWS\System32\IMM32.DLL
0x00007ffbc8ab0000 - 0x00007ffbc8abc000 	C:\Program Files\Android\Android Studio\jbr\bin\vcruntime140_1.dll
0x00007ffbb5580000 - 0x00007ffbb560d000 	C:\Program Files\Android\Android Studio\jbr\bin\msvcp140.dll
0x00007ffb4e8a0000 - 0x00007ffb4f536000 	C:\Program Files\Android\Android Studio\jbr\bin\server\jvm.dll
0x00007ffbe4420000 - 0x00007ffbe44db000 	C:\WINDOWS\System32\ADVAPI32.dll
0x00007ffbe45a0000 - 0x00007ffbe4647000 	C:\WINDOWS\System32\sechost.dll
0x00007ffbe4650000 - 0x00007ffbe4768000 	C:\WINDOWS\System32\RPCRT4.dll
0x00007ffbe4770000 - 0x00007ffbe47e4000 	C:\WINDOWS\System32\WS2_32.dll
0x00007ffbc9f60000 - 0x00007ffbc9f95000 	C:\WINDOWS\SYSTEM32\WINMM.dll
0x00007ffbe1760000 - 0x00007ffbe17be000 	C:\WINDOWS\SYSTEM32\POWRPROF.dll
0x00007ffbd54a0000 - 0x00007ffbd54ab000 	C:\WINDOWS\SYSTEM32\VERSION.dll
0x00007ffbe1740000 - 0x00007ffbe1754000 	C:\WINDOWS\SYSTEM32\UMPDC.dll
0x00007ffbe0670000 - 0x00007ffbe068b000 	C:\WINDOWS\SYSTEM32\kernel.appcore.dll
0x00007ffbc8a80000 - 0x00007ffbc8a8a000 	C:\Program Files\Android\Android Studio\jbr\bin\jimage.dll
0x00007ffbdf810000 - 0x00007ffbdfa52000 	C:\WINDOWS\SYSTEM32\DBGHELP.DLL
0x00007ffbe3360000 - 0x00007ffbe36e2000 	C:\WINDOWS\System32\combase.dll
0x00007ffbe41b0000 - 0x00007ffbe4287000 	C:\WINDOWS\System32\OLEAUT32.dll
0x00007ffbc13d0000 - 0x00007ffbc140b000 	C:\WINDOWS\SYSTEM32\dbgcore.DLL
0x00007ffbe2970000 - 0x00007ffbe2a15000 	C:\WINDOWS\System32\bcryptPrimitives.dll
0x00007ffbdcc90000 - 0x00007ffbdcc9e000 	C:\Program Files\Android\Android Studio\jbr\bin\instrument.dll
0x00007ffbbb0e0000 - 0x00007ffbbb100000 	C:\Program Files\Android\Android Studio\jbr\bin\java.dll
0x00007ffbb5670000 - 0x00007ffbb5688000 	C:\Program Files\Android\Android Studio\jbr\bin\zip.dll
0x00007ffbe3a10000 - 0x00007ffbe416f000 	C:\WINDOWS\System32\SHELL32.dll
0x00007ffbe2b70000 - 0x00007ffbe2cda000 	C:\WINDOWS\System32\wintypes.dll
0x00007ffbe2100000 - 0x00007ffbe2964000 	C:\WINDOWS\System32\windows.storage.dll
0x00007ffbe3770000 - 0x00007ffbe3867000 	C:\WINDOWS\System32\SHCORE.dll
0x00007ffbe4f10000 - 0x00007ffbe4f77000 	C:\WINDOWS\System32\shlwapi.dll
0x00007ffbe1800000 - 0x00007ffbe1829000 	C:\WINDOWS\SYSTEM32\profapi.dll
0x00007ffbc89f0000 - 0x00007ffbc8a00000 	C:\Program Files\Android\Android Studio\jbr\bin\net.dll
0x00007ffbd3c70000 - 0x00007ffbd3d97000 	C:\WINDOWS\SYSTEM32\WINHTTP.dll
0x00007ffbe0be0000 - 0x00007ffbe0c4b000 	C:\WINDOWS\system32\mswsock.dll
0x00007ffbb17e0000 - 0x00007ffbb17f6000 	C:\Program Files\Android\Android Studio\jbr\bin\nio.dll
0x00007ffbc7540000 - 0x00007ffbc7550000 	C:\Program Files\Android\Android Studio\jbr\bin\verify.dll
0x00007ffbc6680000 - 0x00007ffbc66a7000 	C:\Users\OWNER\.gradle\native\c067742578af261105cb4f569cf0c3c89f3d7b1fecec35dd04571415982c5e48\windows-amd64\native-platform.dll
0x00007ffb7f2a0000 - 0x00007ffb7f3e4000 	C:\Users\OWNER\.gradle\native\38dada09dfb8b06ba9b0570ebf7e218e3eb74d4ef43ca46872605cf95ebc2f47\windows-amd64\native-platform-file-events.dll
0x00007ffbc7ba0000 - 0x00007ffbc7ba9000 	C:\Program Files\Android\Android Studio\jbr\bin\management.dll
0x00007ffbc7aa0000 - 0x00007ffbc7aab000 	C:\Program Files\Android\Android Studio\jbr\bin\management_ext.dll
0x00007ffbe4540000 - 0x00007ffbe4548000 	C:\WINDOWS\System32\PSAPI.DLL
0x00007ffbe0ec0000 - 0x00007ffbe0edb000 	C:\WINDOWS\SYSTEM32\CRYPTSP.dll
0x00007ffbe05d0000 - 0x00007ffbe0609000 	C:\WINDOWS\system32\rsaenh.dll
0x00007ffbe0c90000 - 0x00007ffbe0cc2000 	C:\WINDOWS\SYSTEM32\USERENV.dll
0x00007ffbe17d0000 - 0x00007ffbe17fa000 	C:\WINDOWS\SYSTEM32\bcrypt.dll
0x00007ffbe0ee0000 - 0x00007ffbe0eec000 	C:\WINDOWS\SYSTEM32\CRYPTBASE.dll
0x00007ffbe0080000 - 0x00007ffbe00b3000 	C:\WINDOWS\SYSTEM32\IPHLPAPI.DLL
0x00007ffbe4180000 - 0x00007ffbe418a000 	C:\WINDOWS\System32\NSI.dll
0x00007ffbc88a0000 - 0x00007ffbc88a9000 	C:\Program Files\Android\Android Studio\jbr\bin\extnet.dll
0x00007ffb9fa50000 - 0x00007ffb9fa58000 	C:\WINDOWS\system32\wshunix.dll
0x00007ffbe0790000 - 0x00007ffbe07c6000 	C:\WINDOWS\SYSTEM32\ntmarta.dll

JVMTI agents:
C:\Users\OWNER\.gradle\wrapper\dists\gradle-8.7-bin\bhs2wmbdwecv87pi65oeuq5iu\gradle-8.7\lib\agents\gradle-instrumentation-agent-8.7.jar path:C:\Program Files\Android\Android Studio\jbr\bin\instrument.dll, loaded, initialized, instrumentlib options:none

dbghelp: loaded successfully - version: 4.0.5 - missing functions: none
symbol engine: initialized successfully - sym options: 0x614 - pdb path: .;C:\Program Files\Android\Android Studio\jbr\bin;C:\WINDOWS\SYSTEM32;C:\WINDOWS\WinSxS\amd64_microsoft.windows.common-controls_6595b64144ccf1df_6.0.26100.8037_none_3e092faae333b53b;C:\Program Files\Android\Android Studio\jbr\bin\server;C:\Users\OWNER\.gradle\native\c067742578af261105cb4f569cf0c3c89f3d7b1fecec35dd04571415982c5e48\windows-amd64;C:\Users\OWNER\.gradle\native\38dada09dfb8b06ba9b0570ebf7e218e3eb74d4ef43ca46872605cf95ebc2f47\windows-amd64

VM Arguments:
jvm_args: -XX:MaxMetaspaceSize=512m -XX:ReservedCodeCacheSize=256m --add-opens=java.base/java.util=ALL-UNNAMED --add-opens=java.base/java.lang=ALL-UNNAMED --add-opens=java.base/java.lang.invoke=ALL-UNNAMED --add-opens=java.prefs/java.util.prefs=ALL-UNNAMED --add-opens=java.base/java.nio.charset=ALL-UNNAMED --add-opens=java.base/java.net=ALL-UNNAMED --add-opens=java.base/java.util.concurrent.atomic=ALL-UNNAMED -Xmx1536m -Dfile.encoding=UTF-8 -Duser.country=IN -Duser.language=en -Duser.variant -javaagent:C:\Users\OWNER\.gradle\wrapper\dists\gradle-8.7-bin\bhs2wmbdwecv87pi65oeuq5iu\gradle-8.7\lib\agents\gradle-instrumentation-agent-8.7.jar 
java_command: org.gradle.launcher.daemon.bootstrap.GradleDaemon 8.7
java_class_path (initial): C:\Users\OWNER\.gradle\wrapper\dists\gradle-8.7-bin\bhs2wmbdwecv87pi65oeuq5iu\gradle-8.7\lib\gradle-launcher-8.7.jar
Launcher Type: SUN_STANDARD

[Global flags]
     intx CICompilerCount                          = 3                                         {product} {ergonomic}
   size_t CompressedClassSpaceSize                 = 436207616                                 {product} {ergonomic}
     uint ConcGCThreads                            = 1                                         {product} {ergonomic}
     uint G1ConcRefinementThreads                  = 4                                         {product} {ergonomic}
   size_t G1HeapRegionSize                         = 1048576                                   {product} {ergonomic}
    uintx GCDrainStackTargetSize                   = 64                                        {product} {ergonomic}
   size_t InitialHeapSize                          = 65011712                                  {product} {ergonomic}
   size_t MarkStackSize                            = 4194304                                   {product} {ergonomic}
   size_t MaxHeapSize                              = 1610612736                                {product} {command line}
   size_t MaxMetaspaceSize                         = 536870912                                 {product} {command line}
   size_t MaxNewSize                               = 965738496                                 {product} {ergonomic}
   size_t MinHeapDeltaBytes                        = 1048576                                   {product} {ergonomic}
   size_t MinHeapSize                              = 8388608                                   {product} {ergonomic}
    uintx NonNMethodCodeHeapSize                   = 5832780                                {pd product} {ergonomic}
    uintx NonProfiledCodeHeapSize                  = 131301338                              {pd product} {ergonomic}
    uintx ProfiledCodeHeapSize                     = 131301338                              {pd product} {ergonomic}
    uintx ReservedCodeCacheSize                    = 268435456                              {pd product} {command line}
     bool SegmentedCodeCache                       = true                                      {product} {ergonomic}
   size_t SoftMaxHeapSize                          = 1610612736                             {manageable} {ergonomic}
     bool UseCompressedOops                        = true                           {product lp64_product} {ergonomic}
     bool UseG1GC                                  = true                                      {product} {ergonomic}
     bool UseLargePagesIndividualAllocation        = false                                  {pd product} {ergonomic}

Logging:
Log output configuration:
 #0: stdout all=warning uptime,level,tags foldmultilines=false
 #1: stderr all=off uptime,level,tags foldmultilines=false

Release file:
JAVA_VERSION="21.0.9" 
MODULES="java.base java.compiler java.datatransfer java.xml java.prefs java.desktop java.instrument java.logging java.management java.security.sasl java.naming java.rmi java.management.rmi java.net.http java.scripting java.security.jgss java.transaction.xa java.sql java.sql.rowset java.xml.crypto java.se java.smartcardio jdk.accessibility jdk.internal.jvmstat jdk.attach jdk.charsets jdk.internal.opt jdk.zipfs jdk.compiler jdk.crypto.ec jdk.crypto.cryptoki jdk.dynalink jdk.hotspot.agent jdk.httpserver jdk.internal.ed jdk.internal.le jdk.internal.vm.ci jdk.jartool jdk.javadoc jdk.jcmd jdk.jdeps jdk.jdwp.agent jdk.jdi jdk.jfr jdk.jlink jdk.jsobject jdk.localedata jdk.management jdk.management.agent jdk.management.jfr jdk.naming.dns jdk.naming.rmi jdk.net jdk.sctp jdk.security.auth jdk.security.jgss jdk.unsupported jdk.unsupported.desktop jdk.xml.dom" 
IMPLEMENTOR="JetBrains s.r.o." 
JAVA_RUNTIME_VERSION="21.0.9+-14787801-b1163.94" 
LIBC="default" 
OS_ARCH="x86_64" 
OS_NAME="Windows" 
SOURCE=".:git:0c757ddc9f2f" 

Environment Variables:
PATH=C:\WINDOWS\system32;C:\WINDOWS;C:\WINDOWS\System32\Wbem;C:\WINDOWS\System32\WindowsPowerShell\v1.0\;C:\WINDOWS\System32\OpenSSH\;C:\Program Files\Git\cmd;C:\Users\OWNER\AppData\Local\Microsoft\WindowsApps;C:\Users\OWNER\AppData\Local\Programs\Microsoft VS Code\bin;C:\MinGW\bin;
USERNAME=OWNER
OS=Windows_NT
PROCESSOR_IDENTIFIER=Intel64 Family 6 Model 126 Stepping 5, GenuineIntel
TMP=C:\Users\OWNER\AppData\Local\Temp
TEMP=C:\Users\OWNER\AppData\Local\Temp




Periodic native trim disabled

JNI global refs:
JNI global refs: 25, weak refs: 2

JNI global refs memory usage: 835, weak refs: 833

Process memory usage:
Resident Set Size: 370204K (9% of 3970864K total physical memory with 196220K free physical memory)

OOME stack traces (most recent first):
Classloader memory used:
Loader org.gradle.internal.classloader.VisitableURLClassLoader                         : 33791K
Loader bootstrap                                                                       : 23155K
Loader org.gradle.initialization.MixInLegacyTypesClassLoader                           : 6280K
Loader org.gradle.internal.classloader.VisitableURLClassLoader                         : 763K
Loader org.gradle.internal.classloader.VisitableURLClassLoader$InstrumentingVisitableURLClassLoader: 582K
Loader jdk.internal.loader.ClassLoaders$PlatformClassLoader                            : 522K
Loader jdk.internal.loader.ClassLoaders$AppClassLoader                                 : 230K
Loader jdk.internal.reflect.DelegatingClassLoader                                      : 189K
Loader org.gradle.groovy.scripts.internal.DefaultScriptCompilationHandler$ScriptClassLoader: 90448B
Loader org.codehaus.groovy.runtime.callsite.CallSiteClassLoader                        : 46360B

Classes loaded by more than one classloader:
Class org.gradle.internal.IoActions                                                   : loaded 3 times (x 71B)
Class org.gradle.api.Action                                                           : loaded 3 times (x 70B)
Class org.gradle.api.GradleException                                                  : loaded 3 times (x 82B)
Class org.gradle.internal.classloader.ClassLoaderHierarchy                            : loaded 2 times (x 70B)
Class org.gradle.api.internal.classpath.ManifestUtil                                  : loaded 2 times (x 71B)
Class com.google.common.collect.UnmodifiableListIterator                              : loaded 2 times (x 95B)
Class org.gradle.internal.operations.MultipleBuildOperationFailures                   : loaded 2 times (x 95B)
Class org.gradle.internal.classloader.DefaultClassLoaderFactory                       : loaded 2 times (x 82B)
Class kotlin.collections.AbstractList$Companion                                       : loaded 2 times (x 71B)
Class org.gradle.internal.classloader.ClassLoaderVisitor                              : loaded 2 times (x 76B)
Class org.gradle.api.internal.classpath.EffectiveClassPath                            : loaded 2 times (x 90B)
Class org.gradle.api.internal.DefaultClassPathProvider                                : loaded 2 times (x 76B)
Class [Lorg.gradle.api.internal.ClassPathProvider;                                    : loaded 2 times (x 69B)
Class org.gradle.api.internal.ClassPathProvider                                       : loaded 2 times (x 70B)
Class org.gradle.internal.service.UnknownServiceException                             : loaded 2 times (x 83B)
Class org.gradle.internal.classpath.TransformedClassPath                              : loaded 2 times (x 96B)
Class com.google.common.collect.Iterators$ArrayItr                                    : loaded 2 times (x 97B)
Class kotlin.enums.EnumEntriesList                                                    : loaded 2 times (x 223B)
Class com.google.common.collect.UnmodifiableIterator                                  : loaded 2 times (x 80B)
Class org.gradle.internal.service.ServiceLocator                                      : loaded 2 times (x 70B)
Class com.google.common.collect.Iterators                                             : loaded 2 times (x 71B)
Class com.google.common.collect.Lists$StringAsImmutableList                           : loaded 2 times (x 207B)
Class org.gradle.internal.InternalTransformer                                         : loaded 2 times (x 70B)
Class org.gradle.internal.time.DefaultTimer                                           : loaded 2 times (x 80B)
Class org.gradle.internal.classloader.ClasspathUtil$1                                 : loaded 2 times (x 76B)
Class ijInit1_7r0cqy0fgwcdnw27yc31hmmqm                                               : loaded 2 times (x 179B)
Class org.gradle.api.internal.classpath.DefaultModuleRegistry$DefaultModule           : loaded 2 times (x 86B)
Class com.google.common.collect.AbstractIterator                                      : loaded 2 times (x 82B)
Class com.google.common.collect.AbstractIndexedListIterator                           : loaded 2 times (x 96B)
Class org.gradle.internal.time.DefaultCountdownTimer                                  : loaded 2 times (x 88B)
Class org.gradle.api.internal.classpath.Module                                        : loaded 2 times (x 70B)
Class org.gradle.api.internal.classpath.UnknownModuleException                        : loaded 2 times (x 82B)
Class org.gradle.cache.GlobalCache                                                    : loaded 2 times (x 70B)
Class org.gradle.api.internal.DefaultClassPathRegistry                                : loaded 2 times (x 76B)
Class org.gradle.api.internal.ClassPathRegistry                                       : loaded 2 times (x 70B)
Class org.gradle.internal.classpath.DefaultClassPath$ImmutableUniqueList              : loaded 2 times (x 199B)
Class sync_studio_tooling1381_7z5lzzpojatyqfrdycv8hdsmq$_run_closure1                 : loaded 2 times (x 139B)
Class org.gradle.api.UncheckedIOException                                             : loaded 2 times (x 82B)
Class com.google.common.collect.Iterators$1                                           : loaded 2 times (x 81B)
Class kotlin.UninitializedPropertyAccessException                                     : loaded 2 times (x 82B)
Class com.google.common.collect.Iterators$4                                           : loaded 2 times (x 82B)
Class org.gradle.internal.installation.GradleInstallation$1                           : loaded 2 times (x 75B)
Class org.gradle.api.internal.classpath.ModuleRegistry                                : loaded 2 times (x 70B)
Class com.google.common.collect.Iterators$5                                           : loaded 2 times (x 82B)
Class com.google.common.collect.ImmutableCollection                                   : loaded 2 times (x 125B)
Class org.gradle.api.internal.classpath.DefaultModuleRegistry                         : loaded 2 times (x 86B)
Class com.google.common.collect.Lists                                                 : loaded 2 times (x 71B)
Class com.google.common.collect.Iterators$9                                           : loaded 2 times (x 81B)
Class org.gradle.internal.time.MonotonicClock                                         : loaded 2 times (x 77B)
Class org.gradle.internal.service.ServiceLookupException                              : loaded 2 times (x 82B)
Class org.gradle.internal.classloader.ClassLoaderFactory                              : loaded 2 times (x 70B)
Class org.gradle.internal.service.CachingServiceLocator                               : loaded 2 times (x 82B)
Class org.gradle.internal.time.TimeSource                                             : loaded 2 times (x 70B)
Class kotlin.enums.EnumEntries                                                        : loaded 2 times (x 70B)
Class org.gradle.internal.exceptions.ResolutionProvider                               : loaded 2 times (x 70B)
Class org.gradle.internal.classloader.ClasspathUtil                                   : loaded 2 times (x 71B)
Class org.gradle.internal.time.TimeSource$1                                           : loaded 2 times (x 77B)
Class org.gradle.api.specs.Spec                                                       : loaded 2 times (x 70B)
Class org.gradle.internal.time.Clock                                                  : loaded 2 times (x 70B)
Class kotlin.collections.AbstractList                                                 : loaded 2 times (x 197B)
Class kotlin.collections.AbstractCollection                                           : loaded 2 times (x 117B)
Class org.gradle.internal.classloader.VisitableURLClassLoader$InstrumentingVisitableURLClassLoader: loaded 2 times (x 123B)
Class org.gradle.internal.classloader.VisitableURLClassLoader$Spec                    : loaded 2 times (x 74B)
Class org.gradle.internal.classpath.DefaultClassPath                                  : loaded 2 times (x 90B)
Class org.gradle.util.internal.DefaultGradleVersion                                   : loaded 2 times (x 82B)
Class org.gradle.internal.classloader.ClassLoaderSpec                                 : loaded 2 times (x 71B)
Class org.gradle.internal.classloader.VisitableURLClassLoader                         : loaded 2 times (x 117B)
Class org.gradle.internal.classloader.FilteringClassLoader                            : loaded 2 times (x 105B)
Class org.gradle.internal.Cast                                                        : loaded 2 times (x 71B)
Class org.gradle.internal.agents.InstrumentingClassLoader                             : loaded 2 times (x 70B)
Class org.gradle.internal.classpath.DefaultClassPath$ImmutableUniqueList$Builder      : loaded 2 times (x 75B)
Class org.gradle.internal.classpath.ClassPath                                         : loaded 2 times (x 70B)
Class org.gradle.internal.exceptions.NonGradleCauseExceptionsHolder                   : loaded 2 times (x 70B)
Class kotlin.NotImplementedError                                                      : loaded 2 times (x 82B)
Class kotlin.enums.EnumEntriesKt                                                      : loaded 2 times (x 71B)
Class sync_studio_tooling1381_7z5lzzpojatyqfrdycv8hdsmq                               : loaded 2 times (x 179B)
Class org.gradle.internal.classloader.SystemClassLoaderSpec                           : loaded 2 times (x 71B)
Class org.gradle.internal.exceptions.MultiCauseException                              : loaded 2 times (x 70B)
Class org.gradle.internal.time.CountdownTimer                                         : loaded 2 times (x 70B)
Class kotlin.jvm.internal.Intrinsics                                                  : loaded 2 times (x 71B)
Class org.gradle.tooling.model.ProjectModel                                           : loaded 2 times (x 70B)
Class kotlin.KotlinNullPointerException                                               : loaded 2 times (x 83B)
Class org.gradle.internal.exceptions.DefaultMultiCauseException                       : loaded 2 times (x 95B)
Class com.google.common.base.Preconditions                                            : loaded 2 times (x 71B)
Class com.google.common.collect.PeekingIterator                                       : loaded 2 times (x 70B)
Class org.gradle.internal.time.Time                                                   : loaded 2 times (x 71B)
Class kotlin.NoWhenBranchMatchedException                                             : loaded 2 times (x 82B)
Class org.gradle.internal.time.Timer                                                  : loaded 2 times (x 70B)
Class kotlin.jvm.internal.markers.KMappedMarker                                       : loaded 2 times (x 70B)
Class org.gradle.internal.installation.CurrentGradleInstallationLocator               : loaded 2 times (x 71B)
Class com.google.common.collect.ImmutableList                                         : loaded 2 times (x 206B)
Class org.gradle.internal.service.DefaultServiceLocator                               : loaded 2 times (x 83B)
Class org.gradle.util.GradleVersion                                                   : loaded 2 times (x 81B)
Class org.gradle.internal.installation.CurrentGradleInstallation                      : loaded 2 times (x 73B)
Class org.gradle.util.internal.GUtil                                                  : loaded 2 times (x 71B)
Class com.google.common.collect.Iterators$MergingIterator                             : loaded 2 times (x 81B)
Class org.gradle.internal.installation.GradleInstallation                             : loaded 2 times (x 75B)

---------------  S Y S T E M  ---------------

OS:
 Windows 11 , 64 bit Build 26100 (10.0.26100.7920)
OS uptime: 1 days 3:48 hours

CPU: total 4 (initial active 4) (2 cores per cpu, 2 threads per core) family 6 model 126 stepping 5 microcode 0xa0, cx8, cmov, fxsr, ht, mmx, 3dnowpref, sse, sse2, sse3, ssse3, sse4.1, sse4.2, popcnt, lzcnt, tsc, tscinvbit, avx, avx2, aes, erms, clmul, bmi1, bmi2, adx, avx512f, avx512dq, avx512cd, avx512bw, avx512vl, sha, fma, vzeroupper, avx512_vpopcntdq, avx512_vpclmulqdq, avx512_vaes, avx512_vnni, clflush, clflushopt, avx512_vbmi2, avx512_vbmi, rdtscp, rdpid, fsrm, gfni, avx512_bitalg, f16c, pku, avx512_ifma
Processor Information for the first 4 processors :
  Max Mhz: 1190, Current Mhz: 1190, Mhz Limit: 1190

Memory: 4k page, system-wide physical 3877M (183M free)
TotalPageFile size 15653M (AvailPageFile size 4M)
current process WorkingSet (physical memory assigned to process): 361M, peak: 364M
current process commit charge ("private bytes"): 464M, peak: 468M

vm_info: OpenJDK 64-Bit Server VM (21.0.9+-14787801-b1163.94) for windows-amd64 JRE (21.0.9+-14787801-b1163.94), built on 2026-01-27T21:15:44Z by "builder" with MS VC++ 16.10 / 16.11 (VS2019)

END.
